2022-07-09 04:38:38.729 +0500: INFO - Creating Logger for com.corisecio.bsf.adapter.core.logging.Activator (Start Level Event Dispatcher, com.corisecio.bsf.adapter.core.logging.console.ConsoleLoggerFactory)
2022-07-09 04:38:38.744 +0500: INFO - 01-bacl01-1300002 - Starting bundle bsf.adapter.core.logging - done (Start Level Event Dispatcher, com.corisecio.bsf.adapter.core.logging.Activator)
2022-07-09 04:38:39.041 +0500: INFO - Creating Logger for com.corisecio.bsf.adapter.core.adapter.Activator (Start Level Event Dispatcher, com.corisecio.bsf.adapter.core.logging.console.ConsoleLoggerFactory)
2022-07-09 04:38:39.057 +0500: INFO - 01-bsca01-1300001 - Starting bundle ${0} (Start Level Event Dispatcher, com.corisecio.bsf.adapter.core.adapter.Activator)
2022-07-09 04:38:39.057 +0500: INFO - 01-bsca01-1300002 - Starting bundle ${0} - done (Start Level Event Dispatcher, com.corisecio.bsf.adapter.core.adapter.Activator)
2022-07-09 04:38:41.416 +0500: INFO - Creating Logger for com.corisecio.bsf.adapter.core.main.Activator (Start Level Event Dispatcher, com.corisecio.bsf.adapter.core.logging.console.ConsoleLoggerFactory)
2022-07-09 04:38:41.416 +0500: INFO - 01-bacm01-1300001 - Starting bundle bsf.adapter.core.main (Start Level Event Dispatcher, com.corisecio.bsf.adapter.core.main.Activator)
2022-07-09 04:38:41.432 +0500: INFO - 01-bacm01-1600100 - Adapter path is C:\SOA-DEMO\Tomcat\webapps\provider\adapter (Start Level Event Dispatcher, com.corisecio.bsf.adapter.core.main.Activator)
2022-07-09 04:38:50.886 +0500: INFO - Creating Logger for com.corisecio.bsf.adapter.core.main.AdapterManager (Start Level Event Dispatcher, com.corisecio.bsf.adapter.core.logging.console.ConsoleLoggerFactory)
2022-07-09 04:38:51.854 +0500: INFO - 01-unkn00-1999992 - Info: org.eclipse.core.runtime.internal.adaptor.ContextFinder@df2d38 (Start Level Event Dispatcher, com.corisecio.bsf.adapter.core.main.AdapterManager)
2022-07-09 04:38:51.854 +0500: INFO - 01-unkn00-1999992 - Info: org.eclipse.core.runtime.internal.adaptor.ContextFinder@df2d38 (Start Level Event Dispatcher, com.corisecio.bsf.adapter.core.main.AdapterManager)
2022-07-09 04:38:51.917 +0500: INFO - 01-unkn00-1999992 - Info: Stopping Bundles ............................. (Start Level Event Dispatcher, com.corisecio.bsf.adapter.core.main.AdapterManager)
2022-07-09 04:38:51.917 +0500: INFO - 01-unkn00-1999992 - Info: 5.bsf.adapter.core.main (Start Level Event Dispatcher, com.corisecio.bsf.adapter.core.main.AdapterManager)
2022-07-09 04:38:51.917 +0500: INFO - 01-unkn00-1999992 - Info: 4.bsf.adapter.core.adapter (Start Level Event Dispatcher, com.corisecio.bsf.adapter.core.main.AdapterManager)
2022-07-09 04:38:51.917 +0500: INFO - 01-unkn00-1999992 - Info: 3.bsf.adapter.core.logging (Start Level Event Dispatcher, com.corisecio.bsf.adapter.core.main.AdapterManager)
2022-07-09 04:38:51.917 +0500: INFO - 01-unkn00-1999992 - Info: 2.org.eclipse.osgi.services (Start Level Event Dispatcher, com.corisecio.bsf.adapter.core.main.AdapterManager)
2022-07-09 04:38:51.917 +0500: INFO - 01-unkn00-1999992 - Info: 1.com.corisecio.bsf.sin.fragment.bundle (Start Level Event Dispatcher, com.corisecio.bsf.adapter.core.main.AdapterManager)
2022-07-09 04:38:51.917 +0500: INFO - 01-unkn00-1999992 - Info: 0.org.eclipse.osgi (Start Level Event Dispatcher, com.corisecio.bsf.adapter.core.main.AdapterManager)
2022-07-09 04:38:51.917 +0500: INFO - 01-unkn00-1999992 - Info: Stopping Bundles ............................. DONE (Start Level Event Dispatcher, com.corisecio.bsf.adapter.core.main.AdapterManager)
2022-07-09 04:38:51.932 +0500: INFO - 01-unkn00-1999992 - Info: Starting ... C:\SOA-DEMO\Tomcat\webapps\provider\adapter\bsf.adapter.http.base_2.1.1.0131.jar (Start Level Event Dispatcher, com.corisecio.bsf.adapter.core.main.AdapterManager)
2022-07-09 04:38:52.089 +0500: INFO - Creating Logger for com.corisecio.bsf.adapter.http.base.Activator (Start Level Event Dispatcher, com.corisecio.bsf.adapter.core.logging.console.ConsoleLoggerFactory)
2022-07-09 04:38:52.089 +0500: INFO - 01-unkn00-1999992 - Info: Starting com.corisecio.bsf.adapter.http.base (Start Level Event Dispatcher, com.corisecio.bsf.adapter.http.base.Activator)
2022-07-09 04:38:52.089 +0500: INFO - 01-unkn00-1999992 - Info: Starting com.corisecio.bsf.adapter.http.base - done (Start Level Event Dispatcher, com.corisecio.bsf.adapter.http.base.Activator)
2022-07-09 04:38:52.104 +0500: INFO - 01-unkn00-1999992 - Info: Bundlestate for bsf.adapter.http.base: 32 (Start Level Event Dispatcher, com.corisecio.bsf.adapter.core.main.AdapterManager)
2022-07-09 04:38:52.104 +0500: INFO - 01-unkn00-1999992 - Info: Starting ... C:\SOA-DEMO\Tomcat\webapps\provider\adapter\bsf.adapter.util.crypto_2.1.1.0123.jar (Start Level Event Dispatcher, com.corisecio.bsf.adapter.core.main.AdapterManager)
2022-07-09 04:38:52.479 +0500: INFO - Creating Logger for com.corisecio.bsf.adapter.http.base.GC (Thread-6, com.corisecio.bsf.adapter.core.logging.console.ConsoleLoggerFactory)
2022-07-09 04:38:52.495 +0500: INFO - 01-unkn00-1999992 - Info: Starting ... gc (Thread-6, com.corisecio.bsf.adapter.http.base.GC)
2022-07-09 04:38:52.761 +0500: INFO - Creating Logger for com.corisecio.bsf.adapter.util.crypto.Activator (Start Level Event Dispatcher, com.corisecio.bsf.adapter.core.logging.console.ConsoleLoggerFactory)
2022-07-09 04:38:52.776 +0500: INFO - 01-unkn00-1999992 - Info: Starting com.corisecio.bsf.adapter.util.crypto (Start Level Event Dispatcher, com.corisecio.bsf.adapter.util.crypto.Activator)
2022-07-09 04:38:52.792 +0500: INFO - 01-unkn00-1999992 - Info: Starting com.corisecio.bsf.adapter.util.crypto - done (Start Level Event Dispatcher, com.corisecio.bsf.adapter.util.crypto.Activator)
2022-07-09 04:38:52.792 +0500: INFO - 01-unkn00-1999992 - Info: Bundlestate for bsf.adapter.util.crypto: 32 (Start Level Event Dispatcher, com.corisecio.bsf.adapter.core.main.AdapterManager)
2022-07-09 04:38:52.792 +0500: INFO - 01-unkn00-1999992 - Info: Starting ... C:\SOA-DEMO\Tomcat\webapps\provider\adapter\bsf.adapter.util.script_2.1.1.0121.jar (Start Level Event Dispatcher, com.corisecio.bsf.adapter.core.main.AdapterManager)
2022-07-09 04:38:53.058 +0500: INFO - 01-unkn00-1999992 - Info: Bundlestate for bsf.adapter.util.script: 32 (Start Level Event Dispatcher, com.corisecio.bsf.adapter.core.main.AdapterManager)
2022-07-09 04:38:53.058 +0500: INFO - 01-unkn00-1999992 - Info: Starting ... C:\SOA-DEMO\Tomcat\webapps\provider\adapter\bsf.adapter.persistence_2.1.1.0121.jar (Start Level Event Dispatcher, com.corisecio.bsf.adapter.core.main.AdapterManager)
2022-07-09 04:38:59.245 +0500: INFO - Creating Logger for com.corisecio.bsf.adapter.persistence.Database (Start Level Event Dispatcher, com.corisecio.bsf.adapter.core.logging.console.ConsoleLoggerFactory)
2022-07-09 04:39:04.839 +0500: INFO - 01-unkn00-1999992 - Info: Bundlestate for com.corisecio.bsf.adapter.persistence: 32 (Start Level Event Dispatcher, com.corisecio.bsf.adapter.core.main.AdapterManager)
2022-07-09 04:39:04.949 +0500: INFO - 01-unkn00-1999992 - Info: Starting ... C:\SOA-DEMO\Tomcat\webapps\provider\adapter\com.corisecio.bsf.sem.impexp.base_2.1.1.0121.jar (Start Level Event Dispatcher, com.corisecio.bsf.adapter.core.main.AdapterManager)
2022-07-09 04:39:05.668 +0500: INFO - 01-unkn00-1999992 - Info: Bundlestate for com.corisecio.bsf.sem.impexp.base: 32 (Start Level Event Dispatcher, com.corisecio.bsf.adapter.core.main.AdapterManager)
2022-07-09 04:39:05.808 +0500: INFO - 01-unkn00-1999992 - Info: Starting ... C:\SOA-DEMO\Tomcat\webapps\provider\adapter\com.corisecio.bsf.icm.base_2.1.1.0121.jar (Start Level Event Dispatcher, com.corisecio.bsf.adapter.core.main.AdapterManager)
2022-07-09 04:39:06.261 +0500: INFO - 01-unkn00-1999992 - Info: Bundlestate for com.corisecio.bsf.icm.base: 32 (Start Level Event Dispatcher, com.corisecio.bsf.adapter.core.main.AdapterManager)
2022-07-09 04:39:06.261 +0500: INFO - 01-unkn00-1999992 - Info: Starting ... C:\SOA-DEMO\Tomcat\webapps\provider\adapter\com.corisecio.bsf.skm.base_2.1.1.0121.jar (Start Level Event Dispatcher, com.corisecio.bsf.adapter.core.main.AdapterManager)
2022-07-09 04:39:06.808 +0500: INFO - 05-pers01-1300001 - Starting bundle com.corisecio.bsf.skm.base (Start Level Event Dispatcher, com.corisecio.bsf.adapter.core.main.Activator)
2022-07-09 04:39:06.808 +0500: INFO - 05-pers01-1300002 - Starting bundle com.corisecio.bsf.skm.base - done (Start Level Event Dispatcher, com.corisecio.bsf.adapter.core.main.Activator)
2022-07-09 04:39:06.980 +0500: INFO - Creating Logger for com.corisecio.bsf.adapter.persistence.MyResolver (Start Level Event Dispatcher, com.corisecio.bsf.adapter.core.logging.console.ConsoleLoggerFactory)
2022-07-09 04:39:07.152 +0500: INFO - 01-unkn00-1999992 - Info: Bundlestate for com.corisecio.bsf.skm.base: 32 (Start Level Event Dispatcher, com.corisecio.bsf.adapter.core.main.AdapterManager)
2022-07-09 04:39:07.152 +0500: INFO - 01-unkn00-1999992 - Info: Starting ... C:\SOA-DEMO\Tomcat\webapps\provider\adapter\com.corisecio.bsf.sem.user.base_2.1.1.0121.jar (Start Level Event Dispatcher, com.corisecio.bsf.adapter.core.main.AdapterManager)
2022-07-09 04:39:08.715 +0500: INFO - 01-unkn00-1999992 - Info: Bundlestate for com.corisecio.bsf.sem.user.base: 32 (Start Level Event Dispatcher, com.corisecio.bsf.adapter.core.main.AdapterManager)
2022-07-09 04:39:08.730 +0500: INFO - 01-unkn00-1999992 - Info: Starting ... C:\SOA-DEMO\Tomcat\webapps\provider\adapter\com.corisecio.bsf.sem.role.base_2.1.1.0121.jar (Start Level Event Dispatcher, com.corisecio.bsf.adapter.core.main.AdapterManager)
2022-07-09 04:39:09.137 +0500: INFO - 01-unkn00-1999992 - Info: Bundlestate for com.corisecio.bsf.sem.role.base: 32 (Start Level Event Dispatcher, com.corisecio.bsf.adapter.core.main.AdapterManager)
2022-07-09 04:39:09.230 +0500: INFO - 01-unkn00-1999992 - Info: Starting ... C:\SOA-DEMO\Tomcat\webapps\provider\adapter\com.corisecio.bsf.sin.onASConsole_2.1.1.0150.jar (Start Level Event Dispatcher, com.corisecio.bsf.adapter.core.main.AdapterManager)
2022-07-09 04:39:09.730 +0500: INFO - 05-pers01-1300001 - Starting bundle com.corisecio.bsf.sin.onASConsole (Start Level Event Dispatcher, com.corisecio.bsf.adapter.core.main.Activator)
2022-07-09 04:39:09.746 +0500: INFO - 05-pers01-1300002 - Starting bundle com.corisecio.bsf.sin.onASConsole - done (Start Level Event Dispatcher, com.corisecio.bsf.adapter.core.main.Activator)
2022-07-09 04:39:09.746 +0500: INFO - 01-unkn00-1999992 - Info: Bundlestate for com.corisecio.bsf.sin.onASConsole: 32 (Start Level Event Dispatcher, com.corisecio.bsf.adapter.core.main.AdapterManager)
2022-07-09 04:39:09.746 +0500: INFO - 01-unkn00-1999992 - Info: Starting ... C:\SOA-DEMO\Tomcat\webapps\provider\adapter\bsf.adapter.http.proxy_2.1.1.0120.jar (Start Level Event Dispatcher, com.corisecio.bsf.adapter.core.main.AdapterManager)
2022-07-09 04:39:10.480 +0500: INFO - Creating Logger for com.corisecio.bsf.adapter.http.proxy.Activator (Start Level Event Dispatcher, com.corisecio.bsf.adapter.core.logging.console.ConsoleLoggerFactory)
2022-07-09 04:39:10.480 +0500: INFO - 01-unkn00-1999992 - Info: Starting com.corisecio.bsf.adapter.http.proxy (Start Level Event Dispatcher, com.corisecio.bsf.adapter.http.proxy.Activator)
2022-07-09 04:39:10.480 +0500: INFO - 01-unkn00-1999992 - Info: Starting com.corisecio.bsf.adapter.http.proxy - done (Start Level Event Dispatcher, com.corisecio.bsf.adapter.http.proxy.Activator)
2022-07-09 04:39:10.480 +0500: INFO - 01-unkn00-1999992 - Info: Bundlestate for bsf.adapter.http.proxy: 32 (Start Level Event Dispatcher, com.corisecio.bsf.adapter.core.main.AdapterManager)
2022-07-09 04:39:10.480 +0500: INFO - 01-unkn00-1999992 - Info: Starting ... C:\SOA-DEMO\Tomcat\webapps\provider\adapter\bsf.adapter.http.tomcat_2.1.1.0120.jar (Start Level Event Dispatcher, com.corisecio.bsf.adapter.core.main.AdapterManager)
2022-07-09 04:39:12.527 +0500: INFO - Creating Logger for com.corisecio.bsf.adapter.http.tomcat.Activator (Start Level Event Dispatcher, com.corisecio.bsf.adapter.core.logging.console.ConsoleLoggerFactory)
2022-07-09 04:39:12.527 +0500: INFO - 01-unkn00-1999992 - Info: Starting com.corisecio.bsf.adapter.http.tomcat (Start Level Event Dispatcher, com.corisecio.bsf.adapter.http.tomcat.Activator)
2022-07-09 04:39:12.527 +0500: INFO - 01-unkn00-1999992 - Info: Starting com.corisecio.bsf.adapter.http.tomcat - done (Start Level Event Dispatcher, com.corisecio.bsf.adapter.http.tomcat.Activator)
2022-07-09 04:39:12.590 +0500: INFO - 01-unkn00-1999992 - Info: Bundlestate for bsf.adapter.http.tomcat: 32 (Start Level Event Dispatcher, com.corisecio.bsf.adapter.core.main.AdapterManager)
2022-07-09 04:39:12.590 +0500: INFO - 01-unkn00-1999992 - Info: Starting ... C:\SOA-DEMO\Tomcat\webapps\provider\adapter\bsf.adapter.saml.base_2.3.1.0121.jar (Start Level Event Dispatcher, com.corisecio.bsf.adapter.core.main.AdapterManager)
2022-07-09 04:39:14.637 +0500: WARN - 01-bacm00-2300311 - Bundle file:/C:/SOA-DEMO/Tomcat/webapps/provider/adapter/bsf.adapter.saml.base_2.3.1.0121.jar can not be installed.  (Start Level Event Dispatcher, com.corisecio.bsf.adapter.core.main.AdapterManager)
org.osgi.framework.BundleException: The activator com.corisecio.bsf.adapter.saml.base.Activator for bundle bsf.adapter.saml.base is invalid
	at org.eclipse.osgi.framework.internal.core.AbstractBundle.loadBundleActivator(AbstractBundle.java:146)
	at org.eclipse.osgi.framework.internal.core.BundleContextImpl.start(BundleContextImpl.java:980)
	at org.eclipse.osgi.framework.internal.core.BundleHost.startWorker(BundleHost.java:346)
	at org.eclipse.osgi.framework.internal.core.AbstractBundle.start(AbstractBundle.java:265)
	at org.eclipse.osgi.framework.internal.core.AbstractBundle.start(AbstractBundle.java:257)
	at com.corisecio.bsf.adapter.core.main.AdapterManager.a(SourceFile:508)
	at com.corisecio.bsf.adapter.core.main.AdapterManager.setUpAdapter(SourceFile:459)
	at com.corisecio.bsf.adapter.core.main.services.CoreMainInstallationService.install(SourceFile:95)
	at com.corisecio.bsf.adapter.core.main.Activator.start(SourceFile:116)
	at org.eclipse.osgi.framework.internal.core.BundleContextImpl$2.run(BundleContextImpl.java:1009)
	at java.security.AccessController.doPrivileged(Native Method)
	at org.eclipse.osgi.framework.internal.core.BundleContextImpl.startActivator(BundleContextImpl.java:1003)
	at org.eclipse.osgi.framework.internal.core.BundleContextImpl.start(BundleContextImpl.java:984)
	at org.eclipse.osgi.framework.internal.core.BundleHost.startWorker(BundleHost.java:346)
	at org.eclipse.osgi.framework.internal.core.AbstractBundle.resume(AbstractBundle.java:355)
	at org.eclipse.osgi.framework.internal.core.Framework.resumeBundle(Framework.java:1074)
	at org.eclipse.osgi.framework.internal.core.StartLevelManager.resumeBundles(StartLevelManager.java:616)
	at org.eclipse.osgi.framework.internal.core.StartLevelManager.incFWSL(StartLevelManager.java:508)
	at org.eclipse.osgi.framework.internal.core.StartLevelManager.doSetStartLevel(StartLevelManager.java:299)
	at org.eclipse.osgi.framework.internal.core.StartLevelManager.dispatchEvent(StartLevelManager.java:489)
	at org.eclipse.osgi.framework.eventmgr.EventManager.dispatchEvent(EventManager.java:211)
	at org.eclipse.osgi.framework.eventmgr.EventManager$EventThread.run(EventManager.java:321)
Caused by: java.lang.OutOfMemoryError: PermGen space
	at java.lang.ClassLoader.defineClass1(Native Method)
	at java.lang.ClassLoader.defineClass(ClassLoader.java:620)
	at java.security.SecureClassLoader.defineClass(SecureClassLoader.java:124)
	at org.apache.catalina.loader.WebappClassLoader.findClassInternal(WebappClassLoader.java:1880)
	at org.apache.catalina.loader.WebappClassLoader.findClass(WebappClassLoader.java:889)
	at org.apache.catalina.loader.WebappClassLoader.loadClass(WebappClassLoader.java:1353)
	at org.apache.catalina.loader.WebappClassLoader.loadClass(WebappClassLoader.java:1232)
	at java.lang.ClassLoader.loadClassInternal(ClassLoader.java:319)
	at org.apache.xerces.parsers.AbstractDOMParser.startDocument(Unknown Source)
	at org.apache.xerces.impl.dtd.XMLDTDValidator.startDocument(Unknown Source)
	at org.apache.xerces.impl.XMLDocumentScannerImpl.startEntity(Unknown Source)
	at org.apache.xerces.impl.XMLVersionDetector.startDocumentParsing(Unknown Source)
	at org.apache.xerces.parsers.XML11Configuration.parse(Unknown Source)
	at org.apache.xerces.parsers.XML11Configuration.parse(Unknown Source)
	at org.apache.xerces.parsers.XMLParser.parse(Unknown Source)
	at org.apache.xerces.parsers.DOMParser.parse(Unknown Source)
	at org.apache.xerces.jaxp.DocumentBuilderImpl.parse(Unknown Source)
	at javax.xml.parsers.DocumentBuilder.parse(DocumentBuilder.java:98)
	at org.apache.xml.security.Init.init(Unknown Source)
	at org.opensaml.xml.signature.impl.a.<init>(SourceFile:57)
	at com.corisecio.bsf.adapter.saml.base.Activator.<clinit>(SourceFile:240)
	at sun.reflect.NativeConstructorAccessorImpl.newInstance0(Native Method)
	at sun.reflect.NativeConstructorAccessorImpl.newInstance(NativeConstructorAccessorImpl.java:39)
	at sun.reflect.DelegatingConstructorAccessorImpl.newInstance(DelegatingConstructorAccessorImpl.java:27)
	at java.lang.reflect.Constructor.newInstance(Constructor.java:501)
	at java.lang.Class.newInstance0(Class.java:350)
	at java.lang.Class.newInstance(Class.java:303)
	at org.eclipse.osgi.framework.internal.core.AbstractBundle.loadBundleActivator(AbstractBundle.java:141)
	at org.eclipse.osgi.framework.internal.core.BundleContextImpl.start(BundleContextImpl.java:980)
	at org.eclipse.osgi.framework.internal.core.BundleHost.startWorker(BundleHost.java:346)
	at org.eclipse.osgi.framework.internal.core.AbstractBundle.start(AbstractBundle.java:265)
	at org.eclipse.osgi.framework.internal.core.AbstractBundle.start(AbstractBundle.java:257)
2022-07-09 04:39:14.637 +0500: INFO - 01-unkn00-1999992 - Info: Starting ... C:\SOA-DEMO\Tomcat\webapps\provider\adapter\bsf.adapter.soap.base_2.1.2.0121.jar (Start Level Event Dispatcher, com.corisecio.bsf.adapter.core.main.AdapterManager)
2022-07-09 04:39:15.090 +0500: INFO - 01-unkn00-1999992 - Info: Bundlestate for bsf.adapter.soap.base: 32 (Start Level Event Dispatcher, com.corisecio.bsf.adapter.core.main.AdapterManager)
2022-07-09 04:39:15.387 +0500: INFO - 01-unkn00-1999992 - Info: Starting ... C:\SOA-DEMO\Tomcat\webapps\provider\adapter\bsf.adapter.saml.sb_2.3.1.0120.jar (Start Level Event Dispatcher, com.corisecio.bsf.adapter.core.main.AdapterManager)
2022-07-09 04:39:16.074 +0500: INFO - 05-sam201-1300001 - Starting bundle bsf.adapter.saml.sb (Start Level Event Dispatcher, com.corisecio.bsf.adapter.core.main.Activator)
2022-07-09 04:39:16.074 +0500: INFO - 05-sam201-1300002 - Starting bundle bsf.adapter.saml.sb - done (Start Level Event Dispatcher, com.corisecio.bsf.adapter.core.main.Activator)
2022-07-09 04:39:16.074 +0500: INFO - 01-unkn00-1999992 - Info: Bundlestate for bsf.adapter.saml.sb: 32 (Start Level Event Dispatcher, com.corisecio.bsf.adapter.core.main.AdapterManager)
2022-07-09 04:39:16.106 +0500: INFO - 01-unkn00-1999992 - Info: Starting ... C:\SOA-DEMO\Tomcat\webapps\provider\adapter\bsf.adapter.soap.httpbridge_2.1.1.0120.jar (Start Level Event Dispatcher, com.corisecio.bsf.adapter.core.main.AdapterManager)
2022-07-09 04:39:17.012 +0500: INFO - 01-htbr01-1300001 - Starting bundle bsf.adapter.soap.httpbridge (Start Level Event Dispatcher, com.corisecio.bsf.adapter.core.main.Activator)
2022-07-09 04:39:17.012 +0500: INFO - 01-htbr01-1300002 - Starting bundle bsf.adapter.soap.httpbridge - done (Start Level Event Dispatcher, com.corisecio.bsf.adapter.core.main.Activator)
2022-07-09 04:39:17.012 +0500: INFO - 01-unkn00-1999992 - Info: Bundlestate for bsf.adapter.soap.httpbridge: 32 (Start Level Event Dispatcher, com.corisecio.bsf.adapter.core.main.AdapterManager)
2022-07-09 04:39:17.012 +0500: INFO - 01-unkn00-1999992 - Info: Starting ... C:\SOA-DEMO\Tomcat\webapps\provider\adapter\bsf.adapter.soap.httprecorder_2.1.1.0120.jar (Start Level Event Dispatcher, com.corisecio.bsf.adapter.core.main.AdapterManager)
2022-07-09 04:39:17.528 +0500: WARN - 01-bacm00-2300311 - Bundle file:/C:/SOA-DEMO/Tomcat/webapps/provider/adapter/bsf.adapter.soap.httprecorder_2.1.1.0120.jar can not be installed.  (Start Level Event Dispatcher, com.corisecio.bsf.adapter.core.main.AdapterManager)
org.osgi.framework.BundleException
	at org.eclipse.osgi.framework.internal.core.Framework.installWorkerPrivileged(Framework.java:991)
	at org.eclipse.osgi.framework.internal.core.Framework$1.run(Framework.java:824)
	at java.security.AccessController.doPrivileged(Native Method)
	at org.eclipse.osgi.framework.internal.core.Framework.installWorker(Framework.java:905)
	at org.eclipse.osgi.framework.internal.core.Framework.installBundle(Framework.java:819)
	at org.eclipse.osgi.framework.internal.core.BundleContextImpl.installBundle(BundleContextImpl.java:215)
	at com.corisecio.bsf.adapter.core.main.AdapterManager.a(SourceFile:507)
	at com.corisecio.bsf.adapter.core.main.AdapterManager.setUpAdapter(SourceFile:459)
	at com.corisecio.bsf.adapter.core.main.services.CoreMainInstallationService.install(SourceFile:95)
	at com.corisecio.bsf.adapter.core.main.Activator.start(SourceFile:116)
	at org.eclipse.osgi.framework.internal.core.BundleContextImpl$2.run(BundleContextImpl.java:1009)
	at java.security.AccessController.doPrivileged(Native Method)
	at org.eclipse.osgi.framework.internal.core.BundleContextImpl.startActivator(BundleContextImpl.java:1003)
	at org.eclipse.osgi.framework.internal.core.BundleContextImpl.start(BundleContextImpl.java:984)
	at org.eclipse.osgi.framework.internal.core.BundleHost.startWorker(BundleHost.java:346)
	at org.eclipse.osgi.framework.internal.core.AbstractBundle.resume(AbstractBundle.java:355)
	at org.eclipse.osgi.framework.internal.core.Framework.resumeBundle(Framework.java:1074)
	at org.eclipse.osgi.framework.internal.core.StartLevelManager.resumeBundles(StartLevelManager.java:616)
	at org.eclipse.osgi.framework.internal.core.StartLevelManager.incFWSL(StartLevelManager.java:508)
	at org.eclipse.osgi.framework.internal.core.StartLevelManager.doSetStartLevel(StartLevelManager.java:299)
	at org.eclipse.osgi.framework.internal.core.StartLevelManager.dispatchEvent(StartLevelManager.java:489)
	at org.eclipse.osgi.framework.eventmgr.EventManager.dispatchEvent(EventManager.java:211)
	at org.eclipse.osgi.framework.eventmgr.EventManager$EventThread.run(EventManager.java:321)
Caused by: java.lang.OutOfMemoryError
	at java.util.zip.Inflater.init(Native Method)
	at java.util.zip.Inflater.<init>(Inflater.java:75)
	at java.util.zip.ZipFile.getInflater(ZipFile.java:375)
	at java.util.zip.ZipFile.getInputStream(ZipFile.java:320)
	at java.util.zip.ZipFile.getInputStream(ZipFile.java:286)
	at org.eclipse.osgi.baseadaptor.bundlefile.ZipBundleEntry.getInputStream(ZipBundleEntry.java:52)
	at org.eclipse.osgi.framework.internal.core.BundleURLConnection.connect(BundleURLConnection.java:53)
	at org.eclipse.osgi.framework.internal.core.BundleURLConnection.getInputStream(BundleURLConnection.java:99)
	at java.net.URL.openStream(URL.java:1007)
	at org.eclipse.osgi.internal.baseadaptor.AdaptorUtil.loadManifestFrom(AdaptorUtil.java:196)
	at org.eclipse.core.runtime.internal.adaptor.EclipseStorageHook.getGeneratedManifest(EclipseStorageHook.java:371)
	at org.eclipse.core.runtime.internal.adaptor.EclipseStorageHook.createCachedManifest(EclipseStorageHook.java:367)
	at org.eclipse.core.runtime.internal.adaptor.EclipseStorageHook.getManifest(EclipseStorageHook.java:472)
	at org.eclipse.osgi.internal.baseadaptor.BaseStorage.loadManifest(BaseStorage.java:297)
	at org.eclipse.osgi.internal.baseadaptor.BundleInstall.begin(BundleInstall.java:82)
	at org.eclipse.osgi.framework.internal.core.Framework.installWorkerPrivileged(Framework.java:938)
	... 22 more
2022-07-09 04:39:17.528 +0500: INFO - 01-unkn00-1999992 - Info: Starting ... C:\SOA-DEMO\Tomcat\webapps\provider\adapter\bsf.adapter.ws.base_2.1.2.0120.jar (Start Level Event Dispatcher, com.corisecio.bsf.adapter.core.main.AdapterManager)
2022-07-09 04:39:46.753 +0500: INFO - Creating Logger for com.corisecio.bsf.adapter.core.logging.Activator (Start Level Event Dispatcher, com.corisecio.bsf.adapter.core.logging.console.ConsoleLoggerFactory)
2022-07-09 04:39:46.753 +0500: INFO - 01-bacl01-1300002 - Starting bundle bsf.adapter.core.logging - done (Start Level Event Dispatcher, com.corisecio.bsf.adapter.core.logging.Activator)
2022-07-09 04:39:46.956 +0500: INFO - Creating Logger for com.corisecio.bsf.adapter.core.adapter.Activator (Start Level Event Dispatcher, com.corisecio.bsf.adapter.core.logging.console.ConsoleLoggerFactory)
2022-07-09 04:39:46.972 +0500: INFO - 01-bsca01-1300001 - Starting bundle ${0} (Start Level Event Dispatcher, com.corisecio.bsf.adapter.core.adapter.Activator)
2022-07-09 04:39:46.972 +0500: INFO - 01-bsca01-1300002 - Starting bundle ${0} - done (Start Level Event Dispatcher, com.corisecio.bsf.adapter.core.adapter.Activator)
2022-07-09 04:39:51.151 +0500: INFO - Creating Logger for com.corisecio.bsf.adapter.core.main.Activator (Start Level Event Dispatcher, com.corisecio.bsf.adapter.core.logging.console.ConsoleLoggerFactory)
2022-07-09 04:39:51.151 +0500: INFO - 01-bacm01-1300001 - Starting bundle bsf.adapter.core.main (Start Level Event Dispatcher, com.corisecio.bsf.adapter.core.main.Activator)
2022-07-09 04:39:51.183 +0500: INFO - 01-bacm01-1600100 - Adapter path is C:\SOA-DEMO\Tomcat\webapps\provider\adapter (Start Level Event Dispatcher, com.corisecio.bsf.adapter.core.main.Activator)
2022-07-09 04:40:07.269 +0500: INFO - Creating Logger for com.corisecio.bsf.adapter.core.main.AdapterManager (Start Level Event Dispatcher, com.corisecio.bsf.adapter.core.logging.console.ConsoleLoggerFactory)
2022-07-09 04:40:08.957 +0500: INFO - 01-unkn00-1999992 - Info: org.eclipse.core.runtime.internal.adaptor.ContextFinder@19646fd (Start Level Event Dispatcher, com.corisecio.bsf.adapter.core.main.AdapterManager)
2022-07-09 04:40:08.957 +0500: INFO - 01-unkn00-1999992 - Info: org.eclipse.core.runtime.internal.adaptor.ContextFinder@19646fd (Start Level Event Dispatcher, com.corisecio.bsf.adapter.core.main.AdapterManager)
2022-07-09 04:40:08.988 +0500: INFO - 01-unkn00-1999992 - Info: Stopping Bundles ............................. (Start Level Event Dispatcher, com.corisecio.bsf.adapter.core.main.AdapterManager)
2022-07-09 04:40:08.988 +0500: INFO - 01-unkn00-1999992 - Info: 5.bsf.adapter.core.main (Start Level Event Dispatcher, com.corisecio.bsf.adapter.core.main.AdapterManager)
2022-07-09 04:40:08.988 +0500: INFO - 01-unkn00-1999992 - Info: 4.bsf.adapter.core.adapter (Start Level Event Dispatcher, com.corisecio.bsf.adapter.core.main.AdapterManager)
2022-07-09 04:40:08.988 +0500: INFO - 01-unkn00-1999992 - Info: 3.bsf.adapter.core.logging (Start Level Event Dispatcher, com.corisecio.bsf.adapter.core.main.AdapterManager)
2022-07-09 04:40:08.988 +0500: INFO - 01-unkn00-1999992 - Info: 2.org.eclipse.osgi.services (Start Level Event Dispatcher, com.corisecio.bsf.adapter.core.main.AdapterManager)
2022-07-09 04:40:08.988 +0500: INFO - 01-unkn00-1999992 - Info: 1.com.corisecio.bsf.sin.fragment.bundle (Start Level Event Dispatcher, com.corisecio.bsf.adapter.core.main.AdapterManager)
2022-07-09 04:40:08.988 +0500: INFO - 01-unkn00-1999992 - Info: 0.org.eclipse.osgi (Start Level Event Dispatcher, com.corisecio.bsf.adapter.core.main.AdapterManager)
2022-07-09 04:40:08.988 +0500: INFO - 01-unkn00-1999992 - Info: Stopping Bundles ............................. DONE (Start Level Event Dispatcher, com.corisecio.bsf.adapter.core.main.AdapterManager)
2022-07-09 04:40:09.004 +0500: INFO - 01-unkn00-1999992 - Info: Starting ... C:\SOA-DEMO\Tomcat\webapps\provider\adapter\bsf.adapter.http.base_2.1.1.0131.jar (Start Level Event Dispatcher, com.corisecio.bsf.adapter.core.main.AdapterManager)
2022-07-09 04:40:09.379 +0500: INFO - Creating Logger for com.corisecio.bsf.adapter.http.base.Activator (Start Level Event Dispatcher, com.corisecio.bsf.adapter.core.logging.console.ConsoleLoggerFactory)
2022-07-09 04:40:09.379 +0500: INFO - 01-unkn00-1999992 - Info: Starting com.corisecio.bsf.adapter.http.base (Start Level Event Dispatcher, com.corisecio.bsf.adapter.http.base.Activator)
2022-07-09 04:40:09.410 +0500: INFO - 01-unkn00-1999992 - Info: Starting com.corisecio.bsf.adapter.http.base - done (Start Level Event Dispatcher, com.corisecio.bsf.adapter.http.base.Activator)
2022-07-09 04:40:09.426 +0500: INFO - 01-unkn00-1999992 - Info: Bundlestate for bsf.adapter.http.base: 32 (Start Level Event Dispatcher, com.corisecio.bsf.adapter.core.main.AdapterManager)
2022-07-09 04:40:09.426 +0500: INFO - 01-unkn00-1999992 - Info: Starting ... C:\SOA-DEMO\Tomcat\webapps\provider\adapter\bsf.adapter.util.crypto_2.1.1.0123.jar (Start Level Event Dispatcher, com.corisecio.bsf.adapter.core.main.AdapterManager)
2022-07-09 04:40:09.598 +0500: INFO - Creating Logger for com.corisecio.bsf.adapter.http.base.GC (Thread-21, com.corisecio.bsf.adapter.core.logging.console.ConsoleLoggerFactory)
2022-07-09 04:40:09.613 +0500: INFO - 01-unkn00-1999992 - Info: Starting ... gc (Thread-21, com.corisecio.bsf.adapter.http.base.GC)
2022-07-09 04:40:09.957 +0500: INFO - Creating Logger for com.corisecio.bsf.adapter.util.crypto.Activator (Start Level Event Dispatcher, com.corisecio.bsf.adapter.core.logging.console.ConsoleLoggerFactory)
2022-07-09 04:40:09.973 +0500: INFO - 01-unkn00-1999992 - Info: Starting com.corisecio.bsf.adapter.util.crypto (Start Level Event Dispatcher, com.corisecio.bsf.adapter.util.crypto.Activator)
2022-07-09 04:40:10.004 +0500: INFO - 01-unkn00-1999992 - Info: Starting com.corisecio.bsf.adapter.util.crypto - done (Start Level Event Dispatcher, com.corisecio.bsf.adapter.util.crypto.Activator)
2022-07-09 04:40:10.004 +0500: INFO - 01-unkn00-1999992 - Info: Bundlestate for bsf.adapter.util.crypto: 32 (Start Level Event Dispatcher, com.corisecio.bsf.adapter.core.main.AdapterManager)
2022-07-09 04:40:10.004 +0500: INFO - 01-unkn00-1999992 - Info: Starting ... C:\SOA-DEMO\Tomcat\webapps\provider\adapter\bsf.adapter.util.script_2.1.1.0121.jar (Start Level Event Dispatcher, com.corisecio.bsf.adapter.core.main.AdapterManager)
2022-07-09 04:40:10.254 +0500: INFO - 01-unkn00-1999992 - Info: Bundlestate for bsf.adapter.util.script: 32 (Start Level Event Dispatcher, com.corisecio.bsf.adapter.core.main.AdapterManager)
2022-07-09 04:40:10.254 +0500: INFO - 01-unkn00-1999992 - Info: Starting ... C:\SOA-DEMO\Tomcat\webapps\provider\adapter\bsf.adapter.persistence_2.1.1.0121.jar (Start Level Event Dispatcher, com.corisecio.bsf.adapter.core.main.AdapterManager)
2022-07-09 04:40:13.848 +0500: INFO - Creating Logger for com.corisecio.bsf.adapter.persistence.Database (Start Level Event Dispatcher, com.corisecio.bsf.adapter.core.logging.console.ConsoleLoggerFactory)
2022-07-09 04:40:23.301 +0500: INFO - 01-unkn00-1999992 - Info: Bundlestate for com.corisecio.bsf.adapter.persistence: 32 (Start Level Event Dispatcher, com.corisecio.bsf.adapter.core.main.AdapterManager)
2022-07-09 04:40:23.364 +0500: INFO - 01-unkn00-1999992 - Info: Starting ... C:\SOA-DEMO\Tomcat\webapps\provider\adapter\com.corisecio.bsf.sem.impexp.base_2.1.1.0121.jar (Start Level Event Dispatcher, com.corisecio.bsf.adapter.core.main.AdapterManager)
2022-07-09 04:40:23.770 +0500: INFO - 01-unkn00-1999992 - Info: Bundlestate for com.corisecio.bsf.sem.impexp.base: 32 (Start Level Event Dispatcher, com.corisecio.bsf.adapter.core.main.AdapterManager)
2022-07-09 04:40:23.770 +0500: INFO - 01-unkn00-1999992 - Info: Starting ... C:\SOA-DEMO\Tomcat\webapps\provider\adapter\com.corisecio.bsf.icm.base_2.1.1.0121.jar (Start Level Event Dispatcher, com.corisecio.bsf.adapter.core.main.AdapterManager)
2022-07-09 04:40:24.270 +0500: INFO - 01-unkn00-1999992 - Info: Bundlestate for com.corisecio.bsf.icm.base: 32 (Start Level Event Dispatcher, com.corisecio.bsf.adapter.core.main.AdapterManager)
2022-07-09 04:40:24.270 +0500: INFO - 01-unkn00-1999992 - Info: Starting ... C:\SOA-DEMO\Tomcat\webapps\provider\adapter\com.corisecio.bsf.skm.base_2.1.1.0121.jar (Start Level Event Dispatcher, com.corisecio.bsf.adapter.core.main.AdapterManager)
2022-07-09 04:40:25.614 +0500: INFO - 05-pers01-1300001 - Starting bundle com.corisecio.bsf.skm.base (Start Level Event Dispatcher, com.corisecio.bsf.adapter.core.main.Activator)
2022-07-09 04:40:25.630 +0500: INFO - 05-pers01-1300002 - Starting bundle com.corisecio.bsf.skm.base - done (Start Level Event Dispatcher, com.corisecio.bsf.adapter.core.main.Activator)
2022-07-09 04:40:25.786 +0500: INFO - Creating Logger for com.corisecio.bsf.adapter.persistence.MyResolver (Start Level Event Dispatcher, com.corisecio.bsf.adapter.core.logging.console.ConsoleLoggerFactory)
2022-07-09 04:40:25.817 +0500: INFO - 01-unkn00-1999992 - Info: Bundlestate for com.corisecio.bsf.skm.base: 32 (Start Level Event Dispatcher, com.corisecio.bsf.adapter.core.main.AdapterManager)
2022-07-09 04:40:25.833 +0500: INFO - 01-unkn00-1999992 - Info: Starting ... C:\SOA-DEMO\Tomcat\webapps\provider\adapter\com.corisecio.bsf.sem.user.base_2.1.1.0121.jar (Start Level Event Dispatcher, com.corisecio.bsf.adapter.core.main.AdapterManager)
2022-07-09 04:40:27.973 +0500: INFO - 01-unkn00-1999992 - Info: Bundlestate for com.corisecio.bsf.sem.user.base: 32 (Start Level Event Dispatcher, com.corisecio.bsf.adapter.core.main.AdapterManager)
2022-07-09 04:40:27.973 +0500: INFO - 01-unkn00-1999992 - Info: Starting ... C:\SOA-DEMO\Tomcat\webapps\provider\adapter\com.corisecio.bsf.sem.role.base_2.1.1.0121.jar (Start Level Event Dispatcher, com.corisecio.bsf.adapter.core.main.AdapterManager)
2022-07-09 04:40:28.536 +0500: INFO - 01-unkn00-1999992 - Info: Bundlestate for com.corisecio.bsf.sem.role.base: 32 (Start Level Event Dispatcher, com.corisecio.bsf.adapter.core.main.AdapterManager)
2022-07-09 04:40:28.536 +0500: INFO - 01-unkn00-1999992 - Info: Starting ... C:\SOA-DEMO\Tomcat\webapps\provider\adapter\com.corisecio.bsf.sin.onASConsole_2.1.1.0150.jar (Start Level Event Dispatcher, com.corisecio.bsf.adapter.core.main.AdapterManager)
2022-07-09 04:40:29.145 +0500: INFO - 05-pers01-1300001 - Starting bundle com.corisecio.bsf.sin.onASConsole (Start Level Event Dispatcher, com.corisecio.bsf.adapter.core.main.Activator)
2022-07-09 04:40:29.145 +0500: INFO - 05-pers01-1300002 - Starting bundle com.corisecio.bsf.sin.onASConsole - done (Start Level Event Dispatcher, com.corisecio.bsf.adapter.core.main.Activator)
2022-07-09 04:40:29.161 +0500: INFO - 01-unkn00-1999992 - Info: Bundlestate for com.corisecio.bsf.sin.onASConsole: 32 (Start Level Event Dispatcher, com.corisecio.bsf.adapter.core.main.AdapterManager)
2022-07-09 04:40:29.161 +0500: INFO - 01-unkn00-1999992 - Info: Starting ... C:\SOA-DEMO\Tomcat\webapps\provider\adapter\bsf.adapter.http.proxy_2.1.1.0120.jar (Start Level Event Dispatcher, com.corisecio.bsf.adapter.core.main.AdapterManager)
2022-07-09 04:40:29.880 +0500: INFO - Creating Logger for com.corisecio.bsf.adapter.http.proxy.Activator (Start Level Event Dispatcher, com.corisecio.bsf.adapter.core.logging.console.ConsoleLoggerFactory)
2022-07-09 04:40:29.880 +0500: INFO - 01-unkn00-1999992 - Info: Starting com.corisecio.bsf.adapter.http.proxy (Start Level Event Dispatcher, com.corisecio.bsf.adapter.http.proxy.Activator)
2022-07-09 04:40:29.880 +0500: INFO - 01-unkn00-1999992 - Info: Starting com.corisecio.bsf.adapter.http.proxy - done (Start Level Event Dispatcher, com.corisecio.bsf.adapter.http.proxy.Activator)
2022-07-09 04:40:29.880 +0500: INFO - 01-unkn00-1999992 - Info: Bundlestate for bsf.adapter.http.proxy: 32 (Start Level Event Dispatcher, com.corisecio.bsf.adapter.core.main.AdapterManager)
2022-07-09 04:40:29.880 +0500: INFO - 01-unkn00-1999992 - Info: Starting ... C:\SOA-DEMO\Tomcat\webapps\provider\adapter\bsf.adapter.http.tomcat_2.1.1.0120.jar (Start Level Event Dispatcher, com.corisecio.bsf.adapter.core.main.AdapterManager)
2022-07-09 04:40:30.552 +0500: INFO - Creating Logger for com.corisecio.bsf.adapter.http.tomcat.Activator (Start Level Event Dispatcher, com.corisecio.bsf.adapter.core.logging.console.ConsoleLoggerFactory)
2022-07-09 04:40:30.552 +0500: INFO - 01-unkn00-1999992 - Info: Starting com.corisecio.bsf.adapter.http.tomcat (Start Level Event Dispatcher, com.corisecio.bsf.adapter.http.tomcat.Activator)
2022-07-09 04:40:30.567 +0500: INFO - 01-unkn00-1999992 - Info: Starting com.corisecio.bsf.adapter.http.tomcat - done (Start Level Event Dispatcher, com.corisecio.bsf.adapter.http.tomcat.Activator)
2022-07-09 04:40:30.583 +0500: INFO - 01-unkn00-1999992 - Info: Bundlestate for bsf.adapter.http.tomcat: 32 (Start Level Event Dispatcher, com.corisecio.bsf.adapter.core.main.AdapterManager)
2022-07-09 04:40:30.583 +0500: INFO - 01-unkn00-1999992 - Info: Starting ... C:\SOA-DEMO\Tomcat\webapps\provider\adapter\bsf.adapter.saml.base_2.3.1.0121.jar (Start Level Event Dispatcher, com.corisecio.bsf.adapter.core.main.AdapterManager)
2022-07-09 04:40:32.442 +0500: INFO - 01-unkn00-1999992 - Info: Bundlestate for bsf.adapter.saml.base: 32 (Start Level Event Dispatcher, com.corisecio.bsf.adapter.core.main.AdapterManager)
2022-07-09 04:40:32.442 +0500: INFO - 01-unkn00-1999992 - Info: Starting ... C:\SOA-DEMO\Tomcat\webapps\provider\adapter\bsf.adapter.soap.base_2.1.2.0121.jar (Start Level Event Dispatcher, com.corisecio.bsf.adapter.core.main.AdapterManager)
2022-07-09 04:40:32.958 +0500: INFO - 01-unkn00-1999992 - Info: Bundlestate for bsf.adapter.soap.base: 32 (Start Level Event Dispatcher, com.corisecio.bsf.adapter.core.main.AdapterManager)
2022-07-09 04:40:32.958 +0500: INFO - 01-unkn00-1999992 - Info: Starting ... C:\SOA-DEMO\Tomcat\webapps\provider\adapter\bsf.adapter.saml.sb_2.3.1.0120.jar (Start Level Event Dispatcher, com.corisecio.bsf.adapter.core.main.AdapterManager)
2022-07-09 04:40:33.974 +0500: INFO - 05-sam201-1300001 - Starting bundle bsf.adapter.saml.sb (Start Level Event Dispatcher, com.corisecio.bsf.adapter.core.main.Activator)
2022-07-09 04:40:33.974 +0500: INFO - 05-sam201-1300002 - Starting bundle bsf.adapter.saml.sb - done (Start Level Event Dispatcher, com.corisecio.bsf.adapter.core.main.Activator)
2022-07-09 04:40:33.989 +0500: INFO - 01-unkn00-1999992 - Info: Bundlestate for bsf.adapter.saml.sb: 32 (Start Level Event Dispatcher, com.corisecio.bsf.adapter.core.main.AdapterManager)
2022-07-09 04:40:33.989 +0500: INFO - 01-unkn00-1999992 - Info: Starting ... C:\SOA-DEMO\Tomcat\webapps\provider\adapter\bsf.adapter.soap.httpbridge_2.1.1.0120.jar (Start Level Event Dispatcher, com.corisecio.bsf.adapter.core.main.AdapterManager)
2022-07-09 04:40:34.755 +0500: INFO - 01-htbr01-1300001 - Starting bundle bsf.adapter.soap.httpbridge (Start Level Event Dispatcher, com.corisecio.bsf.adapter.core.main.Activator)
2022-07-09 04:40:34.755 +0500: INFO - 01-htbr01-1300002 - Starting bundle bsf.adapter.soap.httpbridge - done (Start Level Event Dispatcher, com.corisecio.bsf.adapter.core.main.Activator)
2022-07-09 04:40:34.771 +0500: INFO - 01-unkn00-1999992 - Info: Bundlestate for bsf.adapter.soap.httpbridge: 32 (Start Level Event Dispatcher, com.corisecio.bsf.adapter.core.main.AdapterManager)
2022-07-09 04:40:34.771 +0500: INFO - 01-unkn00-1999992 - Info: Starting ... C:\SOA-DEMO\Tomcat\webapps\provider\adapter\bsf.adapter.soap.httprecorder_2.1.1.0120.jar (Start Level Event Dispatcher, com.corisecio.bsf.adapter.core.main.AdapterManager)
2022-07-09 04:40:35.427 +0500: INFO - 01-reco01-1300001 - Starting bundle bsf.adapter.soap.httprecorder (Start Level Event Dispatcher, com.corisecio.bsf.adapter.core.main.Activator)
2022-07-09 04:40:35.427 +0500: INFO - 01-reco01-1300002 - Starting bundle bsf.adapter.soap.httprecorder - done (Start Level Event Dispatcher, com.corisecio.bsf.adapter.core.main.Activator)
2022-07-09 04:40:35.427 +0500: INFO - 01-unkn00-1999992 - Info: Bundlestate for bsf.adapter.soap.httprecorder: 32 (Start Level Event Dispatcher, com.corisecio.bsf.adapter.core.main.AdapterManager)
2022-07-09 04:40:35.427 +0500: INFO - 01-unkn00-1999992 - Info: Starting ... C:\SOA-DEMO\Tomcat\webapps\provider\adapter\bsf.adapter.ws.base_2.1.2.0120.jar (Start Level Event Dispatcher, com.corisecio.bsf.adapter.core.main.AdapterManager)
2022-07-09 04:40:38.489 +0500: INFO - 01-unkn00-1999992 - Info: Bundlestate for bsf.adapter.ws.base: 32 (Start Level Event Dispatcher, com.corisecio.bsf.adapter.core.main.AdapterManager)
2022-07-09 04:40:38.489 +0500: INFO - 01-unkn00-1999992 - Info: Starting ... C:\SOA-DEMO\Tomcat\webapps\provider\adapter\com.corisecio.bsf.sin.connector.utils.xml_2.1.1.0121.jar (Start Level Event Dispatcher, com.corisecio.bsf.adapter.core.main.AdapterManager)
2022-07-09 04:40:39.505 +0500: INFO - 05-xml101-1300001 - Starting bundle com.corisecio.bsf.sin.connector.utils.xml (Start Level Event Dispatcher, com.corisecio.bsf.adapter.core.main.Activator)
2022-07-09 04:40:39.505 +0500: INFO - 05-xml101-1300002 - Starting bundle com.corisecio.bsf.sin.connector.utils.xml - done (Start Level Event Dispatcher, com.corisecio.bsf.adapter.core.main.Activator)
2022-07-09 04:40:39.505 +0500: INFO - 01-unkn00-1999992 - Info: Bundlestate for com.corisecio.bsf.sin.connector.utils.xml: 32 (Start Level Event Dispatcher, com.corisecio.bsf.adapter.core.main.AdapterManager)
2022-07-09 04:40:39.505 +0500: INFO - 01-unkn00-1999992 - Info: Starting ... C:\SOA-DEMO\Tomcat\webapps\provider\adapter\bsf.adapter.ws.wss_2.3.1.0120.jar (Start Level Event Dispatcher, com.corisecio.bsf.adapter.core.main.AdapterManager)
2022-07-09 04:40:40.208 +0500: INFO - 01-wsse01-1300001 - Starting bundle bsf.adapter.ws.wss (Start Level Event Dispatcher, com.corisecio.bsf.adapter.core.main.Activator)
2022-07-09 04:40:40.208 +0500: INFO - 01-wsse01-1300002 - Starting bundle bsf.adapter.ws.wss - done (Start Level Event Dispatcher, com.corisecio.bsf.adapter.core.main.Activator)
2022-07-09 04:40:40.208 +0500: INFO - 01-unkn00-1999992 - Info: Bundlestate for bsf.adapter.ws.wss: 32 (Start Level Event Dispatcher, com.corisecio.bsf.adapter.core.main.AdapterManager)
2022-07-09 04:40:40.208 +0500: INFO - 01-unkn00-1999992 - Info: Starting ... C:\SOA-DEMO\Tomcat\webapps\provider\adapter\bsf.adapter.soap.xkms_2.3.1.0120.jar (Start Level Event Dispatcher, com.corisecio.bsf.adapter.core.main.AdapterManager)
2022-07-09 04:40:40.833 +0500: INFO - 05-xkms01-1300001 - Starting bundle bsf.adapter.soap.xkms (Start Level Event Dispatcher, com.corisecio.bsf.adapter.core.main.Activator)
2022-07-09 04:40:40.833 +0500: INFO - 05-xkms01-1300002 - Starting bundle bsf.adapter.soap.xkms - done (Start Level Event Dispatcher, com.corisecio.bsf.adapter.core.main.Activator)
2022-07-09 04:40:40.833 +0500: INFO - 01-unkn00-1999992 - Info: Bundlestate for bsf.adapter.soap.xkms: 32 (Start Level Event Dispatcher, com.corisecio.bsf.adapter.core.main.AdapterManager)
2022-07-09 04:40:40.833 +0500: INFO - 01-unkn00-1999992 - Info: Starting ... C:\SOA-DEMO\Tomcat\webapps\provider\adapter\bsf.adapter.ws.sb_2.3.1.0120.jar (Start Level Event Dispatcher, com.corisecio.bsf.adapter.core.main.AdapterManager)
2022-07-09 04:40:41.458 +0500: INFO - Creating Logger for com.corisecio.bsf.adapter.ws.sb.Activator (Start Level Event Dispatcher, com.corisecio.bsf.adapter.core.logging.console.ConsoleLoggerFactory)
2022-07-09 04:40:41.458 +0500: INFO - 01-unkn00-1999992 - Info: Starting bsf.adapter.ws.sb (Start Level Event Dispatcher, com.corisecio.bsf.adapter.ws.sb.Activator)
2022-07-09 04:40:41.458 +0500: INFO - 01-unkn00-1999992 - Info: Starting bsf.adapter.ws.sb - done (Start Level Event Dispatcher, com.corisecio.bsf.adapter.ws.sb.Activator)
2022-07-09 04:40:41.458 +0500: INFO - 01-unkn00-1999992 - Info: Bundlestate for bsf.adapter.ws.sb: 32 (Start Level Event Dispatcher, com.corisecio.bsf.adapter.core.main.AdapterManager)
2022-07-09 04:40:41.474 +0500: INFO - 01-unkn00-1999992 - Info: Starting ... C:\SOA-DEMO\Tomcat\webapps\provider\adapter\com.corisecio.bsf.adapter.mcl.ws_2.1.1.0120.jar (Start Level Event Dispatcher, com.corisecio.bsf.adapter.core.main.AdapterManager)
2022-07-09 04:40:42.865 +0500: INFO - 01-bcor01-1300001 - Starting bundle com.corisecio.bsf.adapter.mcl.ws (Start Level Event Dispatcher, com.corisecio.bsf.adapter.core.main.Activator)
2022-07-09 04:40:42.880 +0500: INFO - 01-bcor01-1300002 - Starting bundle com.corisecio.bsf.adapter.mcl.ws - done (Start Level Event Dispatcher, com.corisecio.bsf.adapter.core.main.Activator)
2022-07-09 04:40:43.193 +0500: INFO - 01-unkn00-1999992 - Info: Bundlestate for com.corisecio.bsf.adapter.mcl.ws: 32 (Start Level Event Dispatcher, com.corisecio.bsf.adapter.core.main.AdapterManager)
2022-07-09 04:40:43.193 +0500: INFO - 01-unkn00-1999992 - Info: Starting ... C:\SOA-DEMO\Tomcat\webapps\provider\adapter\bsf.adapter.persistence.ac_2.1.1.0152.jar (Start Level Event Dispatcher, com.corisecio.bsf.adapter.core.main.AdapterManager)
2022-07-09 04:40:43.724 +0500: INFO - 01-unkn00-1999992 - Info: Bundlestate for com.corisecio.bsf.adapter.persistence.ac: 32 (Start Level Event Dispatcher, com.corisecio.bsf.adapter.core.main.AdapterManager)
2022-07-09 04:40:43.724 +0500: INFO - 01-unkn00-1999992 - Info: Starting ... C:\SOA-DEMO\Tomcat\webapps\provider\adapter\com.corisecio.bsf.aps.sync_2.1.1.0120.jar (Start Level Event Dispatcher, com.corisecio.bsf.adapter.core.main.AdapterManager)
2022-07-09 04:40:44.396 +0500: INFO - 01-unkn00-1999992 - Info: Bundlestate for com.corisecio.bsf.aps.sync: 32 (Start Level Event Dispatcher, com.corisecio.bsf.adapter.core.main.AdapterManager)
2022-07-09 04:40:44.396 +0500: INFO - 01-unkn00-1999992 - Info: Starting ... C:\SOA-DEMO\Tomcat\webapps\provider\adapter\com.corisecio.bsf.icm.mrt_2.1.0.0120.jar (Start Level Event Dispatcher, com.corisecio.bsf.adapter.core.main.AdapterManager)
2022-07-09 04:40:45.115 +0500: INFO - 01-bcor01-1300001 - Starting bundle com.corisecio.bsf.icm.mrt (Start Level Event Dispatcher, com.corisecio.bsf.adapter.core.main.Activator)
2022-07-09 04:40:45.115 +0500: INFO - 01-bcor01-1300002 - Starting bundle com.corisecio.bsf.icm.mrt - done (Start Level Event Dispatcher, com.corisecio.bsf.adapter.core.main.Activator)
2022-07-09 04:40:45.161 +0500: INFO - 01-unkn00-1999992 - Info: Bundlestate for com.corisecio.bsf.icm.mrt: 32 (Start Level Event Dispatcher, com.corisecio.bsf.adapter.core.main.AdapterManager)
2022-07-09 04:40:45.161 +0500: INFO - 01-unkn00-1999992 - Info: Starting ... C:\SOA-DEMO\Tomcat\webapps\provider\adapter\com.corisecio.bsf.sac.connector.role_2.1.1.0121.jar (Start Level Event Dispatcher, com.corisecio.bsf.adapter.core.main.AdapterManager)
2022-07-09 04:40:46.158 +0500: INFO - 01-rol101-1300001 - Starting bundle com.corisecio.bsf.sac.connector.role (Start Level Event Dispatcher, com.corisecio.bsf.adapter.core.main.Activator)
2022-07-09 04:40:46.189 +0500: INFO - 01-rol101-1300002 - Starting bundle com.corisecio.bsf.sac.connector.role - done (Start Level Event Dispatcher, com.corisecio.bsf.adapter.core.main.Activator)
2022-07-09 04:40:46.189 +0500: INFO - 01-unkn00-1999992 - Info: Bundlestate for com.corisecio.bsf.sac.connector.role: 32 (Start Level Event Dispatcher, com.corisecio.bsf.adapter.core.main.AdapterManager)
2022-07-09 04:40:46.189 +0500: INFO - 01-unkn00-1999992 - Info: Starting ... C:\SOA-DEMO\Tomcat\webapps\provider\adapter\com.corisecio.bsf.sem.impexp_2.1.1.0121.jar (Start Level Event Dispatcher, com.corisecio.bsf.adapter.core.main.AdapterManager)
2022-07-09 04:40:46.642 +0500: INFO - 01-unkn00-1999992 - Info: Bundlestate for com.corisecio.bsf.sem.impexp: 32 (Start Level Event Dispatcher, com.corisecio.bsf.adapter.core.main.AdapterManager)
2022-07-09 04:40:46.642 +0500: INFO - 01-unkn00-1999992 - Info: Starting ... C:\SOA-DEMO\Tomcat\webapps\provider\adapter\com.corisecio.bsf.sem.role.ac_2.1.1.0131.jar (Start Level Event Dispatcher, com.corisecio.bsf.adapter.core.main.AdapterManager)
2022-07-09 04:40:48.531 +0500: INFO - 01-unkn00-1999992 - Info: Bundlestate for com.corisecio.bsf.sem.role.ac: 32 (Start Level Event Dispatcher, com.corisecio.bsf.adapter.core.main.AdapterManager)
2022-07-09 04:40:48.531 +0500: INFO - 01-unkn00-1999992 - Info: Starting ... C:\SOA-DEMO\Tomcat\webapps\provider\adapter\com.corisecio.bsf.sem.role.mrt_2.1.0.0120.jar (Start Level Event Dispatcher, com.corisecio.bsf.adapter.core.main.AdapterManager)
2022-07-09 04:40:50.157 +0500: INFO - 01-bcor01-1300001 - Starting bundle com.corisecio.bsf.sem.role.mrt (Start Level Event Dispatcher, com.corisecio.bsf.adapter.core.main.Activator)
2022-07-09 04:40:50.157 +0500: INFO - 01-bcor01-1300002 - Starting bundle com.corisecio.bsf.sem.role.mrt - done (Start Level Event Dispatcher, com.corisecio.bsf.adapter.core.main.Activator)
2022-07-09 04:40:50.173 +0500: INFO - 01-unkn00-1999992 - Info: Bundlestate for com.corisecio.bsf.sem.role.mrt: 32 (Start Level Event Dispatcher, com.corisecio.bsf.adapter.core.main.AdapterManager)
2022-07-09 04:40:50.173 +0500: INFO - 01-unkn00-1999992 - Info: Starting ... C:\SOA-DEMO\Tomcat\webapps\provider\adapter\com.corisecio.bsf.sem.user.ac_2.1.1.0131.jar (Start Level Event Dispatcher, com.corisecio.bsf.adapter.core.main.AdapterManager)
2022-07-09 04:40:50.407 +0500: INFO - 01-unkn00-1999992 - Info: Bundlestate for com.corisecio.bsf.sem.user.ac: 32 (Start Level Event Dispatcher, com.corisecio.bsf.adapter.core.main.AdapterManager)
2022-07-09 04:40:50.407 +0500: INFO - 01-unkn00-1999992 - Info: Starting ... C:\SOA-DEMO\Tomcat\webapps\provider\adapter\com.corisecio.bsf.sin.filestore_2.1.0.0120.jar (Start Level Event Dispatcher, com.corisecio.bsf.adapter.core.main.AdapterManager)
2022-07-09 04:40:50.954 +0500: INFO - 01-bcor01-1300001 - Starting bundle com.corisecio.bsf.sin.filestore (Start Level Event Dispatcher, com.corisecio.bsf.adapter.core.main.Activator)
2022-07-09 04:40:50.954 +0500: INFO - 01-bcor01-1300002 - Starting bundle com.corisecio.bsf.sin.filestore - done (Start Level Event Dispatcher, com.corisecio.bsf.adapter.core.main.Activator)
2022-07-09 04:40:50.969 +0500: INFO - 01-unkn00-1999992 - Info: Bundlestate for com.corisecio.bsf.sin.filestore: 32 (Start Level Event Dispatcher, com.corisecio.bsf.adapter.core.main.AdapterManager)
2022-07-09 04:40:50.969 +0500: INFO - 01-unkn00-1999992 - Info: Starting ... C:\SOA-DEMO\Tomcat\webapps\provider\adapter\com.corisecio.bsf.sem.user.mrt_2.1.0.0120.jar (Start Level Event Dispatcher, com.corisecio.bsf.adapter.core.main.AdapterManager)
2022-07-09 04:40:51.485 +0500: INFO - 01-bcor01-1300001 - Starting bundle com.corisecio.bsf.sem.user.mrt (Start Level Event Dispatcher, com.corisecio.bsf.adapter.core.main.Activator)
2022-07-09 04:40:51.485 +0500: INFO - 01-bcor01-1300002 - Starting bundle com.corisecio.bsf.sem.user.mrt - done (Start Level Event Dispatcher, com.corisecio.bsf.adapter.core.main.Activator)
2022-07-09 04:40:51.532 +0500: INFO - Creating Logger for com.corisecio.bsf.sem.user.mrt.manager.UserPlugin (Start Level Event Dispatcher, com.corisecio.bsf.adapter.core.logging.console.ConsoleLoggerFactory)
2022-07-09 04:40:51.579 +0500: INFO - 01-unkn00-1999992 - Info: Bundlestate for com.corisecio.bsf.sem.user.mrt: 32 (Start Level Event Dispatcher, com.corisecio.bsf.adapter.core.main.AdapterManager)
2022-07-09 04:40:51.579 +0500: INFO - 01-unkn00-1999992 - Info: Starting ... C:\SOA-DEMO\Tomcat\webapps\provider\adapter\com.corisecio.bsf.sin.httpbridge_2.1.1.0121.jar (Start Level Event Dispatcher, com.corisecio.bsf.adapter.core.main.AdapterManager)
2022-07-09 04:40:52.048 +0500: INFO - 01-unkn00-1999992 - Info: Bundlestate for com.corisecio.bsf.sin.httpbridge: 32 (Start Level Event Dispatcher, com.corisecio.bsf.adapter.core.main.AdapterManager)
2022-07-09 04:40:52.048 +0500: INFO - 01-unkn00-1999992 - Info: Starting ... C:\SOA-DEMO\Tomcat\webapps\provider\adapter\com.corisecio.bsf.skm.enterprise.ac_2.1.1.0121.jar (Start Level Event Dispatcher, com.corisecio.bsf.adapter.core.main.AdapterManager)
2022-07-09 04:40:53.001 +0500: INFO - 01-unkn00-1999992 - Info: Bundlestate for com.corisecio.bsf.skm.enterprise.ac: 32 (Start Level Event Dispatcher, com.corisecio.bsf.adapter.core.main.AdapterManager)
2022-07-09 04:40:53.001 +0500: INFO - 01-unkn00-1999992 - Info: Starting ... C:\SOA-DEMO\Tomcat\webapps\provider\adapter\com.corisecio.bsf.skm.enterprise.base_2.1.1.0121.jar (Start Level Event Dispatcher, com.corisecio.bsf.adapter.core.main.AdapterManager)
2022-07-09 04:40:53.735 +0500: INFO - 05-pers01-1300001 - Starting bundle com.corisecio.bsf.skm.enterprise.base (Start Level Event Dispatcher, com.corisecio.bsf.adapter.core.main.Activator)
2022-07-09 04:40:53.735 +0500: INFO - 05-pers01-1300002 - Starting bundle com.corisecio.bsf.skm.enterprise.base - done (Start Level Event Dispatcher, com.corisecio.bsf.adapter.core.main.Activator)
2022-07-09 04:40:53.735 +0500: INFO - 01-unkn00-1999992 - Info: Bundlestate for com.corisecio.bsf.skm.enterprise.base: 32 (Start Level Event Dispatcher, com.corisecio.bsf.adapter.core.main.AdapterManager)
2022-07-09 04:40:53.735 +0500: INFO - 01-unkn00-1999992 - Info: Starting ... C:\SOA-DEMO\Tomcat\webapps\provider\adapter\com.corisecio.bsf.skm.enterprise.mrt_2.1.0.0120.jar (Start Level Event Dispatcher, com.corisecio.bsf.adapter.core.main.AdapterManager)
2022-07-09 04:40:54.782 +0500: INFO - 01-bcor01-1300001 - Starting bundle com.corisecio.bsf.skm.enterprise.mrt (Start Level Event Dispatcher, com.corisecio.bsf.adapter.core.main.Activator)
2022-07-09 04:40:54.782 +0500: INFO - 01-bcor01-1300002 - Starting bundle com.corisecio.bsf.skm.enterprise.mrt - done (Start Level Event Dispatcher, com.corisecio.bsf.adapter.core.main.Activator)
2022-07-09 04:40:54.798 +0500: INFO - 01-unkn00-1999992 - Info: Bundlestate for com.corisecio.bsf.skm.enterprise.mrt: 32 (Start Level Event Dispatcher, com.corisecio.bsf.adapter.core.main.AdapterManager)
2022-07-09 04:40:54.798 +0500: INFO - 01-unkn00-1999992 - Info: Starting ... C:\SOA-DEMO\Tomcat\webapps\provider\adapter\com.corisecio.bsf.skm.mrt_2.1.0.0120.jar (Start Level Event Dispatcher, com.corisecio.bsf.adapter.core.main.AdapterManager)
2022-07-09 04:40:55.657 +0500: INFO - 01-bcor01-1300001 - Starting bundle com.corisecio.bsf.skm.mrt (Start Level Event Dispatcher, com.corisecio.bsf.adapter.core.main.Activator)
2022-07-09 04:40:55.657 +0500: INFO - 01-bcor01-1300002 - Starting bundle com.corisecio.bsf.skm.mrt - done (Start Level Event Dispatcher, com.corisecio.bsf.adapter.core.main.Activator)
2022-07-09 04:40:55.657 +0500: INFO - 01-unkn00-1999992 - Info: Bundlestate for com.corisecio.bsf.skm.mrt: 32 (Start Level Event Dispatcher, com.corisecio.bsf.adapter.core.main.AdapterManager)
2022-07-09 04:40:55.657 +0500: INFO - 01-unkn00-1999992 - Info: Starting ... C:\SOA-DEMO\Tomcat\webapps\provider\adapter\bsf.adapter.core.workflow_2.1.2.0121.jar (Start Level Event Dispatcher, com.corisecio.bsf.adapter.core.main.AdapterManager)
2022-07-09 04:40:56.126 +0500: INFO - Creating Logger for com.corisecio.bsf.adapter.core.workflow.Activator (Start Level Event Dispatcher, com.corisecio.bsf.adapter.core.logging.console.ConsoleLoggerFactory)
2022-07-09 04:40:56.126 +0500: INFO - 01-unkn00-1999992 - Info: Starting bsf.adapter.core.workflow (Start Level Event Dispatcher, com.corisecio.bsf.adapter.core.workflow.Activator)
2022-07-09 04:40:56.126 +0500: INFO - 01-work01-1300001 - Starting bundle bsf.adapter.core.workflow (Start Level Event Dispatcher, com.corisecio.bsf.adapter.core.main.Activator)
2022-07-09 04:40:56.142 +0500: INFO - 01-work01-1300002 - Starting bundle bsf.adapter.core.workflow - done (Start Level Event Dispatcher, com.corisecio.bsf.adapter.core.main.Activator)
2022-07-09 04:40:56.142 +0500: INFO - 01-unkn00-1999992 - Info: Starting bsf.adapter.core.workflow - done (Start Level Event Dispatcher, com.corisecio.bsf.adapter.core.workflow.Activator)
2022-07-09 04:40:56.142 +0500: INFO - 01-unkn00-1999992 - Info: Bundlestate for bsf.adapter.core.workflow: 32 (Start Level Event Dispatcher, com.corisecio.bsf.adapter.core.main.AdapterManager)
2022-07-09 04:40:56.142 +0500: INFO - 01-unkn00-1999992 - Info: Starting ... C:\SOA-DEMO\Tomcat\webapps\provider\adapter\bsf.adapter.core.workflowConfiguration_2.1.1.0131.jar (Start Level Event Dispatcher, com.corisecio.bsf.adapter.core.main.AdapterManager)
2022-07-09 04:40:58.550 +0500: INFO - Creating Logger for com.corisecio.bsf.adapter.core.workflowConfiguration.Activator (Start Level Event Dispatcher, com.corisecio.bsf.adapter.core.logging.console.ConsoleLoggerFactory)
2022-07-09 04:40:58.550 +0500: INFO - 01-unkn00-1999992 - Info: Starting bsf.adapter.core.workflowConfiguration (Start Level Event Dispatcher, com.corisecio.bsf.adapter.core.workflowConfiguration.Activator)
2022-07-09 04:40:58.566 +0500: INFO - 01-unkn00-1999992 - Info: ADAPTER_PATH = C:\SOA-DEMO\Tomcat\webapps\provider\adapter (Start Level Event Dispatcher, com.corisecio.bsf.adapter.core.workflowConfiguration.Activator)
2022-07-09 04:41:04.879 +0500: INFO - 01-unkn00-1999992 - Info: Starting bsf.adapter.core.workflowConfiguration - Starting HttpServiceTracker (Start Level Event Dispatcher, com.corisecio.bsf.adapter.core.workflowConfiguration.Activator)
2022-07-09 04:41:04.879 +0500: INFO - 01-unkn00-1999992 - Info: Registering web application at /onASConsole/wfm (Start Level Event Dispatcher, com.corisecio.bsf.adapter.core.workflowConfiguration.Activator)
2022-07-09 04:41:05.019 +0500: INFO - 01-unkn00-1999992 - Info: Starting bsf.adapter.core.workflowConfiguration - Starting HttpServiceTracker - done (Start Level Event Dispatcher, com.corisecio.bsf.adapter.core.workflowConfiguration.Activator)
2022-07-09 04:41:05.035 +0500: INFO - 01-unkn00-1999992 - Info: Starting bsf.adapter.core.workflowConfiguration - done (Start Level Event Dispatcher, com.corisecio.bsf.adapter.core.workflowConfiguration.Activator)
2022-07-09 04:41:05.035 +0500: INFO - 01-unkn00-1999992 - Info: Bundlestate for bsf.adapter.core.workflowConfiguration: 32 (Start Level Event Dispatcher, com.corisecio.bsf.adapter.core.main.AdapterManager)
2022-07-09 04:41:05.035 +0500: INFO - 01-unkn00-1999992 - Info: Compiling hibernate mappings... (Start Level Event Dispatcher, com.corisecio.bsf.adapter.persistence.Database)
2022-07-09 04:41:05.191 +0500: INFO - Creating Logger for com.corisecio.bsf.adapter.persistence.ArrayClassLoader (Start Level Event Dispatcher, com.corisecio.bsf.adapter.core.logging.console.ConsoleLoggerFactory)
2022-07-09 04:41:12.989 +0500: INFO - Creating Logger for com.corisecio.bsf.adapter.persistence.PersistentObjectHibernate (Timer-7, com.corisecio.bsf.adapter.core.logging.console.ConsoleLoggerFactory)
2022-07-09 04:41:12.989 +0500: INFO - 01-unkn00-1999992 - Info: Database Reminder (Timer-7, com.corisecio.bsf.adapter.persistence.PersistentObjectHibernate)
2022-07-09 04:41:15.505 +0500: INFO - Creating Logger for com.corisecio.bsf.adapter.core.workflowConfiguration.s (Start Level Event Dispatcher, com.corisecio.bsf.adapter.core.logging.console.ConsoleLoggerFactory)
2022-07-09 04:41:15.536 +0500: INFO - Creating Logger for com.corisecio.bsf.adapter.core.workflowConfiguration.service.e (Start Level Event Dispatcher, com.corisecio.bsf.adapter.core.logging.console.ConsoleLoggerFactory)
2022-07-09 04:41:15.833 +0500: INFO - Creating Logger for com.corisecio.bsf.adapter.core.main.config.AbstractConfigurationService (Start Level Event Dispatcher, com.corisecio.bsf.adapter.core.logging.console.ConsoleLoggerFactory)
2022-07-09 04:41:15.848 +0500: INFO - Creating Logger for com.corisecio.bsf.adapter.soap.httpbridge.Activator (Thread-55, com.corisecio.bsf.adapter.core.logging.console.ConsoleLoggerFactory)
2022-07-09 04:41:15.848 +0500: INFO - 01-htbr01-1300102 - Configuration element ExtractFromRequestInstance added for bundle bsf.adapter.soap.httpbridge  (Thread-55, com.corisecio.bsf.adapter.soap.httpbridge.Activator)
2022-07-09 04:41:15.864 +0500: INFO - 01-htbr01-1300102 - Configuration element EnvelopeRequestInstance added for bundle bsf.adapter.soap.httpbridge  (Thread-56, com.corisecio.bsf.adapter.soap.httpbridge.Activator)
2022-07-09 04:41:15.880 +0500: INFO - 01-htbr01-1300102 - Configuration element EnvelopeResponseInstance added for bundle bsf.adapter.soap.httpbridge  (Thread-57, com.corisecio.bsf.adapter.soap.httpbridge.Activator)
2022-07-09 04:41:15.880 +0500: INFO - 01-htbr01-1300102 - Configuration element ExtractFromResponseInstance added for bundle bsf.adapter.soap.httpbridge  (Thread-58, com.corisecio.bsf.adapter.soap.httpbridge.Activator)
2022-07-09 04:41:15.926 +0500: INFO - 01-unkn00-1999992 - Info: Adding WSSecurityEncryptXPathForUserInstance for bsf.adapter.ws.sb (Thread-59, com.corisecio.bsf.adapter.ws.sb.Activator)
2022-07-09 04:41:16.114 +0500: INFO - 01-unkn00-1999992 - Info: Adding DecryptXPathInstance for bsf.adapter.ws.sb (Thread-60, com.corisecio.bsf.adapter.ws.sb.Activator)
2022-07-09 04:41:16.317 +0500: INFO - 01-unkn00-1999992 - Info: Adding SoapEnvelopeVerifyInstance for bsf.adapter.ws.sb (Thread-61, com.corisecio.bsf.adapter.ws.sb.Activator)
2022-07-09 04:41:16.333 +0500: INFO - Creating Logger for com.corisecio.bsf.sac.connector.role.Activator (Thread-62, com.corisecio.bsf.adapter.core.logging.console.ConsoleLoggerFactory)
2022-07-09 04:41:16.348 +0500: INFO - 01-unkn00-1999992 - Info: Adding SetSecRTEntity for com.corisecio.bsf.sac.connector.role (Thread-62, com.corisecio.bsf.sac.connector.role.Activator)
2022-07-09 04:41:16.426 +0500: INFO - 01-unkn00-1999992 - Info: Adding element Instance for bsf.adapter.http.proxy (Thread-63, com.corisecio.bsf.adapter.http.proxy.Activator)
2022-07-09 04:41:16.520 +0500: INFO - Creating Logger for com.corisecio.bsf.adapter.http.proxy.implementation.HTTPRequestor (Thread-63, com.corisecio.bsf.adapter.core.logging.console.ConsoleLoggerFactory)
2022-07-09 04:41:16.536 +0500: INFO - 01-unkn00-1999992 - Info: Creating Proxy module (http://127.0.0.1:2300) (Thread-63, com.corisecio.bsf.adapter.http.proxy.implementation.HTTPRequestor)
2022-07-09 04:41:16.614 +0500: INFO - 01-unkn00-1999992 - Info: No system proxy configured! (Thread-63, com.corisecio.bsf.adapter.http.proxy.implementation.HTTPRequestor)
2022-07-09 04:41:16.630 +0500: INFO - Creating Logger for com.corisecio.bsf.adapter.ws.wss.Activator (Thread-65, com.corisecio.bsf.adapter.core.logging.console.ConsoleLoggerFactory)
2022-07-09 04:41:16.630 +0500: INFO - 01-unkn00-1999992 - Info: Adding WSSecurityCheckSAMLTokenInstance for bsf.adapter.ws.wss (Thread-65, com.corisecio.bsf.adapter.ws.wss.Activator)
2022-07-09 04:41:16.645 +0500: INFO - Creating Logger for org.apache.commons.httpclient.HttpConnectionManager (Thread-64, com.corisecio.bsf.adapter.core.logging.console.ConsoleLoggerFactory)
2022-07-09 04:41:16.645 +0500: INFO - 01-unkn00-1999992 - Info: Adding workflow for bsf.adapter.core.workflow (Thread-66, com.corisecio.bsf.adapter.core.workflow.Activator)
2022-07-09 04:41:16.739 +0500: INFO - 01-unkn00-1999992 - Info: Started HTTP listener on BookStoreVM2:2200 for 1 (Thread-67, com.corisecio.bsf.adapter.http.tomcat.Activator)
2022-07-09 04:41:16.739 +0500: INFO - 01-bacm01-1300002 - Starting bundle bsf.adapter.core.main - done (Start Level Event Dispatcher, com.corisecio.bsf.adapter.core.main.Activator)
2022-07-09 04:41:16.755 +0500: INFO - Creating Logger for com.corisecio.bsf.adapter.core.main.user.BasicUserManagement (Thread-3, com.corisecio.bsf.adapter.core.logging.console.ConsoleLoggerFactory)
2022-07-09 04:44:25.135 +0500: INFO - 01-unkn00-1999992 - Info: Removing 10 for bsf.adapter.ws.sb (Thread-121, com.corisecio.bsf.adapter.ws.sb.Activator)
2022-07-09 04:44:25.135 +0500: INFO - 01-unkn00-1999992 - Info: Removing 4 for bsf.adapter.ws.sb (Thread-122, com.corisecio.bsf.adapter.ws.sb.Activator)
2022-07-09 04:44:25.135 +0500: INFO - 01-unkn00-1999992 - Info: Removing 6 for bsf.adapter.ws.sb (Thread-123, com.corisecio.bsf.adapter.ws.sb.Activator)
2022-07-09 04:44:25.135 +0500: INFO - 01-unkn00-1999992 - Info: Removing 8 in bsf.adapter.http.proxy (Thread-125, com.corisecio.bsf.adapter.http.proxy.Activator)
2022-07-09 04:44:25.135 +0500: INFO - 01-unkn00-1999992 - Info: Adding workflow for bsf.adapter.core.workflow (Thread-127, com.corisecio.bsf.adapter.core.workflow.Activator)
2022-07-09 04:44:28.801 +0500: INFO - 01-htbr01-1300102 - Configuration element EnvelopeRequestInstance added for bundle bsf.adapter.soap.httpbridge  (Thread-130, com.corisecio.bsf.adapter.soap.httpbridge.Activator)
2022-07-09 04:44:28.801 +0500: INFO - 01-htbr01-1300102 - Configuration element ExtractFromResponseInstance added for bundle bsf.adapter.soap.httpbridge  (Thread-131, com.corisecio.bsf.adapter.soap.httpbridge.Activator)
2022-07-09 04:44:28.817 +0500: INFO - 01-htbr01-1300102 - Configuration element ExtractFromRequestInstance added for bundle bsf.adapter.soap.httpbridge  (Thread-132, com.corisecio.bsf.adapter.soap.httpbridge.Activator)
2022-07-09 04:44:28.817 +0500: INFO - 01-htbr01-1300102 - Configuration element EnvelopeResponseInstance added for bundle bsf.adapter.soap.httpbridge  (Thread-133, com.corisecio.bsf.adapter.soap.httpbridge.Activator)
2022-07-09 04:44:28.817 +0500: INFO - 01-unkn00-1999992 - Info: Adding element Instance for bsf.adapter.http.proxy (Thread-134, com.corisecio.bsf.adapter.http.proxy.Activator)
2022-07-09 04:44:28.817 +0500: INFO - 01-unkn00-1999992 - Info: Creating Proxy module (http://127.0.0.1:2300) (Thread-134, com.corisecio.bsf.adapter.http.proxy.implementation.HTTPRequestor)
2022-07-09 04:44:28.817 +0500: INFO - 01-unkn00-1999992 - Info: No system proxy configured! (Thread-134, com.corisecio.bsf.adapter.http.proxy.implementation.HTTPRequestor)
2022-07-09 04:44:28.817 +0500: INFO - 01-unkn00-1999992 - Info: Adding workflow for bsf.adapter.core.workflow (Thread-136, com.corisecio.bsf.adapter.core.workflow.Activator)
2022-07-09 04:44:28.817 +0500: INFO - 01-unkn00-1999992 - Info: Started HTTP listener on BookStoreVM2:2200 for 1 (Thread-137, com.corisecio.bsf.adapter.http.tomcat.Activator)
2022-07-09 04:47:49.012 +0500: INFO - Creating Logger for com.corisecio.bsf.adapter.http.tomcat.listener.TomcatListener (http-2200-1, com.corisecio.bsf.adapter.core.logging.console.ConsoleLoggerFactory)
2022-07-09 04:47:49.012 +0500: INFO - 01-unkn00-1999992 - Info: 200 Getting request, method = POST, uri = /WSDemo/ws2receiver (http-2200-1, com.corisecio.bsf.adapter.http.tomcat.listener.TomcatListener)
2022-07-09 04:47:51.137 +0500: INFO - 01-unkn00-1999992 - Info: 600 Response returned, status = 200 (http-2200-1, com.corisecio.bsf.adapter.http.tomcat.listener.TomcatListener)
2022-07-09 04:49:53.283 +0500: INFO - 01-unkn00-1999992 - Info: 200 Getting request, method = POST, uri = /WSDemo/ws2receiver (http-2200-1, com.corisecio.bsf.adapter.http.tomcat.listener.TomcatListener)
2022-07-09 04:49:53.361 +0500: INFO - 01-unkn00-1999992 - Info: 600 Response returned, status = 200 (http-2200-1, com.corisecio.bsf.adapter.http.tomcat.listener.TomcatListener)
