2022-07-09 04:38:57.448 +0500: INFO - Creating Logger for com.corisecio.bsf.adapter.core.logging.Activator (Start Level Event Dispatcher, com.corisecio.bsf.adapter.core.logging.console.ConsoleLoggerFactory)
2022-07-09 04:38:57.448 +0500: INFO - 01-bacl01-1300002 - Starting bundle bsf.adapter.core.logging - done (Start Level Event Dispatcher, com.corisecio.bsf.adapter.core.logging.Activator)
2022-07-09 04:38:57.573 +0500: INFO - Creating Logger for com.corisecio.bsf.adapter.core.adapter.Activator (Start Level Event Dispatcher, com.corisecio.bsf.adapter.core.logging.console.ConsoleLoggerFactory)
2022-07-09 04:38:57.573 +0500: INFO - 01-bsca01-1300001 - Starting bundle ${0} (Start Level Event Dispatcher, com.corisecio.bsf.adapter.core.adapter.Activator)
2022-07-09 04:38:57.573 +0500: INFO - 01-bsca01-1300002 - Starting bundle ${0} - done (Start Level Event Dispatcher, com.corisecio.bsf.adapter.core.adapter.Activator)
2022-07-09 04:39:01.402 +0500: INFO - Creating Logger for com.corisecio.bsf.adapter.core.main.Activator (Start Level Event Dispatcher, com.corisecio.bsf.adapter.core.logging.console.ConsoleLoggerFactory)
2022-07-09 04:39:01.402 +0500: INFO - 01-bacm01-1300001 - Starting bundle bsf.adapter.core.main (Start Level Event Dispatcher, com.corisecio.bsf.adapter.core.main.Activator)
2022-07-09 04:39:01.417 +0500: INFO - 01-bacm01-1600100 - Adapter path is C:\SOA-DEMO\Tomcat\webapps\wsdl\adapter (Start Level Event Dispatcher, com.corisecio.bsf.adapter.core.main.Activator)
2022-07-09 04:39:13.574 +0500: INFO - Creating Logger for com.corisecio.bsf.adapter.core.main.AdapterManager (Start Level Event Dispatcher, com.corisecio.bsf.adapter.core.logging.console.ConsoleLoggerFactory)
2022-07-09 04:39:54.362 +0500: INFO - Creating Logger for com.corisecio.bsf.adapter.core.logging.Activator (Start Level Event Dispatcher, com.corisecio.bsf.adapter.core.logging.console.ConsoleLoggerFactory)
2022-07-09 04:39:54.378 +0500: INFO - 01-bacl01-1300002 - Starting bundle bsf.adapter.core.logging - done (Start Level Event Dispatcher, com.corisecio.bsf.adapter.core.logging.Activator)
2022-07-09 04:39:54.659 +0500: INFO - Creating Logger for com.corisecio.bsf.adapter.core.adapter.Activator (Start Level Event Dispatcher, com.corisecio.bsf.adapter.core.logging.console.ConsoleLoggerFactory)
2022-07-09 04:39:54.675 +0500: INFO - 01-bsca01-1300001 - Starting bundle ${0} (Start Level Event Dispatcher, com.corisecio.bsf.adapter.core.adapter.Activator)
2022-07-09 04:39:54.675 +0500: INFO - 01-bsca01-1300002 - Starting bundle ${0} - done (Start Level Event Dispatcher, com.corisecio.bsf.adapter.core.adapter.Activator)
2022-07-09 04:39:58.144 +0500: INFO - Creating Logger for com.corisecio.bsf.adapter.core.main.Activator (Start Level Event Dispatcher, com.corisecio.bsf.adapter.core.logging.console.ConsoleLoggerFactory)
2022-07-09 04:39:58.159 +0500: INFO - 01-bacm01-1300001 - Starting bundle bsf.adapter.core.main (Start Level Event Dispatcher, com.corisecio.bsf.adapter.core.main.Activator)
2022-07-09 04:39:58.175 +0500: INFO - 01-bacm01-1600100 - Adapter path is C:\SOA-DEMO\Tomcat\webapps\wsdl\adapter (Start Level Event Dispatcher, com.corisecio.bsf.adapter.core.main.Activator)
2022-07-09 04:40:14.020 +0500: INFO - Creating Logger for com.corisecio.bsf.adapter.core.main.AdapterManager (Start Level Event Dispatcher, com.corisecio.bsf.adapter.core.logging.console.ConsoleLoggerFactory)
2022-07-09 04:40:15.551 +0500: INFO - 01-unkn00-1999992 - Info: org.eclipse.core.runtime.internal.adaptor.ContextFinder@14b081b (Start Level Event Dispatcher, com.corisecio.bsf.adapter.core.main.AdapterManager)
2022-07-09 04:40:15.551 +0500: INFO - 01-unkn00-1999992 - Info: org.eclipse.core.runtime.internal.adaptor.ContextFinder@14b081b (Start Level Event Dispatcher, com.corisecio.bsf.adapter.core.main.AdapterManager)
2022-07-09 04:40:15.582 +0500: INFO - 01-unkn00-1999992 - Info: Stopping Bundles ............................. (Start Level Event Dispatcher, com.corisecio.bsf.adapter.core.main.AdapterManager)
2022-07-09 04:40:15.598 +0500: INFO - 01-unkn00-1999992 - Info: 5.bsf.adapter.core.main (Start Level Event Dispatcher, com.corisecio.bsf.adapter.core.main.AdapterManager)
2022-07-09 04:40:15.598 +0500: INFO - 01-unkn00-1999992 - Info: 4.bsf.adapter.core.adapter (Start Level Event Dispatcher, com.corisecio.bsf.adapter.core.main.AdapterManager)
2022-07-09 04:40:15.598 +0500: INFO - 01-unkn00-1999992 - Info: 3.bsf.adapter.core.logging (Start Level Event Dispatcher, com.corisecio.bsf.adapter.core.main.AdapterManager)
2022-07-09 04:40:15.598 +0500: INFO - 01-unkn00-1999992 - Info: 2.org.eclipse.osgi.services (Start Level Event Dispatcher, com.corisecio.bsf.adapter.core.main.AdapterManager)
2022-07-09 04:40:15.598 +0500: INFO - 01-unkn00-1999992 - Info: 1.com.corisecio.bsf.sin.fragment.bundle (Start Level Event Dispatcher, com.corisecio.bsf.adapter.core.main.AdapterManager)
2022-07-09 04:40:15.598 +0500: INFO - 01-unkn00-1999992 - Info: 0.org.eclipse.osgi (Start Level Event Dispatcher, com.corisecio.bsf.adapter.core.main.AdapterManager)
2022-07-09 04:40:15.598 +0500: INFO - 01-unkn00-1999992 - Info: Stopping Bundles ............................. DONE (Start Level Event Dispatcher, com.corisecio.bsf.adapter.core.main.AdapterManager)
2022-07-09 04:40:15.598 +0500: INFO - 01-unkn00-1999992 - Info: Starting ... C:\SOA-DEMO\Tomcat\webapps\wsdl\adapter\bsf.adapter.http.base_2.1.1.0131.jar (Start Level Event Dispatcher, com.corisecio.bsf.adapter.core.main.AdapterManager)
2022-07-09 04:40:15.707 +0500: INFO - Creating Logger for com.corisecio.bsf.adapter.http.base.Activator (Start Level Event Dispatcher, com.corisecio.bsf.adapter.core.logging.console.ConsoleLoggerFactory)
2022-07-09 04:40:15.707 +0500: INFO - 01-unkn00-1999992 - Info: Starting com.corisecio.bsf.adapter.http.base (Start Level Event Dispatcher, com.corisecio.bsf.adapter.http.base.Activator)
2022-07-09 04:40:15.707 +0500: INFO - 01-unkn00-1999992 - Info: Starting com.corisecio.bsf.adapter.http.base - done (Start Level Event Dispatcher, com.corisecio.bsf.adapter.http.base.Activator)
2022-07-09 04:40:15.707 +0500: INFO - 01-unkn00-1999992 - Info: Bundlestate for bsf.adapter.http.base: 32 (Start Level Event Dispatcher, com.corisecio.bsf.adapter.core.main.AdapterManager)
2022-07-09 04:40:15.723 +0500: INFO - 01-unkn00-1999992 - Info: Starting ... C:\SOA-DEMO\Tomcat\webapps\wsdl\adapter\bsf.adapter.util.crypto_2.1.1.0123.jar (Start Level Event Dispatcher, com.corisecio.bsf.adapter.core.main.AdapterManager)
2022-07-09 04:40:15.817 +0500: INFO - Creating Logger for com.corisecio.bsf.adapter.http.base.GC (Thread-26, com.corisecio.bsf.adapter.core.logging.console.ConsoleLoggerFactory)
2022-07-09 04:40:15.863 +0500: INFO - 01-unkn00-1999992 - Info: Starting ... gc (Thread-26, com.corisecio.bsf.adapter.http.base.GC)
2022-07-09 04:40:16.051 +0500: INFO - Creating Logger for com.corisecio.bsf.adapter.util.crypto.Activator (Start Level Event Dispatcher, com.corisecio.bsf.adapter.core.logging.console.ConsoleLoggerFactory)
2022-07-09 04:40:16.051 +0500: INFO - 01-unkn00-1999992 - Info: Starting com.corisecio.bsf.adapter.util.crypto (Start Level Event Dispatcher, com.corisecio.bsf.adapter.util.crypto.Activator)
2022-07-09 04:40:16.067 +0500: INFO - 01-unkn00-1999992 - Info: Starting com.corisecio.bsf.adapter.util.crypto - done (Start Level Event Dispatcher, com.corisecio.bsf.adapter.util.crypto.Activator)
2022-07-09 04:40:16.067 +0500: INFO - 01-unkn00-1999992 - Info: Bundlestate for bsf.adapter.util.crypto: 32 (Start Level Event Dispatcher, com.corisecio.bsf.adapter.core.main.AdapterManager)
2022-07-09 04:40:16.067 +0500: INFO - 01-unkn00-1999992 - Info: Starting ... C:\SOA-DEMO\Tomcat\webapps\wsdl\adapter\bsf.adapter.util.script_2.1.1.0121.jar (Start Level Event Dispatcher, com.corisecio.bsf.adapter.core.main.AdapterManager)
2022-07-09 04:40:16.270 +0500: INFO - 01-unkn00-1999992 - Info: Bundlestate for bsf.adapter.util.script: 32 (Start Level Event Dispatcher, com.corisecio.bsf.adapter.core.main.AdapterManager)
2022-07-09 04:40:16.285 +0500: INFO - 01-unkn00-1999992 - Info: Starting ... C:\SOA-DEMO\Tomcat\webapps\wsdl\adapter\bsf.adapter.persistence_2.1.1.0121.jar (Start Level Event Dispatcher, com.corisecio.bsf.adapter.core.main.AdapterManager)
2022-07-09 04:40:20.004 +0500: INFO - Creating Logger for com.corisecio.bsf.adapter.persistence.Database (Start Level Event Dispatcher, com.corisecio.bsf.adapter.core.logging.console.ConsoleLoggerFactory)
2022-07-09 04:40:20.020 +0500: INFO - 01-unkn00-1999992 - Info: Bundlestate for com.corisecio.bsf.adapter.persistence: 32 (Start Level Event Dispatcher, com.corisecio.bsf.adapter.core.main.AdapterManager)
2022-07-09 04:40:20.020 +0500: INFO - 01-unkn00-1999992 - Info: Starting ... C:\SOA-DEMO\Tomcat\webapps\wsdl\adapter\com.corisecio.bsf.sem.impexp.base_2.1.1.0121.jar (Start Level Event Dispatcher, com.corisecio.bsf.adapter.core.main.AdapterManager)
2022-07-09 04:40:20.239 +0500: INFO - 01-unkn00-1999992 - Info: Bundlestate for com.corisecio.bsf.sem.impexp.base: 32 (Start Level Event Dispatcher, com.corisecio.bsf.adapter.core.main.AdapterManager)
2022-07-09 04:40:20.239 +0500: INFO - 01-unkn00-1999992 - Info: Starting ... C:\SOA-DEMO\Tomcat\webapps\wsdl\adapter\com.corisecio.bsf.icm.base_2.1.1.0121.jar (Start Level Event Dispatcher, com.corisecio.bsf.adapter.core.main.AdapterManager)
2022-07-09 04:40:20.489 +0500: INFO - 01-unkn00-1999992 - Info: Bundlestate for com.corisecio.bsf.icm.base: 32 (Start Level Event Dispatcher, com.corisecio.bsf.adapter.core.main.AdapterManager)
2022-07-09 04:40:20.489 +0500: INFO - 01-unkn00-1999992 - Info: Starting ... C:\SOA-DEMO\Tomcat\webapps\wsdl\adapter\com.corisecio.bsf.skm.base_2.1.1.0121.jar (Start Level Event Dispatcher, com.corisecio.bsf.adapter.core.main.AdapterManager)
2022-07-09 04:40:20.739 +0500: INFO - 05-pers01-1300001 - Starting bundle com.corisecio.bsf.skm.base (Start Level Event Dispatcher, com.corisecio.bsf.adapter.core.main.Activator)
2022-07-09 04:40:20.739 +0500: INFO - 05-pers01-1300002 - Starting bundle com.corisecio.bsf.skm.base - done (Start Level Event Dispatcher, com.corisecio.bsf.adapter.core.main.Activator)
2022-07-09 04:40:21.067 +0500: INFO - Creating Logger for com.corisecio.bsf.adapter.persistence.MyResolver (Start Level Event Dispatcher, com.corisecio.bsf.adapter.core.logging.console.ConsoleLoggerFactory)
2022-07-09 04:40:21.114 +0500: INFO - 01-unkn00-1999992 - Info: Bundlestate for com.corisecio.bsf.skm.base: 32 (Start Level Event Dispatcher, com.corisecio.bsf.adapter.core.main.AdapterManager)
2022-07-09 04:40:21.114 +0500: INFO - 01-unkn00-1999992 - Info: Starting ... C:\SOA-DEMO\Tomcat\webapps\wsdl\adapter\com.corisecio.bsf.sem.user.base_2.1.1.0121.jar (Start Level Event Dispatcher, com.corisecio.bsf.adapter.core.main.AdapterManager)
2022-07-09 04:40:22.301 +0500: INFO - 01-unkn00-1999992 - Info: Bundlestate for com.corisecio.bsf.sem.user.base: 32 (Start Level Event Dispatcher, com.corisecio.bsf.adapter.core.main.AdapterManager)
2022-07-09 04:40:22.301 +0500: INFO - 01-unkn00-1999992 - Info: Starting ... C:\SOA-DEMO\Tomcat\webapps\wsdl\adapter\com.corisecio.bsf.sem.role.base_2.1.1.0121.jar (Start Level Event Dispatcher, com.corisecio.bsf.adapter.core.main.AdapterManager)
2022-07-09 04:40:22.473 +0500: INFO - 01-unkn00-1999992 - Info: Bundlestate for com.corisecio.bsf.sem.role.base: 32 (Start Level Event Dispatcher, com.corisecio.bsf.adapter.core.main.AdapterManager)
2022-07-09 04:40:22.473 +0500: INFO - 01-unkn00-1999992 - Info: Starting ... C:\SOA-DEMO\Tomcat\webapps\wsdl\adapter\com.corisecio.bsf.sin.onASConsole_2.1.1.0150.jar (Start Level Event Dispatcher, com.corisecio.bsf.adapter.core.main.AdapterManager)
2022-07-09 04:40:22.676 +0500: INFO - 05-pers01-1300001 - Starting bundle com.corisecio.bsf.sin.onASConsole (Start Level Event Dispatcher, com.corisecio.bsf.adapter.core.main.Activator)
2022-07-09 04:40:22.708 +0500: INFO - 05-pers01-1300002 - Starting bundle com.corisecio.bsf.sin.onASConsole - done (Start Level Event Dispatcher, com.corisecio.bsf.adapter.core.main.Activator)
2022-07-09 04:40:22.708 +0500: INFO - 01-unkn00-1999992 - Info: Bundlestate for com.corisecio.bsf.sin.onASConsole: 32 (Start Level Event Dispatcher, com.corisecio.bsf.adapter.core.main.AdapterManager)
2022-07-09 04:40:22.708 +0500: INFO - 01-unkn00-1999992 - Info: Starting ... C:\SOA-DEMO\Tomcat\webapps\wsdl\adapter\bsf.adapter.http.proxy_2.1.1.0120.jar (Start Level Event Dispatcher, com.corisecio.bsf.adapter.core.main.AdapterManager)
2022-07-09 04:40:22.895 +0500: INFO - Creating Logger for com.corisecio.bsf.adapter.http.proxy.Activator (Start Level Event Dispatcher, com.corisecio.bsf.adapter.core.logging.console.ConsoleLoggerFactory)
2022-07-09 04:40:22.895 +0500: INFO - 01-unkn00-1999992 - Info: Starting com.corisecio.bsf.adapter.http.proxy (Start Level Event Dispatcher, com.corisecio.bsf.adapter.http.proxy.Activator)
2022-07-09 04:40:22.895 +0500: INFO - 01-unkn00-1999992 - Info: Starting com.corisecio.bsf.adapter.http.proxy - done (Start Level Event Dispatcher, com.corisecio.bsf.adapter.http.proxy.Activator)
2022-07-09 04:40:22.895 +0500: INFO - 01-unkn00-1999992 - Info: Bundlestate for bsf.adapter.http.proxy: 32 (Start Level Event Dispatcher, com.corisecio.bsf.adapter.core.main.AdapterManager)
2022-07-09 04:40:22.895 +0500: INFO - 01-unkn00-1999992 - Info: Starting ... C:\SOA-DEMO\Tomcat\webapps\wsdl\adapter\bsf.adapter.http.tomcat_2.1.1.0120.jar (Start Level Event Dispatcher, com.corisecio.bsf.adapter.core.main.AdapterManager)
2022-07-09 04:40:23.348 +0500: INFO - Creating Logger for com.corisecio.bsf.adapter.http.tomcat.Activator (Start Level Event Dispatcher, com.corisecio.bsf.adapter.core.logging.console.ConsoleLoggerFactory)
2022-07-09 04:40:23.364 +0500: INFO - 01-unkn00-1999992 - Info: Starting com.corisecio.bsf.adapter.http.tomcat (Start Level Event Dispatcher, com.corisecio.bsf.adapter.http.tomcat.Activator)
2022-07-09 04:40:23.364 +0500: INFO - 01-unkn00-1999992 - Info: Starting com.corisecio.bsf.adapter.http.tomcat - done (Start Level Event Dispatcher, com.corisecio.bsf.adapter.http.tomcat.Activator)
2022-07-09 04:40:23.364 +0500: INFO - 01-unkn00-1999992 - Info: Bundlestate for bsf.adapter.http.tomcat: 32 (Start Level Event Dispatcher, com.corisecio.bsf.adapter.core.main.AdapterManager)
2022-07-09 04:40:23.364 +0500: INFO - 01-unkn00-1999992 - Info: Starting ... C:\SOA-DEMO\Tomcat\webapps\wsdl\adapter\bsf.adapter.saml.base_2.3.1.0121.jar (Start Level Event Dispatcher, com.corisecio.bsf.adapter.core.main.AdapterManager)
2022-07-09 04:40:25.301 +0500: INFO - 01-unkn00-1999992 - Info: Bundlestate for bsf.adapter.saml.base: 32 (Start Level Event Dispatcher, com.corisecio.bsf.adapter.core.main.AdapterManager)
2022-07-09 04:40:25.301 +0500: INFO - 01-unkn00-1999992 - Info: Starting ... C:\SOA-DEMO\Tomcat\webapps\wsdl\adapter\bsf.adapter.soap.base_2.1.2.0121.jar (Start Level Event Dispatcher, com.corisecio.bsf.adapter.core.main.AdapterManager)
2022-07-09 04:40:25.942 +0500: INFO - 01-unkn00-1999992 - Info: Bundlestate for bsf.adapter.soap.base: 32 (Start Level Event Dispatcher, com.corisecio.bsf.adapter.core.main.AdapterManager)
2022-07-09 04:40:25.942 +0500: INFO - 01-unkn00-1999992 - Info: Starting ... C:\SOA-DEMO\Tomcat\webapps\wsdl\adapter\bsf.adapter.saml.sb_2.3.1.0120.jar (Start Level Event Dispatcher, com.corisecio.bsf.adapter.core.main.AdapterManager)
2022-07-09 04:40:26.192 +0500: INFO - 05-sam201-1300001 - Starting bundle bsf.adapter.saml.sb (Start Level Event Dispatcher, com.corisecio.bsf.adapter.core.main.Activator)
2022-07-09 04:40:26.192 +0500: INFO - 05-sam201-1300002 - Starting bundle bsf.adapter.saml.sb - done (Start Level Event Dispatcher, com.corisecio.bsf.adapter.core.main.Activator)
2022-07-09 04:40:26.192 +0500: INFO - 01-unkn00-1999992 - Info: Bundlestate for bsf.adapter.saml.sb: 32 (Start Level Event Dispatcher, com.corisecio.bsf.adapter.core.main.AdapterManager)
2022-07-09 04:40:26.192 +0500: INFO - 01-unkn00-1999992 - Info: Starting ... C:\SOA-DEMO\Tomcat\webapps\wsdl\adapter\bsf.adapter.soap.httpbridge_2.1.1.0120.jar (Start Level Event Dispatcher, com.corisecio.bsf.adapter.core.main.AdapterManager)
2022-07-09 04:40:26.520 +0500: INFO - 01-htbr01-1300001 - Starting bundle bsf.adapter.soap.httpbridge (Start Level Event Dispatcher, com.corisecio.bsf.adapter.core.main.Activator)
2022-07-09 04:40:26.520 +0500: INFO - 01-htbr01-1300002 - Starting bundle bsf.adapter.soap.httpbridge - done (Start Level Event Dispatcher, com.corisecio.bsf.adapter.core.main.Activator)
2022-07-09 04:40:26.536 +0500: INFO - 01-unkn00-1999992 - Info: Bundlestate for bsf.adapter.soap.httpbridge: 32 (Start Level Event Dispatcher, com.corisecio.bsf.adapter.core.main.AdapterManager)
2022-07-09 04:40:26.536 +0500: INFO - 01-unkn00-1999992 - Info: Starting ... C:\SOA-DEMO\Tomcat\webapps\wsdl\adapter\bsf.adapter.soap.httprecorder_2.1.1.0120.jar (Start Level Event Dispatcher, com.corisecio.bsf.adapter.core.main.AdapterManager)
2022-07-09 04:40:26.755 +0500: INFO - 01-reco01-1300001 - Starting bundle bsf.adapter.soap.httprecorder (Start Level Event Dispatcher, com.corisecio.bsf.adapter.core.main.Activator)
2022-07-09 04:40:26.755 +0500: INFO - 01-reco01-1300002 - Starting bundle bsf.adapter.soap.httprecorder - done (Start Level Event Dispatcher, com.corisecio.bsf.adapter.core.main.Activator)
2022-07-09 04:40:26.755 +0500: INFO - 01-unkn00-1999992 - Info: Bundlestate for bsf.adapter.soap.httprecorder: 32 (Start Level Event Dispatcher, com.corisecio.bsf.adapter.core.main.AdapterManager)
2022-07-09 04:40:26.755 +0500: INFO - 01-unkn00-1999992 - Info: Starting ... C:\SOA-DEMO\Tomcat\webapps\wsdl\adapter\bsf.adapter.ws.base_2.1.2.0120.jar (Start Level Event Dispatcher, com.corisecio.bsf.adapter.core.main.AdapterManager)
2022-07-09 04:40:29.270 +0500: INFO - 01-unkn00-1999992 - Info: Bundlestate for bsf.adapter.ws.base: 32 (Start Level Event Dispatcher, com.corisecio.bsf.adapter.core.main.AdapterManager)
2022-07-09 04:40:29.270 +0500: INFO - 01-unkn00-1999992 - Info: Starting ... C:\SOA-DEMO\Tomcat\webapps\wsdl\adapter\com.corisecio.bsf.sin.connector.utils.xml_2.1.1.0121.jar (Start Level Event Dispatcher, com.corisecio.bsf.adapter.core.main.AdapterManager)
2022-07-09 04:40:30.067 +0500: INFO - 05-xml101-1300001 - Starting bundle com.corisecio.bsf.sin.connector.utils.xml (Start Level Event Dispatcher, com.corisecio.bsf.adapter.core.main.Activator)
2022-07-09 04:40:30.083 +0500: INFO - 05-xml101-1300002 - Starting bundle com.corisecio.bsf.sin.connector.utils.xml - done (Start Level Event Dispatcher, com.corisecio.bsf.adapter.core.main.Activator)
2022-07-09 04:40:30.083 +0500: INFO - 01-unkn00-1999992 - Info: Bundlestate for com.corisecio.bsf.sin.connector.utils.xml: 32 (Start Level Event Dispatcher, com.corisecio.bsf.adapter.core.main.AdapterManager)
2022-07-09 04:40:30.083 +0500: INFO - 01-unkn00-1999992 - Info: Starting ... C:\SOA-DEMO\Tomcat\webapps\wsdl\adapter\bsf.adapter.ws.wss_2.3.1.0120.jar (Start Level Event Dispatcher, com.corisecio.bsf.adapter.core.main.AdapterManager)
2022-07-09 04:40:30.692 +0500: INFO - 01-wsse01-1300001 - Starting bundle bsf.adapter.ws.wss (Start Level Event Dispatcher, com.corisecio.bsf.adapter.core.main.Activator)
2022-07-09 04:40:30.692 +0500: INFO - 01-wsse01-1300002 - Starting bundle bsf.adapter.ws.wss - done (Start Level Event Dispatcher, com.corisecio.bsf.adapter.core.main.Activator)
2022-07-09 04:40:30.692 +0500: INFO - 01-unkn00-1999992 - Info: Bundlestate for bsf.adapter.ws.wss: 32 (Start Level Event Dispatcher, com.corisecio.bsf.adapter.core.main.AdapterManager)
2022-07-09 04:40:30.692 +0500: INFO - 01-unkn00-1999992 - Info: Starting ... C:\SOA-DEMO\Tomcat\webapps\wsdl\adapter\bsf.adapter.soap.xkms_2.3.1.0120.jar (Start Level Event Dispatcher, com.corisecio.bsf.adapter.core.main.AdapterManager)
2022-07-09 04:40:31.083 +0500: INFO - 05-xkms01-1300001 - Starting bundle bsf.adapter.soap.xkms (Start Level Event Dispatcher, com.corisecio.bsf.adapter.core.main.Activator)
2022-07-09 04:40:31.083 +0500: INFO - 05-xkms01-1300002 - Starting bundle bsf.adapter.soap.xkms - done (Start Level Event Dispatcher, com.corisecio.bsf.adapter.core.main.Activator)
2022-07-09 04:40:31.083 +0500: INFO - 01-unkn00-1999992 - Info: Bundlestate for bsf.adapter.soap.xkms: 32 (Start Level Event Dispatcher, com.corisecio.bsf.adapter.core.main.AdapterManager)
2022-07-09 04:40:31.083 +0500: INFO - 01-unkn00-1999992 - Info: Starting ... C:\SOA-DEMO\Tomcat\webapps\wsdl\adapter\bsf.adapter.ws.sb_2.3.1.0120.jar (Start Level Event Dispatcher, com.corisecio.bsf.adapter.core.main.AdapterManager)
2022-07-09 04:40:31.739 +0500: INFO - Creating Logger for com.corisecio.bsf.adapter.ws.sb.Activator (Start Level Event Dispatcher, com.corisecio.bsf.adapter.core.logging.console.ConsoleLoggerFactory)
2022-07-09 04:40:31.739 +0500: INFO - 01-unkn00-1999992 - Info: Starting bsf.adapter.ws.sb (Start Level Event Dispatcher, com.corisecio.bsf.adapter.ws.sb.Activator)
2022-07-09 04:40:31.739 +0500: INFO - 01-unkn00-1999992 - Info: Starting bsf.adapter.ws.sb - done (Start Level Event Dispatcher, com.corisecio.bsf.adapter.ws.sb.Activator)
2022-07-09 04:40:31.739 +0500: INFO - 01-unkn00-1999992 - Info: Bundlestate for bsf.adapter.ws.sb: 32 (Start Level Event Dispatcher, com.corisecio.bsf.adapter.core.main.AdapterManager)
2022-07-09 04:40:31.739 +0500: INFO - 01-unkn00-1999992 - Info: Starting ... C:\SOA-DEMO\Tomcat\webapps\wsdl\adapter\com.corisecio.bsf.adapter.mcl.ws_2.1.1.0120.jar (Start Level Event Dispatcher, com.corisecio.bsf.adapter.core.main.AdapterManager)
2022-07-09 04:40:32.739 +0500: INFO - 01-bcor01-1300001 - Starting bundle com.corisecio.bsf.adapter.mcl.ws (Start Level Event Dispatcher, com.corisecio.bsf.adapter.core.main.Activator)
2022-07-09 04:40:32.739 +0500: INFO - 01-bcor01-1300002 - Starting bundle com.corisecio.bsf.adapter.mcl.ws - done (Start Level Event Dispatcher, com.corisecio.bsf.adapter.core.main.Activator)
2022-07-09 04:40:33.036 +0500: INFO - 01-unkn00-1999992 - Info: Bundlestate for com.corisecio.bsf.adapter.mcl.ws: 32 (Start Level Event Dispatcher, com.corisecio.bsf.adapter.core.main.AdapterManager)
2022-07-09 04:40:33.036 +0500: INFO - 01-unkn00-1999992 - Info: Starting ... C:\SOA-DEMO\Tomcat\webapps\wsdl\adapter\bsf.adapter.persistence.ac_2.1.1.0152.jar (Start Level Event Dispatcher, com.corisecio.bsf.adapter.core.main.AdapterManager)
2022-07-09 04:40:34.083 +0500: INFO - 01-unkn00-1999992 - Info: Bundlestate for com.corisecio.bsf.adapter.persistence.ac: 32 (Start Level Event Dispatcher, com.corisecio.bsf.adapter.core.main.AdapterManager)
2022-07-09 04:40:34.083 +0500: INFO - 01-unkn00-1999992 - Info: Starting ... C:\SOA-DEMO\Tomcat\webapps\wsdl\adapter\com.corisecio.bsf.aps.sync_2.1.1.0120.jar (Start Level Event Dispatcher, com.corisecio.bsf.adapter.core.main.AdapterManager)
2022-07-09 04:40:34.864 +0500: INFO - 01-unkn00-1999992 - Info: Bundlestate for com.corisecio.bsf.aps.sync: 32 (Start Level Event Dispatcher, com.corisecio.bsf.adapter.core.main.AdapterManager)
2022-07-09 04:40:34.864 +0500: INFO - 01-unkn00-1999992 - Info: Starting ... C:\SOA-DEMO\Tomcat\webapps\wsdl\adapter\com.corisecio.bsf.icm.mrt_2.1.0.0120.jar (Start Level Event Dispatcher, com.corisecio.bsf.adapter.core.main.AdapterManager)
2022-07-09 04:40:35.521 +0500: INFO - 01-bcor01-1300001 - Starting bundle com.corisecio.bsf.icm.mrt (Start Level Event Dispatcher, com.corisecio.bsf.adapter.core.main.Activator)
2022-07-09 04:40:35.521 +0500: INFO - 01-bcor01-1300002 - Starting bundle com.corisecio.bsf.icm.mrt - done (Start Level Event Dispatcher, com.corisecio.bsf.adapter.core.main.Activator)
2022-07-09 04:40:35.552 +0500: INFO - 01-unkn00-1999992 - Info: Bundlestate for com.corisecio.bsf.icm.mrt: 32 (Start Level Event Dispatcher, com.corisecio.bsf.adapter.core.main.AdapterManager)
2022-07-09 04:40:35.552 +0500: INFO - 01-unkn00-1999992 - Info: Starting ... C:\SOA-DEMO\Tomcat\webapps\wsdl\adapter\com.corisecio.bsf.sac.connector.role_2.1.1.0121.jar (Start Level Event Dispatcher, com.corisecio.bsf.adapter.core.main.AdapterManager)
2022-07-09 04:40:36.161 +0500: INFO - 01-rol101-1300001 - Starting bundle com.corisecio.bsf.sac.connector.role (Start Level Event Dispatcher, com.corisecio.bsf.adapter.core.main.Activator)
2022-07-09 04:40:36.161 +0500: INFO - 01-rol101-1300002 - Starting bundle com.corisecio.bsf.sac.connector.role - done (Start Level Event Dispatcher, com.corisecio.bsf.adapter.core.main.Activator)
2022-07-09 04:40:36.161 +0500: INFO - 01-unkn00-1999992 - Info: Bundlestate for com.corisecio.bsf.sac.connector.role: 32 (Start Level Event Dispatcher, com.corisecio.bsf.adapter.core.main.AdapterManager)
2022-07-09 04:40:36.161 +0500: INFO - 01-unkn00-1999992 - Info: Starting ... C:\SOA-DEMO\Tomcat\webapps\wsdl\adapter\com.corisecio.bsf.sem.impexp_2.1.1.0121.jar (Start Level Event Dispatcher, com.corisecio.bsf.adapter.core.main.AdapterManager)
2022-07-09 04:40:36.646 +0500: INFO - 01-unkn00-1999992 - Info: Bundlestate for com.corisecio.bsf.sem.impexp: 32 (Start Level Event Dispatcher, com.corisecio.bsf.adapter.core.main.AdapterManager)
2022-07-09 04:40:36.646 +0500: INFO - 01-unkn00-1999992 - Info: Starting ... C:\SOA-DEMO\Tomcat\webapps\wsdl\adapter\com.corisecio.bsf.sem.role.ac_2.1.1.0131.jar (Start Level Event Dispatcher, com.corisecio.bsf.adapter.core.main.AdapterManager)
2022-07-09 04:40:37.396 +0500: INFO - 01-unkn00-1999992 - Info: Bundlestate for com.corisecio.bsf.sem.role.ac: 32 (Start Level Event Dispatcher, com.corisecio.bsf.adapter.core.main.AdapterManager)
2022-07-09 04:40:37.396 +0500: INFO - 01-unkn00-1999992 - Info: Starting ... C:\SOA-DEMO\Tomcat\webapps\wsdl\adapter\com.corisecio.bsf.sem.role.mrt_2.1.0.0120.jar (Start Level Event Dispatcher, com.corisecio.bsf.adapter.core.main.AdapterManager)
2022-07-09 04:40:37.833 +0500: INFO - 01-bcor01-1300001 - Starting bundle com.corisecio.bsf.sem.role.mrt (Start Level Event Dispatcher, com.corisecio.bsf.adapter.core.main.Activator)
2022-07-09 04:40:37.833 +0500: INFO - 01-bcor01-1300002 - Starting bundle com.corisecio.bsf.sem.role.mrt - done (Start Level Event Dispatcher, com.corisecio.bsf.adapter.core.main.Activator)
2022-07-09 04:40:37.849 +0500: INFO - 01-unkn00-1999992 - Info: Bundlestate for com.corisecio.bsf.sem.role.mrt: 32 (Start Level Event Dispatcher, com.corisecio.bsf.adapter.core.main.AdapterManager)
2022-07-09 04:40:37.849 +0500: INFO - 01-unkn00-1999992 - Info: Starting ... C:\SOA-DEMO\Tomcat\webapps\wsdl\adapter\com.corisecio.bsf.sem.user.ac_2.1.1.0131.jar (Start Level Event Dispatcher, com.corisecio.bsf.adapter.core.main.AdapterManager)
2022-07-09 04:40:38.318 +0500: INFO - 01-unkn00-1999992 - Info: Bundlestate for com.corisecio.bsf.sem.user.ac: 32 (Start Level Event Dispatcher, com.corisecio.bsf.adapter.core.main.AdapterManager)
2022-07-09 04:40:38.318 +0500: INFO - 01-unkn00-1999992 - Info: Starting ... C:\SOA-DEMO\Tomcat\webapps\wsdl\adapter\com.corisecio.bsf.sin.filestore_2.1.0.0120.jar (Start Level Event Dispatcher, com.corisecio.bsf.adapter.core.main.AdapterManager)
2022-07-09 04:40:39.068 +0500: INFO - 01-bcor01-1300001 - Starting bundle com.corisecio.bsf.sin.filestore (Start Level Event Dispatcher, com.corisecio.bsf.adapter.core.main.Activator)
2022-07-09 04:40:39.068 +0500: INFO - 01-bcor01-1300002 - Starting bundle com.corisecio.bsf.sin.filestore - done (Start Level Event Dispatcher, com.corisecio.bsf.adapter.core.main.Activator)
2022-07-09 04:40:39.083 +0500: INFO - 01-unkn00-1999992 - Info: Bundlestate for com.corisecio.bsf.sin.filestore: 32 (Start Level Event Dispatcher, com.corisecio.bsf.adapter.core.main.AdapterManager)
2022-07-09 04:40:39.083 +0500: INFO - 01-unkn00-1999992 - Info: Starting ... C:\SOA-DEMO\Tomcat\webapps\wsdl\adapter\com.corisecio.bsf.sem.user.mrt_2.1.0.0120.jar (Start Level Event Dispatcher, com.corisecio.bsf.adapter.core.main.AdapterManager)
2022-07-09 04:40:39.599 +0500: INFO - 01-bcor01-1300001 - Starting bundle com.corisecio.bsf.sem.user.mrt (Start Level Event Dispatcher, com.corisecio.bsf.adapter.core.main.Activator)
2022-07-09 04:40:39.599 +0500: INFO - 01-bcor01-1300002 - Starting bundle com.corisecio.bsf.sem.user.mrt - done (Start Level Event Dispatcher, com.corisecio.bsf.adapter.core.main.Activator)
2022-07-09 04:40:39.661 +0500: INFO - Creating Logger for com.corisecio.bsf.sem.user.mrt.manager.UserPlugin (Start Level Event Dispatcher, com.corisecio.bsf.adapter.core.logging.console.ConsoleLoggerFactory)
2022-07-09 04:40:39.708 +0500: INFO - 01-unkn00-1999992 - Info: Bundlestate for com.corisecio.bsf.sem.user.mrt: 32 (Start Level Event Dispatcher, com.corisecio.bsf.adapter.core.main.AdapterManager)
2022-07-09 04:40:39.708 +0500: INFO - 01-unkn00-1999992 - Info: Starting ... C:\SOA-DEMO\Tomcat\webapps\wsdl\adapter\com.corisecio.bsf.sin.httpbridge_2.1.1.0121.jar (Start Level Event Dispatcher, com.corisecio.bsf.adapter.core.main.AdapterManager)
2022-07-09 04:40:40.115 +0500: INFO - 01-unkn00-1999992 - Info: Bundlestate for com.corisecio.bsf.sin.httpbridge: 32 (Start Level Event Dispatcher, com.corisecio.bsf.adapter.core.main.AdapterManager)
2022-07-09 04:40:40.115 +0500: INFO - 01-unkn00-1999992 - Info: Starting ... C:\SOA-DEMO\Tomcat\webapps\wsdl\adapter\com.corisecio.bsf.skm.enterprise.ac_2.1.1.0121.jar (Start Level Event Dispatcher, com.corisecio.bsf.adapter.core.main.AdapterManager)
2022-07-09 04:40:40.661 +0500: INFO - 01-unkn00-1999992 - Info: Bundlestate for com.corisecio.bsf.skm.enterprise.ac: 32 (Start Level Event Dispatcher, com.corisecio.bsf.adapter.core.main.AdapterManager)
2022-07-09 04:40:40.661 +0500: INFO - 01-unkn00-1999992 - Info: Starting ... C:\SOA-DEMO\Tomcat\webapps\wsdl\adapter\com.corisecio.bsf.skm.enterprise.base_2.1.1.0121.jar (Start Level Event Dispatcher, com.corisecio.bsf.adapter.core.main.AdapterManager)
2022-07-09 04:40:41.255 +0500: INFO - 05-pers01-1300001 - Starting bundle com.corisecio.bsf.skm.enterprise.base (Start Level Event Dispatcher, com.corisecio.bsf.adapter.core.main.Activator)
2022-07-09 04:40:41.255 +0500: INFO - 05-pers01-1300002 - Starting bundle com.corisecio.bsf.skm.enterprise.base - done (Start Level Event Dispatcher, com.corisecio.bsf.adapter.core.main.Activator)
2022-07-09 04:40:41.255 +0500: INFO - 01-unkn00-1999992 - Info: Bundlestate for com.corisecio.bsf.skm.enterprise.base: 32 (Start Level Event Dispatcher, com.corisecio.bsf.adapter.core.main.AdapterManager)
2022-07-09 04:40:41.255 +0500: INFO - 01-unkn00-1999992 - Info: Starting ... C:\SOA-DEMO\Tomcat\webapps\wsdl\adapter\com.corisecio.bsf.skm.enterprise.mrt_2.1.0.0120.jar (Start Level Event Dispatcher, com.corisecio.bsf.adapter.core.main.AdapterManager)
2022-07-09 04:40:42.677 +0500: INFO - 01-bcor01-1300001 - Starting bundle com.corisecio.bsf.skm.enterprise.mrt (Start Level Event Dispatcher, com.corisecio.bsf.adapter.core.main.Activator)
2022-07-09 04:40:42.677 +0500: INFO - 01-bcor01-1300002 - Starting bundle com.corisecio.bsf.skm.enterprise.mrt - done (Start Level Event Dispatcher, com.corisecio.bsf.adapter.core.main.Activator)
2022-07-09 04:40:42.677 +0500: INFO - 01-unkn00-1999992 - Info: Bundlestate for com.corisecio.bsf.skm.enterprise.mrt: 32 (Start Level Event Dispatcher, com.corisecio.bsf.adapter.core.main.AdapterManager)
2022-07-09 04:40:42.677 +0500: INFO - 01-unkn00-1999992 - Info: Starting ... C:\SOA-DEMO\Tomcat\webapps\wsdl\adapter\com.corisecio.bsf.skm.mrt_2.1.0.0120.jar (Start Level Event Dispatcher, com.corisecio.bsf.adapter.core.main.AdapterManager)
2022-07-09 04:40:43.411 +0500: INFO - 01-bcor01-1300001 - Starting bundle com.corisecio.bsf.skm.mrt (Start Level Event Dispatcher, com.corisecio.bsf.adapter.core.main.Activator)
2022-07-09 04:40:43.411 +0500: INFO - 01-bcor01-1300002 - Starting bundle com.corisecio.bsf.skm.mrt - done (Start Level Event Dispatcher, com.corisecio.bsf.adapter.core.main.Activator)
2022-07-09 04:40:43.411 +0500: INFO - 01-unkn00-1999992 - Info: Bundlestate for com.corisecio.bsf.skm.mrt: 32 (Start Level Event Dispatcher, com.corisecio.bsf.adapter.core.main.AdapterManager)
2022-07-09 04:40:43.411 +0500: INFO - 01-unkn00-1999992 - Info: Starting ... C:\SOA-DEMO\Tomcat\webapps\wsdl\adapter\bsf.adapter.core.workflow_2.1.2.0121.jar (Start Level Event Dispatcher, com.corisecio.bsf.adapter.core.main.AdapterManager)
2022-07-09 04:40:43.990 +0500: INFO - Creating Logger for com.corisecio.bsf.adapter.core.workflow.Activator (Start Level Event Dispatcher, com.corisecio.bsf.adapter.core.logging.console.ConsoleLoggerFactory)
2022-07-09 04:40:43.990 +0500: INFO - 01-unkn00-1999992 - Info: Starting bsf.adapter.core.workflow (Start Level Event Dispatcher, com.corisecio.bsf.adapter.core.workflow.Activator)
2022-07-09 04:40:43.990 +0500: INFO - 01-work01-1300001 - Starting bundle bsf.adapter.core.workflow (Start Level Event Dispatcher, com.corisecio.bsf.adapter.core.main.Activator)
2022-07-09 04:40:43.990 +0500: INFO - 01-work01-1300002 - Starting bundle bsf.adapter.core.workflow - done (Start Level Event Dispatcher, com.corisecio.bsf.adapter.core.main.Activator)
2022-07-09 04:40:43.990 +0500: INFO - 01-unkn00-1999992 - Info: Starting bsf.adapter.core.workflow - done (Start Level Event Dispatcher, com.corisecio.bsf.adapter.core.workflow.Activator)
2022-07-09 04:40:43.990 +0500: INFO - 01-unkn00-1999992 - Info: Bundlestate for bsf.adapter.core.workflow: 32 (Start Level Event Dispatcher, com.corisecio.bsf.adapter.core.main.AdapterManager)
2022-07-09 04:40:43.990 +0500: INFO - 01-unkn00-1999992 - Info: Starting ... C:\SOA-DEMO\Tomcat\webapps\wsdl\adapter\bsf.adapter.core.workflowConfiguration_2.1.1.0131.jar (Start Level Event Dispatcher, com.corisecio.bsf.adapter.core.main.AdapterManager)
2022-07-09 04:40:46.814 +0500: INFO - Creating Logger for com.corisecio.bsf.adapter.core.workflowConfiguration.Activator (Start Level Event Dispatcher, com.corisecio.bsf.adapter.core.logging.console.ConsoleLoggerFactory)
2022-07-09 04:40:46.814 +0500: INFO - 01-unkn00-1999992 - Info: Starting bsf.adapter.core.workflowConfiguration (Start Level Event Dispatcher, com.corisecio.bsf.adapter.core.workflowConfiguration.Activator)
2022-07-09 04:40:46.830 +0500: INFO - 01-unkn00-1999992 - Info: ADAPTER_PATH = C:\SOA-DEMO\Tomcat\webapps\wsdl\adapter (Start Level Event Dispatcher, com.corisecio.bsf.adapter.core.workflowConfiguration.Activator)
2022-07-09 04:41:03.316 +0500: INFO - 01-unkn00-1999992 - Info: Starting bsf.adapter.core.workflowConfiguration - Starting HttpServiceTracker (Start Level Event Dispatcher, com.corisecio.bsf.adapter.core.workflowConfiguration.Activator)
2022-07-09 04:41:03.332 +0500: INFO - 01-unkn00-1999992 - Info: Registering web application at /onASConsole/wfm (Start Level Event Dispatcher, com.corisecio.bsf.adapter.core.workflowConfiguration.Activator)
2022-07-09 04:41:03.504 +0500: INFO - 01-unkn00-1999992 - Info: Starting bsf.adapter.core.workflowConfiguration - Starting HttpServiceTracker - done (Start Level Event Dispatcher, com.corisecio.bsf.adapter.core.workflowConfiguration.Activator)
2022-07-09 04:41:03.519 +0500: INFO - 01-unkn00-1999992 - Info: Starting bsf.adapter.core.workflowConfiguration - done (Start Level Event Dispatcher, com.corisecio.bsf.adapter.core.workflowConfiguration.Activator)
2022-07-09 04:41:03.519 +0500: INFO - 01-unkn00-1999992 - Info: Bundlestate for bsf.adapter.core.workflowConfiguration: 32 (Start Level Event Dispatcher, com.corisecio.bsf.adapter.core.main.AdapterManager)
2022-07-09 04:41:03.519 +0500: WARN - 01-unkn00-2999999 - An unknown error occurred; Database is either not configured or configured inproperly. (Start Level Event Dispatcher, com.corisecio.bsf.adapter.core.workflowConfiguration.Activator)
2022-07-09 04:41:03.519 +0500: INFO - 01-bacm01-1300002 - Starting bundle bsf.adapter.core.main - done (Start Level Event Dispatcher, com.corisecio.bsf.adapter.core.main.Activator)
2022-07-09 04:41:03.582 +0500: INFO - Creating Logger for com.corisecio.bsf.adapter.core.main.user.BasicUserManagement (Thread-6, com.corisecio.bsf.adapter.core.logging.console.ConsoleLoggerFactory)
