2022-07-09 04:38:35.400 +0500: INFO - Creating Logger for com.corisecio.bsf.adapter.core.logging.Activator (Start Level Event Dispatcher, com.corisecio.bsf.adapter.core.logging.console.ConsoleLoggerFactory)
2022-07-09 04:38:35.416 +0500: INFO - 01-bacl01-1300002 - Starting bundle bsf.adapter.core.logging - done (Start Level Event Dispatcher, com.corisecio.bsf.adapter.core.logging.Activator)
2022-07-09 04:38:35.525 +0500: INFO - Creating Logger for com.corisecio.bsf.adapter.core.adapter.Activator (Start Level Event Dispatcher, com.corisecio.bsf.adapter.core.logging.console.ConsoleLoggerFactory)
2022-07-09 04:38:35.525 +0500: INFO - 01-bsca01-1300001 - Starting bundle ${0} (Start Level Event Dispatcher, com.corisecio.bsf.adapter.core.adapter.Activator)
2022-07-09 04:38:35.525 +0500: INFO - 01-bsca01-1300002 - Starting bundle ${0} - done (Start Level Event Dispatcher, com.corisecio.bsf.adapter.core.adapter.Activator)
2022-07-09 04:38:37.994 +0500: INFO - Creating Logger for com.corisecio.bsf.adapter.core.main.Activator (Start Level Event Dispatcher, com.corisecio.bsf.adapter.core.logging.console.ConsoleLoggerFactory)
2022-07-09 04:38:38.010 +0500: INFO - 01-bacm01-1300001 - Starting bundle bsf.adapter.core.main (Start Level Event Dispatcher, com.corisecio.bsf.adapter.core.main.Activator)
2022-07-09 04:38:38.057 +0500: INFO - 01-bacm01-1600100 - Adapter path is C:\SOA-DEMO\Tomcat\webapps\consumer\adapter (Start Level Event Dispatcher, com.corisecio.bsf.adapter.core.main.Activator)
2022-07-09 04:38:50.667 +0500: INFO - Creating Logger for com.corisecio.bsf.adapter.core.main.AdapterManager (Start Level Event Dispatcher, com.corisecio.bsf.adapter.core.logging.console.ConsoleLoggerFactory)
2022-07-09 04:38:56.917 +0500: INFO - 01-unkn00-1999992 - Info: org.eclipse.core.runtime.internal.adaptor.ContextFinder@1c1f5b2 (Start Level Event Dispatcher, com.corisecio.bsf.adapter.core.main.AdapterManager)
2022-07-09 04:38:56.917 +0500: INFO - 01-unkn00-1999992 - Info: org.eclipse.core.runtime.internal.adaptor.ContextFinder@1c1f5b2 (Start Level Event Dispatcher, com.corisecio.bsf.adapter.core.main.AdapterManager)
2022-07-09 04:38:56.948 +0500: INFO - 01-unkn00-1999992 - Info: Stopping Bundles ............................. (Start Level Event Dispatcher, com.corisecio.bsf.adapter.core.main.AdapterManager)
2022-07-09 04:38:56.964 +0500: INFO - 01-unkn00-1999992 - Info: 5.bsf.adapter.core.main (Start Level Event Dispatcher, com.corisecio.bsf.adapter.core.main.AdapterManager)
2022-07-09 04:38:56.964 +0500: INFO - 01-unkn00-1999992 - Info: 4.bsf.adapter.core.adapter (Start Level Event Dispatcher, com.corisecio.bsf.adapter.core.main.AdapterManager)
2022-07-09 04:38:56.964 +0500: INFO - 01-unkn00-1999992 - Info: 3.bsf.adapter.core.logging (Start Level Event Dispatcher, com.corisecio.bsf.adapter.core.main.AdapterManager)
2022-07-09 04:38:56.964 +0500: INFO - 01-unkn00-1999992 - Info: 2.org.eclipse.osgi.services (Start Level Event Dispatcher, com.corisecio.bsf.adapter.core.main.AdapterManager)
2022-07-09 04:38:56.964 +0500: INFO - 01-unkn00-1999992 - Info: 1.com.corisecio.bsf.sin.fragment.bundle (Start Level Event Dispatcher, com.corisecio.bsf.adapter.core.main.AdapterManager)
2022-07-09 04:38:56.964 +0500: INFO - 01-unkn00-1999992 - Info: 0.org.eclipse.osgi (Start Level Event Dispatcher, com.corisecio.bsf.adapter.core.main.AdapterManager)
2022-07-09 04:38:56.964 +0500: INFO - 01-unkn00-1999992 - Info: Stopping Bundles ............................. DONE (Start Level Event Dispatcher, com.corisecio.bsf.adapter.core.main.AdapterManager)
2022-07-09 04:38:56.980 +0500: INFO - 01-unkn00-1999992 - Info: Starting ... C:\SOA-DEMO\Tomcat\webapps\consumer\adapter\bsf.adapter.http.base_2.1.1.0131.jar (Start Level Event Dispatcher, com.corisecio.bsf.adapter.core.main.AdapterManager)
2022-07-09 04:38:57.261 +0500: INFO - Creating Logger for com.corisecio.bsf.adapter.http.base.Activator (Start Level Event Dispatcher, com.corisecio.bsf.adapter.core.logging.console.ConsoleLoggerFactory)
2022-07-09 04:38:57.276 +0500: INFO - 01-unkn00-1999992 - Info: Starting com.corisecio.bsf.adapter.http.base (Start Level Event Dispatcher, com.corisecio.bsf.adapter.http.base.Activator)
2022-07-09 04:38:57.276 +0500: INFO - 01-unkn00-1999992 - Info: Starting com.corisecio.bsf.adapter.http.base - done (Start Level Event Dispatcher, com.corisecio.bsf.adapter.http.base.Activator)
2022-07-09 04:38:57.276 +0500: INFO - 01-unkn00-1999992 - Info: Bundlestate for bsf.adapter.http.base: 32 (Start Level Event Dispatcher, com.corisecio.bsf.adapter.core.main.AdapterManager)
2022-07-09 04:38:57.276 +0500: INFO - 01-unkn00-1999992 - Info: Starting ... C:\SOA-DEMO\Tomcat\webapps\consumer\adapter\bsf.adapter.util.crypto_2.1.1.0123.jar (Start Level Event Dispatcher, com.corisecio.bsf.adapter.core.main.AdapterManager)
2022-07-09 04:38:57.526 +0500: INFO - Creating Logger for com.corisecio.bsf.adapter.http.base.GC (Thread-19, com.corisecio.bsf.adapter.core.logging.console.ConsoleLoggerFactory)
2022-07-09 04:38:57.526 +0500: INFO - 01-unkn00-1999992 - Info: Starting ... gc (Thread-19, com.corisecio.bsf.adapter.http.base.GC)
2022-07-09 04:38:57.698 +0500: INFO - Creating Logger for com.corisecio.bsf.adapter.util.crypto.Activator (Start Level Event Dispatcher, com.corisecio.bsf.adapter.core.logging.console.ConsoleLoggerFactory)
2022-07-09 04:38:57.714 +0500: INFO - 01-unkn00-1999992 - Info: Starting com.corisecio.bsf.adapter.util.crypto (Start Level Event Dispatcher, com.corisecio.bsf.adapter.util.crypto.Activator)
2022-07-09 04:38:57.714 +0500: INFO - 01-unkn00-1999992 - Info: Starting com.corisecio.bsf.adapter.util.crypto - done (Start Level Event Dispatcher, com.corisecio.bsf.adapter.util.crypto.Activator)
2022-07-09 04:38:57.730 +0500: INFO - 01-unkn00-1999992 - Info: Bundlestate for bsf.adapter.util.crypto: 32 (Start Level Event Dispatcher, com.corisecio.bsf.adapter.core.main.AdapterManager)
2022-07-09 04:38:57.730 +0500: INFO - 01-unkn00-1999992 - Info: Starting ... C:\SOA-DEMO\Tomcat\webapps\consumer\adapter\bsf.adapter.util.script_2.1.1.0121.jar (Start Level Event Dispatcher, com.corisecio.bsf.adapter.core.main.AdapterManager)
2022-07-09 04:38:58.026 +0500: INFO - 01-unkn00-1999992 - Info: Bundlestate for bsf.adapter.util.script: 32 (Start Level Event Dispatcher, com.corisecio.bsf.adapter.core.main.AdapterManager)
2022-07-09 04:38:58.120 +0500: INFO - 01-unkn00-1999992 - Info: Starting ... C:\SOA-DEMO\Tomcat\webapps\consumer\adapter\bsf.adapter.persistence_2.1.1.0121.jar (Start Level Event Dispatcher, com.corisecio.bsf.adapter.core.main.AdapterManager)
2022-07-09 04:39:03.308 +0500: INFO - Creating Logger for com.corisecio.bsf.adapter.persistence.Database (Start Level Event Dispatcher, com.corisecio.bsf.adapter.core.logging.console.ConsoleLoggerFactory)
2022-07-09 04:39:08.996 +0500: INFO - 01-unkn00-1999992 - Info: Bundlestate for com.corisecio.bsf.adapter.persistence: 32 (Start Level Event Dispatcher, com.corisecio.bsf.adapter.core.main.AdapterManager)
2022-07-09 04:39:09.230 +0500: INFO - 01-unkn00-1999992 - Info: Starting ... C:\SOA-DEMO\Tomcat\webapps\consumer\adapter\com.corisecio.bsf.sem.impexp.base_2.1.1.0121.jar (Start Level Event Dispatcher, com.corisecio.bsf.adapter.core.main.AdapterManager)
2022-07-09 04:39:10.199 +0500: INFO - 01-unkn00-1999992 - Info: Bundlestate for com.corisecio.bsf.sem.impexp.base: 32 (Start Level Event Dispatcher, com.corisecio.bsf.adapter.core.main.AdapterManager)
2022-07-09 04:39:10.215 +0500: INFO - 01-unkn00-1999992 - Info: Starting ... C:\SOA-DEMO\Tomcat\webapps\consumer\adapter\com.corisecio.bsf.icm.base_2.1.1.0121.jar (Start Level Event Dispatcher, com.corisecio.bsf.adapter.core.main.AdapterManager)
2022-07-09 04:39:10.621 +0500: INFO - 01-unkn00-1999992 - Info: Bundlestate for com.corisecio.bsf.icm.base: 32 (Start Level Event Dispatcher, com.corisecio.bsf.adapter.core.main.AdapterManager)
2022-07-09 04:39:10.621 +0500: INFO - 01-unkn00-1999992 - Info: Starting ... C:\SOA-DEMO\Tomcat\webapps\consumer\adapter\com.corisecio.bsf.skm.base_2.1.1.0121.jar (Start Level Event Dispatcher, com.corisecio.bsf.adapter.core.main.AdapterManager)
2022-07-09 04:39:10.980 +0500: INFO - 05-pers01-1300001 - Starting bundle com.corisecio.bsf.skm.base (Start Level Event Dispatcher, com.corisecio.bsf.adapter.core.main.Activator)
2022-07-09 04:39:10.980 +0500: INFO - 05-pers01-1300002 - Starting bundle com.corisecio.bsf.skm.base - done (Start Level Event Dispatcher, com.corisecio.bsf.adapter.core.main.Activator)
2022-07-09 04:39:11.277 +0500: INFO - Creating Logger for com.corisecio.bsf.adapter.persistence.MyResolver (Start Level Event Dispatcher, com.corisecio.bsf.adapter.core.logging.console.ConsoleLoggerFactory)
2022-07-09 04:39:11.465 +0500: INFO - 01-unkn00-1999992 - Info: Bundlestate for com.corisecio.bsf.skm.base: 32 (Start Level Event Dispatcher, com.corisecio.bsf.adapter.core.main.AdapterManager)
2022-07-09 04:39:11.465 +0500: INFO - 01-unkn00-1999992 - Info: Starting ... C:\SOA-DEMO\Tomcat\webapps\consumer\adapter\com.corisecio.bsf.sem.user.base_2.1.1.0121.jar (Start Level Event Dispatcher, com.corisecio.bsf.adapter.core.main.AdapterManager)
2022-07-09 04:39:13.402 +0500: INFO - 01-unkn00-1999992 - Info: Bundlestate for com.corisecio.bsf.sem.user.base: 32 (Start Level Event Dispatcher, com.corisecio.bsf.adapter.core.main.AdapterManager)
2022-07-09 04:39:13.402 +0500: INFO - 01-unkn00-1999992 - Info: Starting ... C:\SOA-DEMO\Tomcat\webapps\consumer\adapter\com.corisecio.bsf.sem.role.base_2.1.1.0121.jar (Start Level Event Dispatcher, com.corisecio.bsf.adapter.core.main.AdapterManager)
2022-07-09 04:39:13.746 +0500: INFO - 01-unkn00-1999992 - Info: Bundlestate for com.corisecio.bsf.sem.role.base: 32 (Start Level Event Dispatcher, com.corisecio.bsf.adapter.core.main.AdapterManager)
2022-07-09 04:39:13.746 +0500: INFO - 01-unkn00-1999992 - Info: Starting ... C:\SOA-DEMO\Tomcat\webapps\consumer\adapter\com.corisecio.bsf.sin.onASConsole_2.1.1.0150.jar (Start Level Event Dispatcher, com.corisecio.bsf.adapter.core.main.AdapterManager)
2022-07-09 04:39:14.887 +0500: INFO - 05-pers01-1300001 - Starting bundle com.corisecio.bsf.sin.onASConsole (Start Level Event Dispatcher, com.corisecio.bsf.adapter.core.main.Activator)
2022-07-09 04:39:14.887 +0500: INFO - 05-pers01-1300002 - Starting bundle com.corisecio.bsf.sin.onASConsole - done (Start Level Event Dispatcher, com.corisecio.bsf.adapter.core.main.Activator)
2022-07-09 04:39:14.902 +0500: INFO - 01-unkn00-1999992 - Info: Bundlestate for com.corisecio.bsf.sin.onASConsole: 32 (Start Level Event Dispatcher, com.corisecio.bsf.adapter.core.main.AdapterManager)
2022-07-09 04:39:14.902 +0500: INFO - 01-unkn00-1999992 - Info: Starting ... C:\SOA-DEMO\Tomcat\webapps\consumer\adapter\bsf.adapter.http.proxy_2.1.1.0120.jar (Start Level Event Dispatcher, com.corisecio.bsf.adapter.core.main.AdapterManager)
2022-07-09 04:39:15.668 +0500: INFO - Creating Logger for com.corisecio.bsf.adapter.http.proxy.Activator (Start Level Event Dispatcher, com.corisecio.bsf.adapter.core.logging.console.ConsoleLoggerFactory)
2022-07-09 04:39:15.684 +0500: INFO - 01-unkn00-1999992 - Info: Starting com.corisecio.bsf.adapter.http.proxy (Start Level Event Dispatcher, com.corisecio.bsf.adapter.http.proxy.Activator)
2022-07-09 04:39:15.684 +0500: INFO - 01-unkn00-1999992 - Info: Starting com.corisecio.bsf.adapter.http.proxy - done (Start Level Event Dispatcher, com.corisecio.bsf.adapter.http.proxy.Activator)
2022-07-09 04:39:15.684 +0500: INFO - 01-unkn00-1999992 - Info: Bundlestate for bsf.adapter.http.proxy: 32 (Start Level Event Dispatcher, com.corisecio.bsf.adapter.core.main.AdapterManager)
2022-07-09 04:39:15.684 +0500: INFO - 01-unkn00-1999992 - Info: Starting ... C:\SOA-DEMO\Tomcat\webapps\consumer\adapter\bsf.adapter.http.tomcat_2.1.1.0120.jar (Start Level Event Dispatcher, com.corisecio.bsf.adapter.core.main.AdapterManager)
2022-07-09 04:39:17.168 +0500: INFO - Creating Logger for com.corisecio.bsf.adapter.http.tomcat.Activator (Start Level Event Dispatcher, com.corisecio.bsf.adapter.core.logging.console.ConsoleLoggerFactory)
2022-07-09 04:39:17.168 +0500: INFO - 01-unkn00-1999992 - Info: Starting com.corisecio.bsf.adapter.http.tomcat (Start Level Event Dispatcher, com.corisecio.bsf.adapter.http.tomcat.Activator)
2022-07-09 04:39:17.168 +0500: INFO - 01-unkn00-1999992 - Info: Starting com.corisecio.bsf.adapter.http.tomcat - done (Start Level Event Dispatcher, com.corisecio.bsf.adapter.http.tomcat.Activator)
2022-07-09 04:39:17.168 +0500: INFO - 01-unkn00-1999992 - Info: Bundlestate for bsf.adapter.http.tomcat: 32 (Start Level Event Dispatcher, com.corisecio.bsf.adapter.core.main.AdapterManager)
2022-07-09 04:39:17.168 +0500: INFO - 01-unkn00-1999992 - Info: Starting ... C:\SOA-DEMO\Tomcat\webapps\consumer\adapter\bsf.adapter.saml.base_2.3.1.0121.jar (Start Level Event Dispatcher, com.corisecio.bsf.adapter.core.main.AdapterManager)
2022-07-09 04:39:40.690 +0500: INFO - Creating Logger for com.corisecio.bsf.adapter.core.logging.Activator (Start Level Event Dispatcher, com.corisecio.bsf.adapter.core.logging.console.ConsoleLoggerFactory)
2022-07-09 04:39:40.706 +0500: INFO - 01-bacl01-1300002 - Starting bundle bsf.adapter.core.logging - done (Start Level Event Dispatcher, com.corisecio.bsf.adapter.core.logging.Activator)
2022-07-09 04:39:41.003 +0500: INFO - Creating Logger for com.corisecio.bsf.adapter.core.adapter.Activator (Start Level Event Dispatcher, com.corisecio.bsf.adapter.core.logging.console.ConsoleLoggerFactory)
2022-07-09 04:39:41.003 +0500: INFO - 01-bsca01-1300001 - Starting bundle ${0} (Start Level Event Dispatcher, com.corisecio.bsf.adapter.core.adapter.Activator)
2022-07-09 04:39:41.003 +0500: INFO - 01-bsca01-1300002 - Starting bundle ${0} - done (Start Level Event Dispatcher, com.corisecio.bsf.adapter.core.adapter.Activator)
2022-07-09 04:39:53.612 +0500: INFO - Creating Logger for com.corisecio.bsf.adapter.core.main.Activator (Start Level Event Dispatcher, com.corisecio.bsf.adapter.core.logging.console.ConsoleLoggerFactory)
2022-07-09 04:39:53.612 +0500: INFO - 01-bacm01-1300001 - Starting bundle bsf.adapter.core.main (Start Level Event Dispatcher, com.corisecio.bsf.adapter.core.main.Activator)
2022-07-09 04:39:53.643 +0500: INFO - 01-bacm01-1600100 - Adapter path is C:\SOA-DEMO\Tomcat\webapps\consumer\adapter (Start Level Event Dispatcher, com.corisecio.bsf.adapter.core.main.Activator)
2022-07-09 04:40:08.097 +0500: INFO - Creating Logger for com.corisecio.bsf.adapter.core.main.AdapterManager (Start Level Event Dispatcher, com.corisecio.bsf.adapter.core.logging.console.ConsoleLoggerFactory)
2022-07-09 04:40:09.379 +0500: INFO - 01-unkn00-1999992 - Info: org.eclipse.core.runtime.internal.adaptor.ContextFinder@8aeed0 (Start Level Event Dispatcher, com.corisecio.bsf.adapter.core.main.AdapterManager)
2022-07-09 04:40:09.379 +0500: INFO - 01-unkn00-1999992 - Info: org.eclipse.core.runtime.internal.adaptor.ContextFinder@8aeed0 (Start Level Event Dispatcher, com.corisecio.bsf.adapter.core.main.AdapterManager)
2022-07-09 04:40:09.410 +0500: INFO - 01-unkn00-1999992 - Info: Stopping Bundles ............................. (Start Level Event Dispatcher, com.corisecio.bsf.adapter.core.main.AdapterManager)
2022-07-09 04:40:09.426 +0500: INFO - 01-unkn00-1999992 - Info: 5.bsf.adapter.core.main (Start Level Event Dispatcher, com.corisecio.bsf.adapter.core.main.AdapterManager)
2022-07-09 04:40:09.426 +0500: INFO - 01-unkn00-1999992 - Info: 4.bsf.adapter.core.adapter (Start Level Event Dispatcher, com.corisecio.bsf.adapter.core.main.AdapterManager)
2022-07-09 04:40:09.426 +0500: INFO - 01-unkn00-1999992 - Info: 3.bsf.adapter.core.logging (Start Level Event Dispatcher, com.corisecio.bsf.adapter.core.main.AdapterManager)
2022-07-09 04:40:09.426 +0500: INFO - 01-unkn00-1999992 - Info: 2.org.eclipse.osgi.services (Start Level Event Dispatcher, com.corisecio.bsf.adapter.core.main.AdapterManager)
2022-07-09 04:40:09.426 +0500: INFO - 01-unkn00-1999992 - Info: 1.com.corisecio.bsf.sin.fragment.bundle (Start Level Event Dispatcher, com.corisecio.bsf.adapter.core.main.AdapterManager)
2022-07-09 04:40:09.426 +0500: INFO - 01-unkn00-1999992 - Info: 0.org.eclipse.osgi (Start Level Event Dispatcher, com.corisecio.bsf.adapter.core.main.AdapterManager)
2022-07-09 04:40:09.441 +0500: INFO - 01-unkn00-1999992 - Info: Stopping Bundles ............................. DONE (Start Level Event Dispatcher, com.corisecio.bsf.adapter.core.main.AdapterManager)
2022-07-09 04:40:09.441 +0500: INFO - 01-unkn00-1999992 - Info: Starting ... C:\SOA-DEMO\Tomcat\webapps\consumer\adapter\bsf.adapter.http.base_2.1.1.0131.jar (Start Level Event Dispatcher, com.corisecio.bsf.adapter.core.main.AdapterManager)
2022-07-09 04:40:09.644 +0500: INFO - Creating Logger for com.corisecio.bsf.adapter.http.base.Activator (Start Level Event Dispatcher, com.corisecio.bsf.adapter.core.logging.console.ConsoleLoggerFactory)
2022-07-09 04:40:09.644 +0500: INFO - 01-unkn00-1999992 - Info: Starting com.corisecio.bsf.adapter.http.base (Start Level Event Dispatcher, com.corisecio.bsf.adapter.http.base.Activator)
2022-07-09 04:40:09.644 +0500: INFO - 01-unkn00-1999992 - Info: Starting com.corisecio.bsf.adapter.http.base - done (Start Level Event Dispatcher, com.corisecio.bsf.adapter.http.base.Activator)
2022-07-09 04:40:09.644 +0500: INFO - 01-unkn00-1999992 - Info: Bundlestate for bsf.adapter.http.base: 32 (Start Level Event Dispatcher, com.corisecio.bsf.adapter.core.main.AdapterManager)
2022-07-09 04:40:09.644 +0500: INFO - 01-unkn00-1999992 - Info: Starting ... C:\SOA-DEMO\Tomcat\webapps\consumer\adapter\bsf.adapter.util.crypto_2.1.1.0123.jar (Start Level Event Dispatcher, com.corisecio.bsf.adapter.core.main.AdapterManager)
2022-07-09 04:40:09.941 +0500: INFO - Creating Logger for com.corisecio.bsf.adapter.http.base.GC (Thread-22, com.corisecio.bsf.adapter.core.logging.console.ConsoleLoggerFactory)
2022-07-09 04:40:09.957 +0500: INFO - 01-unkn00-1999992 - Info: Starting ... gc (Thread-22, com.corisecio.bsf.adapter.http.base.GC)
2022-07-09 04:40:10.066 +0500: INFO - Creating Logger for com.corisecio.bsf.adapter.util.crypto.Activator (Start Level Event Dispatcher, com.corisecio.bsf.adapter.core.logging.console.ConsoleLoggerFactory)
2022-07-09 04:40:10.066 +0500: INFO - 01-unkn00-1999992 - Info: Starting com.corisecio.bsf.adapter.util.crypto (Start Level Event Dispatcher, com.corisecio.bsf.adapter.util.crypto.Activator)
2022-07-09 04:40:10.098 +0500: INFO - 01-unkn00-1999992 - Info: Starting com.corisecio.bsf.adapter.util.crypto - done (Start Level Event Dispatcher, com.corisecio.bsf.adapter.util.crypto.Activator)
2022-07-09 04:40:10.098 +0500: INFO - 01-unkn00-1999992 - Info: Bundlestate for bsf.adapter.util.crypto: 32 (Start Level Event Dispatcher, com.corisecio.bsf.adapter.core.main.AdapterManager)
2022-07-09 04:40:10.098 +0500: INFO - 01-unkn00-1999992 - Info: Starting ... C:\SOA-DEMO\Tomcat\webapps\consumer\adapter\bsf.adapter.util.script_2.1.1.0121.jar (Start Level Event Dispatcher, com.corisecio.bsf.adapter.core.main.AdapterManager)
2022-07-09 04:40:10.488 +0500: INFO - 01-unkn00-1999992 - Info: Bundlestate for bsf.adapter.util.script: 32 (Start Level Event Dispatcher, com.corisecio.bsf.adapter.core.main.AdapterManager)
2022-07-09 04:40:10.488 +0500: INFO - 01-unkn00-1999992 - Info: Starting ... C:\SOA-DEMO\Tomcat\webapps\consumer\adapter\bsf.adapter.persistence_2.1.1.0121.jar (Start Level Event Dispatcher, com.corisecio.bsf.adapter.core.main.AdapterManager)
2022-07-09 04:40:12.441 +0500: INFO - Creating Logger for com.corisecio.bsf.adapter.persistence.Database (Start Level Event Dispatcher, com.corisecio.bsf.adapter.core.logging.console.ConsoleLoggerFactory)
2022-07-09 04:40:19.786 +0500: INFO - 01-unkn00-1999992 - Info: Bundlestate for com.corisecio.bsf.adapter.persistence: 32 (Start Level Event Dispatcher, com.corisecio.bsf.adapter.core.main.AdapterManager)
2022-07-09 04:40:19.786 +0500: INFO - 01-unkn00-1999992 - Info: Starting ... C:\SOA-DEMO\Tomcat\webapps\consumer\adapter\com.corisecio.bsf.sem.impexp.base_2.1.1.0121.jar (Start Level Event Dispatcher, com.corisecio.bsf.adapter.core.main.AdapterManager)
2022-07-09 04:40:20.145 +0500: INFO - 01-unkn00-1999992 - Info: Bundlestate for com.corisecio.bsf.sem.impexp.base: 32 (Start Level Event Dispatcher, com.corisecio.bsf.adapter.core.main.AdapterManager)
2022-07-09 04:40:20.145 +0500: INFO - 01-unkn00-1999992 - Info: Starting ... C:\SOA-DEMO\Tomcat\webapps\consumer\adapter\com.corisecio.bsf.icm.base_2.1.1.0121.jar (Start Level Event Dispatcher, com.corisecio.bsf.adapter.core.main.AdapterManager)
2022-07-09 04:40:20.582 +0500: INFO - 01-unkn00-1999992 - Info: Bundlestate for com.corisecio.bsf.icm.base: 32 (Start Level Event Dispatcher, com.corisecio.bsf.adapter.core.main.AdapterManager)
2022-07-09 04:40:20.582 +0500: INFO - 01-unkn00-1999992 - Info: Starting ... C:\SOA-DEMO\Tomcat\webapps\consumer\adapter\com.corisecio.bsf.skm.base_2.1.1.0121.jar (Start Level Event Dispatcher, com.corisecio.bsf.adapter.core.main.AdapterManager)
2022-07-09 04:40:21.551 +0500: INFO - 05-pers01-1300001 - Starting bundle com.corisecio.bsf.skm.base (Start Level Event Dispatcher, com.corisecio.bsf.adapter.core.main.Activator)
2022-07-09 04:40:21.551 +0500: INFO - 05-pers01-1300002 - Starting bundle com.corisecio.bsf.skm.base - done (Start Level Event Dispatcher, com.corisecio.bsf.adapter.core.main.Activator)
2022-07-09 04:40:21.708 +0500: INFO - Creating Logger for com.corisecio.bsf.adapter.persistence.MyResolver (Start Level Event Dispatcher, com.corisecio.bsf.adapter.core.logging.console.ConsoleLoggerFactory)
2022-07-09 04:40:21.754 +0500: INFO - 01-unkn00-1999992 - Info: Bundlestate for com.corisecio.bsf.skm.base: 32 (Start Level Event Dispatcher, com.corisecio.bsf.adapter.core.main.AdapterManager)
2022-07-09 04:40:21.754 +0500: INFO - 01-unkn00-1999992 - Info: Starting ... C:\SOA-DEMO\Tomcat\webapps\consumer\adapter\com.corisecio.bsf.sem.user.base_2.1.1.0121.jar (Start Level Event Dispatcher, com.corisecio.bsf.adapter.core.main.AdapterManager)
2022-07-09 04:40:22.739 +0500: INFO - 01-unkn00-1999992 - Info: Bundlestate for com.corisecio.bsf.sem.user.base: 32 (Start Level Event Dispatcher, com.corisecio.bsf.adapter.core.main.AdapterManager)
2022-07-09 04:40:22.754 +0500: INFO - 01-unkn00-1999992 - Info: Starting ... C:\SOA-DEMO\Tomcat\webapps\consumer\adapter\com.corisecio.bsf.sem.role.base_2.1.1.0121.jar (Start Level Event Dispatcher, com.corisecio.bsf.adapter.core.main.AdapterManager)
2022-07-09 04:40:23.239 +0500: INFO - 01-unkn00-1999992 - Info: Bundlestate for com.corisecio.bsf.sem.role.base: 32 (Start Level Event Dispatcher, com.corisecio.bsf.adapter.core.main.AdapterManager)
2022-07-09 04:40:23.255 +0500: INFO - 01-unkn00-1999992 - Info: Starting ... C:\SOA-DEMO\Tomcat\webapps\consumer\adapter\com.corisecio.bsf.sin.onASConsole_2.1.1.0150.jar (Start Level Event Dispatcher, com.corisecio.bsf.adapter.core.main.AdapterManager)
2022-07-09 04:40:23.442 +0500: INFO - 05-pers01-1300001 - Starting bundle com.corisecio.bsf.sin.onASConsole (Start Level Event Dispatcher, com.corisecio.bsf.adapter.core.main.Activator)
2022-07-09 04:40:23.442 +0500: INFO - 05-pers01-1300002 - Starting bundle com.corisecio.bsf.sin.onASConsole - done (Start Level Event Dispatcher, com.corisecio.bsf.adapter.core.main.Activator)
2022-07-09 04:40:23.442 +0500: INFO - 01-unkn00-1999992 - Info: Bundlestate for com.corisecio.bsf.sin.onASConsole: 32 (Start Level Event Dispatcher, com.corisecio.bsf.adapter.core.main.AdapterManager)
2022-07-09 04:40:23.442 +0500: INFO - 01-unkn00-1999992 - Info: Starting ... C:\SOA-DEMO\Tomcat\webapps\consumer\adapter\bsf.adapter.http.proxy_2.1.1.0120.jar (Start Level Event Dispatcher, com.corisecio.bsf.adapter.core.main.AdapterManager)
2022-07-09 04:40:24.005 +0500: INFO - Creating Logger for com.corisecio.bsf.adapter.http.proxy.Activator (Start Level Event Dispatcher, com.corisecio.bsf.adapter.core.logging.console.ConsoleLoggerFactory)
2022-07-09 04:40:24.005 +0500: INFO - 01-unkn00-1999992 - Info: Starting com.corisecio.bsf.adapter.http.proxy (Start Level Event Dispatcher, com.corisecio.bsf.adapter.http.proxy.Activator)
2022-07-09 04:40:24.005 +0500: INFO - 01-unkn00-1999992 - Info: Starting com.corisecio.bsf.adapter.http.proxy - done (Start Level Event Dispatcher, com.corisecio.bsf.adapter.http.proxy.Activator)
2022-07-09 04:40:24.005 +0500: INFO - 01-unkn00-1999992 - Info: Bundlestate for bsf.adapter.http.proxy: 32 (Start Level Event Dispatcher, com.corisecio.bsf.adapter.core.main.AdapterManager)
2022-07-09 04:40:24.020 +0500: INFO - 01-unkn00-1999992 - Info: Starting ... C:\SOA-DEMO\Tomcat\webapps\consumer\adapter\bsf.adapter.http.tomcat_2.1.1.0120.jar (Start Level Event Dispatcher, com.corisecio.bsf.adapter.core.main.AdapterManager)
2022-07-09 04:40:25.848 +0500: INFO - Creating Logger for com.corisecio.bsf.adapter.http.tomcat.Activator (Start Level Event Dispatcher, com.corisecio.bsf.adapter.core.logging.console.ConsoleLoggerFactory)
2022-07-09 04:40:25.848 +0500: INFO - 01-unkn00-1999992 - Info: Starting com.corisecio.bsf.adapter.http.tomcat (Start Level Event Dispatcher, com.corisecio.bsf.adapter.http.tomcat.Activator)
2022-07-09 04:40:25.848 +0500: INFO - 01-unkn00-1999992 - Info: Starting com.corisecio.bsf.adapter.http.tomcat - done (Start Level Event Dispatcher, com.corisecio.bsf.adapter.http.tomcat.Activator)
2022-07-09 04:40:25.848 +0500: INFO - 01-unkn00-1999992 - Info: Bundlestate for bsf.adapter.http.tomcat: 32 (Start Level Event Dispatcher, com.corisecio.bsf.adapter.core.main.AdapterManager)
2022-07-09 04:40:25.848 +0500: INFO - 01-unkn00-1999992 - Info: Starting ... C:\SOA-DEMO\Tomcat\webapps\consumer\adapter\bsf.adapter.saml.base_2.3.1.0121.jar (Start Level Event Dispatcher, com.corisecio.bsf.adapter.core.main.AdapterManager)
2022-07-09 04:40:27.536 +0500: INFO - 01-unkn00-1999992 - Info: Bundlestate for bsf.adapter.saml.base: 32 (Start Level Event Dispatcher, com.corisecio.bsf.adapter.core.main.AdapterManager)
2022-07-09 04:40:27.536 +0500: INFO - 01-unkn00-1999992 - Info: Starting ... C:\SOA-DEMO\Tomcat\webapps\consumer\adapter\bsf.adapter.soap.base_2.1.2.0121.jar (Start Level Event Dispatcher, com.corisecio.bsf.adapter.core.main.AdapterManager)
2022-07-09 04:40:27.958 +0500: INFO - 01-unkn00-1999992 - Info: Bundlestate for bsf.adapter.soap.base: 32 (Start Level Event Dispatcher, com.corisecio.bsf.adapter.core.main.AdapterManager)
2022-07-09 04:40:27.958 +0500: INFO - 01-unkn00-1999992 - Info: Starting ... C:\SOA-DEMO\Tomcat\webapps\consumer\adapter\bsf.adapter.saml.sb_2.3.1.0120.jar (Start Level Event Dispatcher, com.corisecio.bsf.adapter.core.main.AdapterManager)
2022-07-09 04:40:28.474 +0500: INFO - 05-sam201-1300001 - Starting bundle bsf.adapter.saml.sb (Start Level Event Dispatcher, com.corisecio.bsf.adapter.core.main.Activator)
2022-07-09 04:40:28.474 +0500: INFO - 05-sam201-1300002 - Starting bundle bsf.adapter.saml.sb - done (Start Level Event Dispatcher, com.corisecio.bsf.adapter.core.main.Activator)
2022-07-09 04:40:28.474 +0500: INFO - 01-unkn00-1999992 - Info: Bundlestate for bsf.adapter.saml.sb: 32 (Start Level Event Dispatcher, com.corisecio.bsf.adapter.core.main.AdapterManager)
2022-07-09 04:40:28.489 +0500: INFO - 01-unkn00-1999992 - Info: Starting ... C:\SOA-DEMO\Tomcat\webapps\consumer\adapter\bsf.adapter.soap.httpbridge_2.1.1.0120.jar (Start Level Event Dispatcher, com.corisecio.bsf.adapter.core.main.AdapterManager)
2022-07-09 04:40:29.130 +0500: INFO - 01-htbr01-1300001 - Starting bundle bsf.adapter.soap.httpbridge (Start Level Event Dispatcher, com.corisecio.bsf.adapter.core.main.Activator)
2022-07-09 04:40:29.130 +0500: INFO - 01-htbr01-1300002 - Starting bundle bsf.adapter.soap.httpbridge - done (Start Level Event Dispatcher, com.corisecio.bsf.adapter.core.main.Activator)
2022-07-09 04:40:29.130 +0500: INFO - 01-unkn00-1999992 - Info: Bundlestate for bsf.adapter.soap.httpbridge: 32 (Start Level Event Dispatcher, com.corisecio.bsf.adapter.core.main.AdapterManager)
2022-07-09 04:40:29.130 +0500: INFO - 01-unkn00-1999992 - Info: Starting ... C:\SOA-DEMO\Tomcat\webapps\consumer\adapter\bsf.adapter.soap.httprecorder_2.1.1.0120.jar (Start Level Event Dispatcher, com.corisecio.bsf.adapter.core.main.AdapterManager)
2022-07-09 04:40:29.739 +0500: INFO - 01-reco01-1300001 - Starting bundle bsf.adapter.soap.httprecorder (Start Level Event Dispatcher, com.corisecio.bsf.adapter.core.main.Activator)
2022-07-09 04:40:29.755 +0500: INFO - 01-reco01-1300002 - Starting bundle bsf.adapter.soap.httprecorder - done (Start Level Event Dispatcher, com.corisecio.bsf.adapter.core.main.Activator)
2022-07-09 04:40:29.755 +0500: INFO - 01-unkn00-1999992 - Info: Bundlestate for bsf.adapter.soap.httprecorder: 32 (Start Level Event Dispatcher, com.corisecio.bsf.adapter.core.main.AdapterManager)
2022-07-09 04:40:29.755 +0500: INFO - 01-unkn00-1999992 - Info: Starting ... C:\SOA-DEMO\Tomcat\webapps\consumer\adapter\bsf.adapter.ws.base_2.1.2.0120.jar (Start Level Event Dispatcher, com.corisecio.bsf.adapter.core.main.AdapterManager)
2022-07-09 04:40:31.927 +0500: INFO - 01-unkn00-1999992 - Info: Bundlestate for bsf.adapter.ws.base: 32 (Start Level Event Dispatcher, com.corisecio.bsf.adapter.core.main.AdapterManager)
2022-07-09 04:40:31.927 +0500: INFO - 01-unkn00-1999992 - Info: Starting ... C:\SOA-DEMO\Tomcat\webapps\consumer\adapter\com.corisecio.bsf.sin.connector.utils.xml_2.1.1.0121.jar (Start Level Event Dispatcher, com.corisecio.bsf.adapter.core.main.AdapterManager)
2022-07-09 04:40:33.536 +0500: INFO - 05-xml101-1300001 - Starting bundle com.corisecio.bsf.sin.connector.utils.xml (Start Level Event Dispatcher, com.corisecio.bsf.adapter.core.main.Activator)
2022-07-09 04:40:33.536 +0500: INFO - 05-xml101-1300002 - Starting bundle com.corisecio.bsf.sin.connector.utils.xml - done (Start Level Event Dispatcher, com.corisecio.bsf.adapter.core.main.Activator)
2022-07-09 04:40:33.536 +0500: INFO - 01-unkn00-1999992 - Info: Bundlestate for com.corisecio.bsf.sin.connector.utils.xml: 32 (Start Level Event Dispatcher, com.corisecio.bsf.adapter.core.main.AdapterManager)
2022-07-09 04:40:33.536 +0500: INFO - 01-unkn00-1999992 - Info: Starting ... C:\SOA-DEMO\Tomcat\webapps\consumer\adapter\bsf.adapter.ws.wss_2.3.1.0120.jar (Start Level Event Dispatcher, com.corisecio.bsf.adapter.core.main.AdapterManager)
2022-07-09 04:40:34.958 +0500: INFO - 01-wsse01-1300001 - Starting bundle bsf.adapter.ws.wss (Start Level Event Dispatcher, com.corisecio.bsf.adapter.core.main.Activator)
2022-07-09 04:40:34.958 +0500: INFO - 01-wsse01-1300002 - Starting bundle bsf.adapter.ws.wss - done (Start Level Event Dispatcher, com.corisecio.bsf.adapter.core.main.Activator)
2022-07-09 04:40:34.958 +0500: INFO - 01-unkn00-1999992 - Info: Bundlestate for bsf.adapter.ws.wss: 32 (Start Level Event Dispatcher, com.corisecio.bsf.adapter.core.main.AdapterManager)
2022-07-09 04:40:34.958 +0500: INFO - 01-unkn00-1999992 - Info: Starting ... C:\SOA-DEMO\Tomcat\webapps\consumer\adapter\bsf.adapter.soap.xkms_2.3.1.0120.jar (Start Level Event Dispatcher, com.corisecio.bsf.adapter.core.main.AdapterManager)
2022-07-09 04:40:35.786 +0500: INFO - 05-xkms01-1300001 - Starting bundle bsf.adapter.soap.xkms (Start Level Event Dispatcher, com.corisecio.bsf.adapter.core.main.Activator)
2022-07-09 04:40:35.786 +0500: INFO - 05-xkms01-1300002 - Starting bundle bsf.adapter.soap.xkms - done (Start Level Event Dispatcher, com.corisecio.bsf.adapter.core.main.Activator)
2022-07-09 04:40:35.786 +0500: INFO - 01-unkn00-1999992 - Info: Bundlestate for bsf.adapter.soap.xkms: 32 (Start Level Event Dispatcher, com.corisecio.bsf.adapter.core.main.AdapterManager)
2022-07-09 04:40:35.786 +0500: INFO - 01-unkn00-1999992 - Info: Starting ... C:\SOA-DEMO\Tomcat\webapps\consumer\adapter\bsf.adapter.ws.sb_2.3.1.0120.jar (Start Level Event Dispatcher, com.corisecio.bsf.adapter.core.main.AdapterManager)
2022-07-09 04:40:36.396 +0500: INFO - Creating Logger for com.corisecio.bsf.adapter.ws.sb.Activator (Start Level Event Dispatcher, com.corisecio.bsf.adapter.core.logging.console.ConsoleLoggerFactory)
2022-07-09 04:40:36.396 +0500: INFO - 01-unkn00-1999992 - Info: Starting bsf.adapter.ws.sb (Start Level Event Dispatcher, com.corisecio.bsf.adapter.ws.sb.Activator)
2022-07-09 04:40:36.396 +0500: INFO - 01-unkn00-1999992 - Info: Starting bsf.adapter.ws.sb - done (Start Level Event Dispatcher, com.corisecio.bsf.adapter.ws.sb.Activator)
2022-07-09 04:40:36.396 +0500: INFO - 01-unkn00-1999992 - Info: Bundlestate for bsf.adapter.ws.sb: 32 (Start Level Event Dispatcher, com.corisecio.bsf.adapter.core.main.AdapterManager)
2022-07-09 04:40:36.396 +0500: INFO - 01-unkn00-1999992 - Info: Starting ... C:\SOA-DEMO\Tomcat\webapps\consumer\adapter\com.corisecio.bsf.adapter.mcl.ws_2.1.1.0120.jar (Start Level Event Dispatcher, com.corisecio.bsf.adapter.core.main.AdapterManager)
2022-07-09 04:40:36.755 +0500: INFO - 01-bcor01-1300001 - Starting bundle com.corisecio.bsf.adapter.mcl.ws (Start Level Event Dispatcher, com.corisecio.bsf.adapter.core.main.Activator)
2022-07-09 04:40:36.755 +0500: INFO - 01-bcor01-1300002 - Starting bundle com.corisecio.bsf.adapter.mcl.ws - done (Start Level Event Dispatcher, com.corisecio.bsf.adapter.core.main.Activator)
2022-07-09 04:40:36.974 +0500: INFO - 01-unkn00-1999992 - Info: Bundlestate for com.corisecio.bsf.adapter.mcl.ws: 32 (Start Level Event Dispatcher, com.corisecio.bsf.adapter.core.main.AdapterManager)
2022-07-09 04:40:36.974 +0500: INFO - 01-unkn00-1999992 - Info: Starting ... C:\SOA-DEMO\Tomcat\webapps\consumer\adapter\bsf.adapter.persistence.ac_2.1.1.0152.jar (Start Level Event Dispatcher, com.corisecio.bsf.adapter.core.main.AdapterManager)
2022-07-09 04:40:37.708 +0500: INFO - 01-unkn00-1999992 - Info: Bundlestate for com.corisecio.bsf.adapter.persistence.ac: 32 (Start Level Event Dispatcher, com.corisecio.bsf.adapter.core.main.AdapterManager)
2022-07-09 04:40:37.708 +0500: INFO - 01-unkn00-1999992 - Info: Starting ... C:\SOA-DEMO\Tomcat\webapps\consumer\adapter\com.corisecio.bsf.aps.sync_2.1.1.0120.jar (Start Level Event Dispatcher, com.corisecio.bsf.adapter.core.main.AdapterManager)
2022-07-09 04:40:38.239 +0500: INFO - 01-unkn00-1999992 - Info: Bundlestate for com.corisecio.bsf.aps.sync: 32 (Start Level Event Dispatcher, com.corisecio.bsf.adapter.core.main.AdapterManager)
2022-07-09 04:40:38.239 +0500: INFO - 01-unkn00-1999992 - Info: Starting ... C:\SOA-DEMO\Tomcat\webapps\consumer\adapter\com.corisecio.bsf.icm.mrt_2.1.0.0120.jar (Start Level Event Dispatcher, com.corisecio.bsf.adapter.core.main.AdapterManager)
2022-07-09 04:40:38.896 +0500: INFO - 01-bcor01-1300001 - Starting bundle com.corisecio.bsf.icm.mrt (Start Level Event Dispatcher, com.corisecio.bsf.adapter.core.main.Activator)
2022-07-09 04:40:38.896 +0500: INFO - 01-bcor01-1300002 - Starting bundle com.corisecio.bsf.icm.mrt - done (Start Level Event Dispatcher, com.corisecio.bsf.adapter.core.main.Activator)
2022-07-09 04:40:38.943 +0500: INFO - 01-unkn00-1999992 - Info: Bundlestate for com.corisecio.bsf.icm.mrt: 32 (Start Level Event Dispatcher, com.corisecio.bsf.adapter.core.main.AdapterManager)
2022-07-09 04:40:38.943 +0500: INFO - 01-unkn00-1999992 - Info: Starting ... C:\SOA-DEMO\Tomcat\webapps\consumer\adapter\com.corisecio.bsf.sac.connector.role_2.1.1.0121.jar (Start Level Event Dispatcher, com.corisecio.bsf.adapter.core.main.AdapterManager)
2022-07-09 04:40:39.458 +0500: INFO - 01-rol101-1300001 - Starting bundle com.corisecio.bsf.sac.connector.role (Start Level Event Dispatcher, com.corisecio.bsf.adapter.core.main.Activator)
2022-07-09 04:40:39.458 +0500: INFO - 01-rol101-1300002 - Starting bundle com.corisecio.bsf.sac.connector.role - done (Start Level Event Dispatcher, com.corisecio.bsf.adapter.core.main.Activator)
2022-07-09 04:40:39.458 +0500: INFO - 01-unkn00-1999992 - Info: Bundlestate for com.corisecio.bsf.sac.connector.role: 32 (Start Level Event Dispatcher, com.corisecio.bsf.adapter.core.main.AdapterManager)
2022-07-09 04:40:39.458 +0500: INFO - 01-unkn00-1999992 - Info: Starting ... C:\SOA-DEMO\Tomcat\webapps\consumer\adapter\com.corisecio.bsf.sem.impexp_2.1.1.0121.jar (Start Level Event Dispatcher, com.corisecio.bsf.adapter.core.main.AdapterManager)
2022-07-09 04:40:39.802 +0500: INFO - 01-unkn00-1999992 - Info: Bundlestate for com.corisecio.bsf.sem.impexp: 32 (Start Level Event Dispatcher, com.corisecio.bsf.adapter.core.main.AdapterManager)
2022-07-09 04:40:39.802 +0500: INFO - 01-unkn00-1999992 - Info: Starting ... C:\SOA-DEMO\Tomcat\webapps\consumer\adapter\com.corisecio.bsf.sem.role.ac_2.1.1.0131.jar (Start Level Event Dispatcher, com.corisecio.bsf.adapter.core.main.AdapterManager)
2022-07-09 04:40:40.318 +0500: INFO - 01-unkn00-1999992 - Info: Bundlestate for com.corisecio.bsf.sem.role.ac: 32 (Start Level Event Dispatcher, com.corisecio.bsf.adapter.core.main.AdapterManager)
2022-07-09 04:40:40.318 +0500: INFO - 01-unkn00-1999992 - Info: Starting ... C:\SOA-DEMO\Tomcat\webapps\consumer\adapter\com.corisecio.bsf.sem.role.mrt_2.1.0.0120.jar (Start Level Event Dispatcher, com.corisecio.bsf.adapter.core.main.AdapterManager)
2022-07-09 04:40:40.849 +0500: INFO - 01-bcor01-1300001 - Starting bundle com.corisecio.bsf.sem.role.mrt (Start Level Event Dispatcher, com.corisecio.bsf.adapter.core.main.Activator)
2022-07-09 04:40:40.849 +0500: INFO - 01-bcor01-1300002 - Starting bundle com.corisecio.bsf.sem.role.mrt - done (Start Level Event Dispatcher, com.corisecio.bsf.adapter.core.main.Activator)
2022-07-09 04:40:40.974 +0500: INFO - 01-unkn00-1999992 - Info: Bundlestate for com.corisecio.bsf.sem.role.mrt: 32 (Start Level Event Dispatcher, com.corisecio.bsf.adapter.core.main.AdapterManager)
2022-07-09 04:40:40.974 +0500: INFO - 01-unkn00-1999992 - Info: Starting ... C:\SOA-DEMO\Tomcat\webapps\consumer\adapter\com.corisecio.bsf.sem.user.ac_2.1.1.0131.jar (Start Level Event Dispatcher, com.corisecio.bsf.adapter.core.main.AdapterManager)
2022-07-09 04:40:41.505 +0500: INFO - 01-unkn00-1999992 - Info: Bundlestate for com.corisecio.bsf.sem.user.ac: 32 (Start Level Event Dispatcher, com.corisecio.bsf.adapter.core.main.AdapterManager)
2022-07-09 04:40:41.505 +0500: INFO - 01-unkn00-1999992 - Info: Starting ... C:\SOA-DEMO\Tomcat\webapps\consumer\adapter\com.corisecio.bsf.sin.filestore_2.1.0.0120.jar (Start Level Event Dispatcher, com.corisecio.bsf.adapter.core.main.AdapterManager)
2022-07-09 04:40:43.021 +0500: INFO - 01-bcor01-1300001 - Starting bundle com.corisecio.bsf.sin.filestore (Start Level Event Dispatcher, com.corisecio.bsf.adapter.core.main.Activator)
2022-07-09 04:40:43.021 +0500: INFO - 01-bcor01-1300002 - Starting bundle com.corisecio.bsf.sin.filestore - done (Start Level Event Dispatcher, com.corisecio.bsf.adapter.core.main.Activator)
2022-07-09 04:40:43.052 +0500: INFO - 01-unkn00-1999992 - Info: Bundlestate for com.corisecio.bsf.sin.filestore: 32 (Start Level Event Dispatcher, com.corisecio.bsf.adapter.core.main.AdapterManager)
2022-07-09 04:40:43.052 +0500: INFO - 01-unkn00-1999992 - Info: Starting ... C:\SOA-DEMO\Tomcat\webapps\consumer\adapter\com.corisecio.bsf.sem.user.mrt_2.1.0.0120.jar (Start Level Event Dispatcher, com.corisecio.bsf.adapter.core.main.AdapterManager)
2022-07-09 04:40:43.818 +0500: INFO - 01-bcor01-1300001 - Starting bundle com.corisecio.bsf.sem.user.mrt (Start Level Event Dispatcher, com.corisecio.bsf.adapter.core.main.Activator)
2022-07-09 04:40:43.818 +0500: INFO - 01-bcor01-1300002 - Starting bundle com.corisecio.bsf.sem.user.mrt - done (Start Level Event Dispatcher, com.corisecio.bsf.adapter.core.main.Activator)
2022-07-09 04:40:43.880 +0500: INFO - Creating Logger for com.corisecio.bsf.sem.user.mrt.manager.UserPlugin (Start Level Event Dispatcher, com.corisecio.bsf.adapter.core.logging.console.ConsoleLoggerFactory)
2022-07-09 04:40:43.927 +0500: INFO - 01-unkn00-1999992 - Info: Bundlestate for com.corisecio.bsf.sem.user.mrt: 32 (Start Level Event Dispatcher, com.corisecio.bsf.adapter.core.main.AdapterManager)
2022-07-09 04:40:43.927 +0500: INFO - 01-unkn00-1999992 - Info: Starting ... C:\SOA-DEMO\Tomcat\webapps\consumer\adapter\com.corisecio.bsf.sin.httpbridge_2.1.1.0121.jar (Start Level Event Dispatcher, com.corisecio.bsf.adapter.core.main.AdapterManager)
2022-07-09 04:40:46.439 +0500: INFO - 01-unkn00-1999992 - Info: Bundlestate for com.corisecio.bsf.sin.httpbridge: 32 (Start Level Event Dispatcher, com.corisecio.bsf.adapter.core.main.AdapterManager)
2022-07-09 04:40:46.439 +0500: INFO - 01-unkn00-1999992 - Info: Starting ... C:\SOA-DEMO\Tomcat\webapps\consumer\adapter\com.corisecio.bsf.skm.enterprise.ac_2.1.1.0121.jar (Start Level Event Dispatcher, com.corisecio.bsf.adapter.core.main.AdapterManager)
2022-07-09 04:40:48.406 +0500: INFO - 01-unkn00-1999992 - Info: Bundlestate for com.corisecio.bsf.skm.enterprise.ac: 32 (Start Level Event Dispatcher, com.corisecio.bsf.adapter.core.main.AdapterManager)
2022-07-09 04:40:48.421 +0500: INFO - 01-unkn00-1999992 - Info: Starting ... C:\SOA-DEMO\Tomcat\webapps\consumer\adapter\com.corisecio.bsf.skm.enterprise.base_2.1.1.0121.jar (Start Level Event Dispatcher, com.corisecio.bsf.adapter.core.main.AdapterManager)
2022-07-09 04:40:52.860 +0500: INFO - 05-pers01-1300001 - Starting bundle com.corisecio.bsf.skm.enterprise.base (Start Level Event Dispatcher, com.corisecio.bsf.adapter.core.main.Activator)
2022-07-09 04:40:52.860 +0500: INFO - 05-pers01-1300002 - Starting bundle com.corisecio.bsf.skm.enterprise.base - done (Start Level Event Dispatcher, com.corisecio.bsf.adapter.core.main.Activator)
2022-07-09 04:40:52.860 +0500: INFO - 01-unkn00-1999992 - Info: Bundlestate for com.corisecio.bsf.skm.enterprise.base: 32 (Start Level Event Dispatcher, com.corisecio.bsf.adapter.core.main.AdapterManager)
2022-07-09 04:40:52.860 +0500: INFO - 01-unkn00-1999992 - Info: Starting ... C:\SOA-DEMO\Tomcat\webapps\consumer\adapter\com.corisecio.bsf.skm.enterprise.mrt_2.1.0.0120.jar (Start Level Event Dispatcher, com.corisecio.bsf.adapter.core.main.AdapterManager)
2022-07-09 04:40:53.860 +0500: INFO - 01-bcor01-1300001 - Starting bundle com.corisecio.bsf.skm.enterprise.mrt (Start Level Event Dispatcher, com.corisecio.bsf.adapter.core.main.Activator)
2022-07-09 04:40:53.860 +0500: INFO - 01-bcor01-1300002 - Starting bundle com.corisecio.bsf.skm.enterprise.mrt - done (Start Level Event Dispatcher, com.corisecio.bsf.adapter.core.main.Activator)
2022-07-09 04:40:53.860 +0500: INFO - 01-unkn00-1999992 - Info: Bundlestate for com.corisecio.bsf.skm.enterprise.mrt: 32 (Start Level Event Dispatcher, com.corisecio.bsf.adapter.core.main.AdapterManager)
2022-07-09 04:40:53.860 +0500: INFO - 01-unkn00-1999992 - Info: Starting ... C:\SOA-DEMO\Tomcat\webapps\consumer\adapter\com.corisecio.bsf.skm.mrt_2.1.0.0120.jar (Start Level Event Dispatcher, com.corisecio.bsf.adapter.core.main.AdapterManager)
2022-07-09 04:40:54.782 +0500: INFO - 01-bcor01-1300001 - Starting bundle com.corisecio.bsf.skm.mrt (Start Level Event Dispatcher, com.corisecio.bsf.adapter.core.main.Activator)
2022-07-09 04:40:54.782 +0500: INFO - 01-bcor01-1300002 - Starting bundle com.corisecio.bsf.skm.mrt - done (Start Level Event Dispatcher, com.corisecio.bsf.adapter.core.main.Activator)
2022-07-09 04:40:54.798 +0500: INFO - 01-unkn00-1999992 - Info: Bundlestate for com.corisecio.bsf.skm.mrt: 32 (Start Level Event Dispatcher, com.corisecio.bsf.adapter.core.main.AdapterManager)
2022-07-09 04:40:54.798 +0500: INFO - 01-unkn00-1999992 - Info: Starting ... C:\SOA-DEMO\Tomcat\webapps\consumer\adapter\bsf.adapter.core.workflow_2.1.2.0121.jar (Start Level Event Dispatcher, com.corisecio.bsf.adapter.core.main.AdapterManager)
2022-07-09 04:40:55.720 +0500: INFO - Creating Logger for com.corisecio.bsf.adapter.core.workflow.Activator (Start Level Event Dispatcher, com.corisecio.bsf.adapter.core.logging.console.ConsoleLoggerFactory)
2022-07-09 04:40:55.720 +0500: INFO - 01-unkn00-1999992 - Info: Starting bsf.adapter.core.workflow (Start Level Event Dispatcher, com.corisecio.bsf.adapter.core.workflow.Activator)
2022-07-09 04:40:55.720 +0500: INFO - 01-work01-1300001 - Starting bundle bsf.adapter.core.workflow (Start Level Event Dispatcher, com.corisecio.bsf.adapter.core.main.Activator)
2022-07-09 04:40:55.720 +0500: INFO - 01-work01-1300002 - Starting bundle bsf.adapter.core.workflow - done (Start Level Event Dispatcher, com.corisecio.bsf.adapter.core.main.Activator)
2022-07-09 04:40:55.735 +0500: INFO - 01-unkn00-1999992 - Info: Starting bsf.adapter.core.workflow - done (Start Level Event Dispatcher, com.corisecio.bsf.adapter.core.workflow.Activator)
2022-07-09 04:40:55.735 +0500: INFO - 01-unkn00-1999992 - Info: Bundlestate for bsf.adapter.core.workflow: 32 (Start Level Event Dispatcher, com.corisecio.bsf.adapter.core.main.AdapterManager)
2022-07-09 04:40:55.735 +0500: INFO - 01-unkn00-1999992 - Info: Starting ... C:\SOA-DEMO\Tomcat\webapps\consumer\adapter\bsf.adapter.core.workflowConfiguration_2.1.1.0131.jar (Start Level Event Dispatcher, com.corisecio.bsf.adapter.core.main.AdapterManager)
2022-07-09 04:40:58.300 +0500: INFO - Creating Logger for com.corisecio.bsf.adapter.core.workflowConfiguration.Activator (Start Level Event Dispatcher, com.corisecio.bsf.adapter.core.logging.console.ConsoleLoggerFactory)
2022-07-09 04:40:58.300 +0500: INFO - 01-unkn00-1999992 - Info: Starting bsf.adapter.core.workflowConfiguration (Start Level Event Dispatcher, com.corisecio.bsf.adapter.core.workflowConfiguration.Activator)
2022-07-09 04:40:58.347 +0500: INFO - 01-unkn00-1999992 - Info: ADAPTER_PATH = C:\SOA-DEMO\Tomcat\webapps\consumer\adapter (Start Level Event Dispatcher, com.corisecio.bsf.adapter.core.workflowConfiguration.Activator)
2022-07-09 04:41:08.770 +0500: INFO - 01-unkn00-1999992 - Info: Starting bsf.adapter.core.workflowConfiguration - Starting HttpServiceTracker (Start Level Event Dispatcher, com.corisecio.bsf.adapter.core.workflowConfiguration.Activator)
2022-07-09 04:41:08.770 +0500: INFO - 01-unkn00-1999992 - Info: Registering web application at /onASConsole/wfm (Start Level Event Dispatcher, com.corisecio.bsf.adapter.core.workflowConfiguration.Activator)
2022-07-09 04:41:08.926 +0500: INFO - 01-unkn00-1999992 - Info: Starting bsf.adapter.core.workflowConfiguration - Starting HttpServiceTracker - done (Start Level Event Dispatcher, com.corisecio.bsf.adapter.core.workflowConfiguration.Activator)
2022-07-09 04:41:08.926 +0500: INFO - 01-unkn00-1999992 - Info: Starting bsf.adapter.core.workflowConfiguration - done (Start Level Event Dispatcher, com.corisecio.bsf.adapter.core.workflowConfiguration.Activator)
2022-07-09 04:41:08.926 +0500: INFO - 01-unkn00-1999992 - Info: Bundlestate for bsf.adapter.core.workflowConfiguration: 32 (Start Level Event Dispatcher, com.corisecio.bsf.adapter.core.main.AdapterManager)
2022-07-09 04:41:08.926 +0500: INFO - 01-unkn00-1999992 - Info: Compiling hibernate mappings... (Start Level Event Dispatcher, com.corisecio.bsf.adapter.persistence.Database)
2022-07-09 04:41:09.098 +0500: INFO - Creating Logger for com.corisecio.bsf.adapter.persistence.ArrayClassLoader (Start Level Event Dispatcher, com.corisecio.bsf.adapter.core.logging.console.ConsoleLoggerFactory)
2022-07-09 04:41:15.630 +0500: INFO - Creating Logger for com.corisecio.bsf.adapter.persistence.PersistentObjectHibernate (Timer-9, com.corisecio.bsf.adapter.core.logging.console.ConsoleLoggerFactory)
2022-07-09 04:41:15.630 +0500: INFO - 01-unkn00-1999992 - Info: Database Reminder (Timer-9, com.corisecio.bsf.adapter.persistence.PersistentObjectHibernate)
2022-07-09 04:41:16.614 +0500: INFO - Creating Logger for com.corisecio.bsf.adapter.core.workflowConfiguration.s (Start Level Event Dispatcher, com.corisecio.bsf.adapter.core.logging.console.ConsoleLoggerFactory)
2022-07-09 04:41:16.630 +0500: INFO - Creating Logger for com.corisecio.bsf.adapter.core.workflowConfiguration.service.e (Start Level Event Dispatcher, com.corisecio.bsf.adapter.core.logging.console.ConsoleLoggerFactory)
2022-07-09 04:41:16.895 +0500: INFO - Creating Logger for com.corisecio.bsf.adapter.core.main.config.AbstractConfigurationService (Start Level Event Dispatcher, com.corisecio.bsf.adapter.core.logging.console.ConsoleLoggerFactory)
2022-07-09 04:41:16.973 +0500: INFO - Creating Logger for com.corisecio.bsf.adapter.soap.httpbridge.Activator (Thread-68, com.corisecio.bsf.adapter.core.logging.console.ConsoleLoggerFactory)
2022-07-09 04:41:16.973 +0500: INFO - 01-htbr01-1300102 - Configuration element ExtractFromResponseInstance added for bundle bsf.adapter.soap.httpbridge  (Thread-68, com.corisecio.bsf.adapter.soap.httpbridge.Activator)
2022-07-09 04:41:17.223 +0500: INFO - 01-htbr01-1300102 - Configuration element ExtractFromRequestInstance added for bundle bsf.adapter.soap.httpbridge  (Thread-69, com.corisecio.bsf.adapter.soap.httpbridge.Activator)
2022-07-09 04:41:17.239 +0500: INFO - 01-htbr01-1300102 - Configuration element EnvelopeRequestInstance added for bundle bsf.adapter.soap.httpbridge  (Thread-72, com.corisecio.bsf.adapter.soap.httpbridge.Activator)
2022-07-09 04:41:17.255 +0500: INFO - 01-htbr01-1300102 - Configuration element EnvelopeResponseInstance added for bundle bsf.adapter.soap.httpbridge  (Thread-74, com.corisecio.bsf.adapter.soap.httpbridge.Activator)
2022-07-09 04:41:17.270 +0500: INFO - 01-unkn00-1999992 - Info: Adding WSSecurityEncryptXPathForUserInstance for bsf.adapter.ws.sb (Thread-76, com.corisecio.bsf.adapter.ws.sb.Activator)
2022-07-09 04:41:17.270 +0500: INFO - 01-unkn00-1999992 - Info: Adding WSSecurityEncryptXPathForUserInstance for bsf.adapter.ws.sb (Thread-78, com.corisecio.bsf.adapter.ws.sb.Activator)
2022-07-09 04:41:17.536 +0500: INFO - 01-unkn00-1999992 - Info: Adding DecryptXPathInstance for bsf.adapter.ws.sb (Thread-79, com.corisecio.bsf.adapter.ws.sb.Activator)
2022-07-09 04:41:17.552 +0500: INFO - 01-unkn00-1999992 - Info: Adding SignSoapEnvelopeInstance for bsf.adapter.ws.sb (Thread-80, com.corisecio.bsf.adapter.ws.sb.Activator)
2022-07-09 04:41:17.645 +0500: INFO - Creating Logger for com.corisecio.bsf.sac.connector.role.Activator (Thread-83, com.corisecio.bsf.adapter.core.logging.console.ConsoleLoggerFactory)
2022-07-09 04:41:17.645 +0500: INFO - 01-unkn00-1999992 - Info: Adding SetSecRTEntity for com.corisecio.bsf.sac.connector.role (Thread-83, com.corisecio.bsf.sac.connector.role.Activator)
2022-07-09 04:41:17.645 +0500: INFO - 01-unkn00-1999992 - Info: Adding element Instance for bsf.adapter.http.proxy (Thread-85, com.corisecio.bsf.adapter.http.proxy.Activator)
2022-07-09 04:41:17.645 +0500: INFO - Creating Logger for com.corisecio.bsf.adapter.http.proxy.implementation.HTTPRequestor (Thread-85, com.corisecio.bsf.adapter.core.logging.console.ConsoleLoggerFactory)
2022-07-09 04:41:17.645 +0500: INFO - 01-unkn00-1999992 - Info: Creating Proxy module (http://127.0.0.1:2100) (Thread-85, com.corisecio.bsf.adapter.http.proxy.implementation.HTTPRequestor)
2022-07-09 04:41:17.708 +0500: INFO - 01-unkn00-1999992 - Info: No system proxy configured! (Thread-85, com.corisecio.bsf.adapter.http.proxy.implementation.HTTPRequestor)
2022-07-09 04:41:18.020 +0500: INFO - Creating Logger for com.corisecio.bsf.adapter.ws.wss.Activator (Thread-87, com.corisecio.bsf.adapter.core.logging.console.ConsoleLoggerFactory)
2022-07-09 04:41:18.020 +0500: INFO - 01-unkn00-1999992 - Info: Adding WSSecurityAddSAMLTokenInstance for bsf.adapter.ws.wss (Thread-87, com.corisecio.bsf.adapter.ws.wss.Activator)
2022-07-09 04:41:18.020 +0500: INFO - Creating Logger for org.apache.commons.httpclient.HttpConnectionManager (Thread-86, com.corisecio.bsf.adapter.core.logging.console.ConsoleLoggerFactory)
2022-07-09 04:41:18.114 +0500: INFO - 01-unkn00-1999992 - Info: Adding workflow for bsf.adapter.core.workflow (Thread-88, com.corisecio.bsf.adapter.core.workflow.Activator)
2022-07-09 04:41:18.223 +0500: INFO - 01-unkn00-1999992 - Info: Started HTTP listener on BookStoreVM2:2000 for 1 (Thread-90, com.corisecio.bsf.adapter.http.tomcat.Activator)
2022-07-09 04:41:18.223 +0500: INFO - 01-bacm01-1300002 - Starting bundle bsf.adapter.core.main - done (Start Level Event Dispatcher, com.corisecio.bsf.adapter.core.main.Activator)
2022-07-09 04:41:18.223 +0500: INFO - Creating Logger for com.corisecio.bsf.adapter.core.main.user.BasicUserManagement (Thread-1, com.corisecio.bsf.adapter.core.logging.console.ConsoleLoggerFactory)
2022-07-09 04:44:15.515 +0500: INFO - 01-unkn00-1999992 - Info: Removing 5 for bsf.adapter.ws.sb (Thread-99, com.corisecio.bsf.adapter.ws.sb.Activator)
2022-07-09 04:44:15.515 +0500: INFO - 01-unkn00-1999992 - Info: Removing 7 for bsf.adapter.ws.sb (Thread-100, com.corisecio.bsf.adapter.ws.sb.Activator)
2022-07-09 04:44:15.515 +0500: INFO - 01-unkn00-1999992 - Info: Removing 11 for bsf.adapter.ws.sb (Thread-101, com.corisecio.bsf.adapter.ws.sb.Activator)
2022-07-09 04:44:15.515 +0500: INFO - 01-unkn00-1999992 - Info: Removing 6 for bsf.adapter.ws.sb (Thread-102, com.corisecio.bsf.adapter.ws.sb.Activator)
2022-07-09 04:44:15.515 +0500: INFO - 01-unkn00-1999992 - Info: Removing 9 in bsf.adapter.http.proxy (Thread-104, com.corisecio.bsf.adapter.http.proxy.Activator)
2022-07-09 04:44:15.515 +0500: INFO - 01-unkn00-1999992 - Info: Adding workflow for bsf.adapter.core.workflow (Thread-106, com.corisecio.bsf.adapter.core.workflow.Activator)
2022-07-09 04:44:19.440 +0500: INFO - 01-htbr01-1300102 - Configuration element EnvelopeRequestInstance added for bundle bsf.adapter.soap.httpbridge  (Thread-109, com.corisecio.bsf.adapter.soap.httpbridge.Activator)
2022-07-09 04:44:19.440 +0500: INFO - 01-htbr01-1300102 - Configuration element ExtractFromResponseInstance added for bundle bsf.adapter.soap.httpbridge  (Thread-110, com.corisecio.bsf.adapter.soap.httpbridge.Activator)
2022-07-09 04:44:19.440 +0500: INFO - 01-htbr01-1300102 - Configuration element ExtractFromRequestInstance added for bundle bsf.adapter.soap.httpbridge  (Thread-111, com.corisecio.bsf.adapter.soap.httpbridge.Activator)
2022-07-09 04:44:19.440 +0500: INFO - 01-htbr01-1300102 - Configuration element EnvelopeResponseInstance added for bundle bsf.adapter.soap.httpbridge  (Thread-112, com.corisecio.bsf.adapter.soap.httpbridge.Activator)
2022-07-09 04:44:19.440 +0500: INFO - 01-unkn00-1999992 - Info: Adding element Instance for bsf.adapter.http.proxy (Thread-113, com.corisecio.bsf.adapter.http.proxy.Activator)
2022-07-09 04:44:19.440 +0500: INFO - 01-unkn00-1999992 - Info: Creating Proxy module (http://127.0.0.1:2100) (Thread-113, com.corisecio.bsf.adapter.http.proxy.implementation.HTTPRequestor)
2022-07-09 04:44:19.440 +0500: INFO - 01-unkn00-1999992 - Info: No system proxy configured! (Thread-113, com.corisecio.bsf.adapter.http.proxy.implementation.HTTPRequestor)
2022-07-09 04:44:19.440 +0500: INFO - 01-unkn00-1999992 - Info: Adding workflow for bsf.adapter.core.workflow (Thread-115, com.corisecio.bsf.adapter.core.workflow.Activator)
2022-07-09 04:44:19.455 +0500: INFO - 01-unkn00-1999992 - Info: Started HTTP listener on BookStoreVM2:2000 for 1 (Thread-116, com.corisecio.bsf.adapter.http.tomcat.Activator)
2022-07-09 04:47:48.637 +0500: INFO - Creating Logger for com.corisecio.bsf.adapter.http.tomcat.listener.TomcatListener (http-2000-1, com.corisecio.bsf.adapter.core.logging.console.ConsoleLoggerFactory)
2022-07-09 04:47:48.637 +0500: INFO - 01-unkn00-1999992 - Info: 200 Getting request, method = POST, uri = /WSDemo/ws2receiver (http-2000-1, com.corisecio.bsf.adapter.http.tomcat.listener.TomcatListener)
2022-07-09 04:47:51.184 +0500: INFO - 01-unkn00-1999992 - Info: 600 Response returned, status = 200 (http-2000-1, com.corisecio.bsf.adapter.http.tomcat.listener.TomcatListener)
2022-07-09 04:49:53.236 +0500: INFO - 01-unkn00-1999992 - Info: 200 Getting request, method = POST, uri = /WSDemo/ws2receiver (http-2000-1, com.corisecio.bsf.adapter.http.tomcat.listener.TomcatListener)
2022-07-09 04:49:53.361 +0500: INFO - 01-unkn00-1999992 - Info: 600 Response returned, status = 200 (http-2000-1, com.corisecio.bsf.adapter.http.tomcat.listener.TomcatListener)
