2022-07-02 00:02:37.309 +0500: INFO - 01-bacm01-1300003 - Stopping bundle bsf.adapter.core.main (main, com.corisecio.bsf.adapter.core.main.Activator)
2022-07-02 00:02:37.309 +0500: INFO - 01-unkn00-1999992 - Info: WebappClassLoader
  delegate: false
  repositories:
----------> Parent Classloader:
org.apache.catalina.loader.StandardClassLoader@1554d32
 (main, com.corisecio.bsf.adapter.core.main.AdapterManager)
2022-07-02 00:02:37.309 +0500: INFO - 01-unkn00-1999992 - Info: org.eclipse.core.runtime.internal.adaptor.ContextFinder@1f11507 (main, com.corisecio.bsf.adapter.core.main.AdapterManager)
2022-07-02 00:02:37.309 +0500: INFO - 01-unkn00-1999992 - Info: Shutting down .... (main, com.corisecio.bsf.adapter.core.main.AdapterManager)
2022-07-02 00:02:37.309 +0500: INFO - 01-unkn00-1999992 - Info: Stopping Bundles ............................. (main, com.corisecio.bsf.adapter.core.main.AdapterManager)
2022-07-02 00:02:37.309 +0500: INFO - 01-unkn00-1999992 - Info: 45.bsf.adapter.core.workflowConfiguration (main, com.corisecio.bsf.adapter.core.main.AdapterManager)
2022-07-02 00:02:37.309 +0500: INFO - 01-unkn00-1999992 - Info: Stopping bsf.adapter.core.workflowConfiguration (main, com.corisecio.bsf.adapter.core.workflowConfiguration.Activator)
2022-07-02 00:02:37.309 +0500: INFO - 01-unkn00-1999992 - Info: Stopping bsf.adapter.core.workflowConfiguration - done (main, com.corisecio.bsf.adapter.core.workflowConfiguration.Activator)
2022-07-02 00:02:37.325 +0500: INFO - 01-unkn00-1999992 - Info: 44.bsf.adapter.core.workflow (main, com.corisecio.bsf.adapter.core.main.AdapterManager)
2022-07-02 00:02:37.325 +0500: INFO - 01-unkn00-1999992 - Info: Stopping bsf.adapter.core.workflow (main, com.corisecio.bsf.adapter.core.workflow.Activator)
2022-07-02 00:02:37.325 +0500: INFO - 01-unkn00-1999992 - Info: Stopping bsf.adapter.core.workflow - done (main, com.corisecio.bsf.adapter.core.workflow.Activator)
2022-07-02 00:02:37.325 +0500: INFO - 01-unkn00-1999992 - Info: 43.com.corisecio.bsf.skm.mrt (main, com.corisecio.bsf.adapter.core.main.AdapterManager)
2022-07-02 00:02:37.325 +0500: INFO - 01-bcor01-1300003 - Stopping bundle com.corisecio.bsf.skm.mrt (main, com.corisecio.bsf.adapter.core.main.Activator)
2022-07-02 00:02:37.325 +0500: INFO - 01-unkn00-1999992 - Info: {com.corisecio.bsf.adapter.mcl.ws.service.ManagementService}={action=http://namespace.corisecio.com/services/GetKeyInfos, service.id=115} (main, com.corisecio.bsf.adapter.core.main.Activator)
2022-07-02 00:02:37.340 +0500: INFO - 01-unkn00-1999992 - Info: {com.corisecio.bsf.adapter.core.main.JAXBContainer}={service.id=117} (main, com.corisecio.bsf.adapter.core.main.Activator)
2022-07-02 00:02:37.340 +0500: INFO - 01-unkn00-1999992 - Info: {com.corisecio.bsf.adapter.mcl.ws.service.ManagementService}={action=http://namespace.corisecio.com/services/GetP12, service.id=116} (main, com.corisecio.bsf.adapter.core.main.Activator)
2022-07-02 00:02:37.340 +0500: INFO - 01-bcor01-1300004 - Stopping bundle com.corisecio.bsf.skm.mrt - done (main, com.corisecio.bsf.adapter.core.main.Activator)
2022-07-02 00:02:37.340 +0500: INFO - 01-unkn00-1999992 - Info: 42.com.corisecio.bsf.skm.enterprise.mrt (main, com.corisecio.bsf.adapter.core.main.AdapterManager)
2022-07-02 00:02:37.340 +0500: INFO - 01-bcor01-1300003 - Stopping bundle com.corisecio.bsf.skm.enterprise.mrt (main, com.corisecio.bsf.adapter.core.main.Activator)
2022-07-02 00:02:37.340 +0500: INFO - 01-unkn00-1999992 - Info: {com.corisecio.bsf.adapter.mcl.ws.service.ManagementService}={action=http://namespace.corisecio.com/services/ChangeRootCertificate, service.id=111} (main, com.corisecio.bsf.adapter.core.main.Activator)
2022-07-02 00:02:37.340 +0500: INFO - 01-unkn00-1999992 - Info: {com.corisecio.bsf.adapter.core.main.JAXBContainer}={service.id=114} (main, com.corisecio.bsf.adapter.core.main.Activator)
2022-07-02 00:02:37.340 +0500: INFO - 01-unkn00-1999992 - Info: {com.corisecio.bsf.adapter.mcl.ws.service.ManagementService}={action=http://namespace.corisecio.com/services/GetRootCertificate, service.id=113} (main, com.corisecio.bsf.adapter.core.main.Activator)
2022-07-02 00:02:37.340 +0500: INFO - 01-unkn00-1999992 - Info: {com.corisecio.bsf.adapter.mcl.ws.service.ManagementService}={action=http://namespace.corisecio.com/services/RenewCertificate, service.id=112} (main, com.corisecio.bsf.adapter.core.main.Activator)
2022-07-02 00:02:37.356 +0500: INFO - 01-bcor01-1300004 - Stopping bundle com.corisecio.bsf.skm.enterprise.mrt - done (main, com.corisecio.bsf.adapter.core.main.Activator)
2022-07-02 00:02:37.356 +0500: INFO - 01-unkn00-1999992 - Info: 41.com.corisecio.bsf.skm.enterprise.base (main, com.corisecio.bsf.adapter.core.main.AdapterManager)
2022-07-02 00:02:37.356 +0500: INFO - 05-pers01-1300003 - Stopping bundle com.corisecio.bsf.skm.enterprise.base (main, com.corisecio.bsf.adapter.core.main.Activator)
2022-07-02 00:02:37.356 +0500: INFO - 05-pers01-1300004 - Stopping bundle com.corisecio.bsf.skm.enterprise.base - done (main, com.corisecio.bsf.adapter.core.main.Activator)
2022-07-02 00:02:37.356 +0500: INFO - 01-unkn00-1999992 - Info: 40.com.corisecio.bsf.skm.enterprise.ac (main, com.corisecio.bsf.adapter.core.main.AdapterManager)
2022-07-02 00:02:37.356 +0500: INFO - 01-unkn00-1999992 - Info: 39.com.corisecio.bsf.sin.httpbridge (main, com.corisecio.bsf.adapter.core.main.AdapterManager)
2022-07-02 00:02:37.356 +0500: INFO - 01-unkn00-1999992 - Info: 38.com.corisecio.bsf.sem.user.mrt (main, com.corisecio.bsf.adapter.core.main.AdapterManager)
2022-07-02 00:02:37.372 +0500: INFO - 01-bcor01-1300003 - Stopping bundle com.corisecio.bsf.sem.user.mrt (main, com.corisecio.bsf.adapter.core.main.Activator)
2022-07-02 00:02:37.372 +0500: INFO - 01-unkn00-1999992 - Info: {com.corisecio.bsf.adapter.mcl.ws.service.ManagementService}={action=http://namespace.corisecio.com/services/ListCertificateInfos, service.id=85} (main, com.corisecio.bsf.adapter.core.main.Activator)
2022-07-02 00:02:37.372 +0500: INFO - 01-unkn00-1999992 - Info: {com.corisecio.bsf.adapter.mcl.ws.service.ManagementService}={action=http://namespace.corisecio.com/services/CreateUser, service.id=82} (main, com.corisecio.bsf.adapter.core.main.Activator)
2022-07-02 00:02:37.372 +0500: INFO - 01-unkn00-1999992 - Info: {com.corisecio.bsf.adapter.mcl.ws.service.ManagementService}={action=http://namespace.corisecio.com/services/ListUsers, service.id=75} (main, com.corisecio.bsf.adapter.core.main.Activator)
2022-07-02 00:02:37.372 +0500: INFO - 01-unkn00-1999992 - Info: {com.corisecio.bsf.adapter.mcl.ws.service.ManagementService}={action=http://namespace.corisecio.com/services/GetServiceParameter, service.id=101} (main, com.corisecio.bsf.adapter.core.main.Activator)
2022-07-02 00:02:37.372 +0500: INFO - 01-unkn00-1999992 - Info: {com.besequre.bsf.admin.plugin.user.IUserExtension}={service.id=73} (main, com.corisecio.bsf.adapter.core.main.Activator)
2022-07-02 00:02:37.372 +0500: INFO - 01-unkn00-1999992 - Info: {com.corisecio.bsf.adapter.mcl.ws.service.ManagementService}={action=http://namespace.corisecio.com/services/StoreMailTemplate, service.id=106} (main, com.corisecio.bsf.adapter.core.main.Activator)
2022-07-02 00:02:37.372 +0500: INFO - 01-unkn00-1999992 - Info: {com.corisecio.bsf.adapter.mcl.ws.service.ManagementService}={action=http://namespace.corisecio.com/services/GetUserPrivateKey, service.id=98} (main, com.corisecio.bsf.adapter.core.main.Activator)
2022-07-02 00:02:37.372 +0500: INFO - 01-unkn00-1999992 - Info: {com.corisecio.bsf.adapter.mcl.ws.service.ManagementService}={action=http://namespace.corisecio.com/services/CreateUserAlias, service.id=81} (main, com.corisecio.bsf.adapter.core.main.Activator)
2022-07-02 00:02:37.372 +0500: INFO - 01-unkn00-1999992 - Info: {com.corisecio.bsf.adapter.mcl.ws.service.ManagementService}={action=http://namespace.corisecio.com/services/ListFilteredUsers, service.id=95} (main, com.corisecio.bsf.adapter.core.main.Activator)
2022-07-02 00:02:37.372 +0500: INFO - 01-unkn00-1999992 - Info: {com.corisecio.bsf.adapter.mcl.ws.service.ManagementService}={action=http://namespace.corisecio.com/services/DownloadP12, service.id=94} (main, com.corisecio.bsf.adapter.core.main.Activator)
2022-07-02 00:02:37.372 +0500: INFO - 01-unkn00-1999992 - Info: {com.corisecio.bsf.adapter.mcl.ws.service.ManagementService}={action=http://namespace.corisecio.com/services/Register, service.id=79} (main, com.corisecio.bsf.adapter.core.main.Activator)
2022-07-02 00:02:37.372 +0500: INFO - 01-unkn00-1999992 - Info: {com.corisecio.bsf.adapter.mcl.ws.service.ManagementService}={action=http://namespace.corisecio.com/services/GetUserAlias, service.id=78} (main, com.corisecio.bsf.adapter.core.main.Activator)
2022-07-02 00:02:37.372 +0500: INFO - 01-unkn00-1999992 - Info: {com.corisecio.bsf.adapter.mcl.ws.service.ManagementService}={action=http://namespace.corisecio.com/services/RemoveCertificateInfo, service.id=91} (main, com.corisecio.bsf.adapter.core.main.Activator)
2022-07-02 00:02:37.372 +0500: INFO - 01-unkn00-1999992 - Info: {com.corisecio.bsf.adapter.mcl.ws.service.ManagementService}={action=http://namespace.corisecio.com/services/ListCertificates, service.id=103} (main, com.corisecio.bsf.adapter.core.main.Activator)
2022-07-02 00:02:37.387 +0500: INFO - 01-unkn00-1999992 - Info: {com.corisecio.bsf.adapter.mcl.ws.service.ManagementService}={action=http://namespace.corisecio.com/services/IsCached, service.id=104} (main, com.corisecio.bsf.adapter.core.main.Activator)
2022-07-02 00:02:37.387 +0500: INFO - 01-unkn00-1999992 - Info: {com.corisecio.bsf.adapter.mcl.ws.service.ManagementService}={action=http://namespace.corisecio.com/services/GetCertificate, service.id=84} (main, com.corisecio.bsf.adapter.core.main.Activator)
2022-07-02 00:02:37.387 +0500: INFO - 01-unkn00-1999992 - Info: {com.corisecio.bsf.adapter.mcl.ws.service.ManagementService}={action=http://namespace.corisecio.com/services/SetFieldDefinitions, service.id=77} (main, com.corisecio.bsf.adapter.core.main.Activator)
2022-07-02 00:02:37.387 +0500: INFO - 01-unkn00-1999992 - Info: {com.corisecio.bsf.adapter.mcl.ws.service.ManagementService}={action=http://namespace.corisecio.com/services/ResendP12Mail, service.id=93} (main, com.corisecio.bsf.adapter.core.main.Activator)
2022-07-02 00:02:37.387 +0500: INFO - 01-unkn00-1999992 - Info: {com.corisecio.bsf.adapter.mcl.ws.service.ManagementService}={action=http://namespace.corisecio.com/services/Unregister, service.id=80} (main, com.corisecio.bsf.adapter.core.main.Activator)
2022-07-02 00:02:37.387 +0500: INFO - 01-unkn00-1999992 - Info: {com.corisecio.bsf.adapter.mcl.ws.service.ManagementService}={action=http://namespace.corisecio.com/services/SetUser, service.id=87} (main, com.corisecio.bsf.adapter.core.main.Activator)
2022-07-02 00:02:37.387 +0500: INFO - 01-unkn00-1999992 - Info: {com.corisecio.bsf.adapter.mcl.ws.service.ManagementService}={action=http://namespace.corisecio.com/services/LoadCertificate, service.id=108} (main, com.corisecio.bsf.adapter.core.main.Activator)
2022-07-02 00:02:37.387 +0500: INFO - 01-unkn00-1999992 - Info: {com.corisecio.bsf.adapter.mcl.ws.service.ManagementService}={action=http://namespace.corisecio.com/services/ReadMailTemplate, service.id=105} (main, com.corisecio.bsf.adapter.core.main.Activator)
2022-07-02 00:02:37.387 +0500: INFO - 01-unkn00-1999992 - Info: {com.corisecio.bsf.adapter.mcl.ws.service.ManagementService}={action=http://namespace.corisecio.com/services/RemoveUserAlias, service.id=83} (main, com.corisecio.bsf.adapter.core.main.Activator)
2022-07-02 00:02:37.387 +0500: INFO - 01-unkn00-1999992 - Info: {com.corisecio.bsf.adapter.mcl.ws.service.ManagementService}={action=http://namespace.corisecio.com/services/ListFieldDefinitions, service.id=76} (main, com.corisecio.bsf.adapter.core.main.Activator)
2022-07-02 00:02:37.403 +0500: INFO - 01-unkn00-1999992 - Info: {com.corisecio.bsf.adapter.core.main.JAXBContainer}={service.id=109} (main, com.corisecio.bsf.adapter.core.main.Activator)
2022-07-02 00:02:37.403 +0500: INFO - 01-unkn00-1999992 - Info: {com.corisecio.bsf.adapter.mcl.ws.service.ManagementService}={action=http://namespace.corisecio.com/services/ListServers, service.id=97} (main, com.corisecio.bsf.adapter.core.main.Activator)
2022-07-02 00:02:37.403 +0500: INFO - 01-unkn00-1999992 - Info: {com.corisecio.bsf.adapter.mcl.ws.service.ManagementService}={action=http://namespace.corisecio.com/services/RevokeCertificate, service.id=92} (main, com.corisecio.bsf.adapter.core.main.Activator)
2022-07-02 00:02:37.403 +0500: INFO - 01-unkn00-1999992 - Info: {com.corisecio.bsf.adapter.mcl.ws.service.ManagementService}={action=http://namespace.corisecio.com/services/InitializeAndImportCertificate, service.id=89} (main, com.corisecio.bsf.adapter.core.main.Activator)
2022-07-02 00:02:37.403 +0500: INFO - 01-unkn00-1999992 - Info: {com.corisecio.bsf.adapter.mcl.ws.service.ManagementService}={action=http://namespace.corisecio.com/services/GetUser, service.id=74} (main, com.corisecio.bsf.adapter.core.main.Activator)
2022-07-02 00:02:37.403 +0500: INFO - 01-unkn00-1999992 - Info: {com.corisecio.bsf.adapter.mcl.ws.service.ManagementService}={action=http://namespace.corisecio.com/services/ListPrivateKeys, service.id=99} (main, com.corisecio.bsf.adapter.core.main.Activator)
2022-07-02 00:02:37.403 +0500: INFO - 01-unkn00-1999992 - Info: {com.corisecio.bsf.adapter.mcl.ws.service.ManagementService}={action=http://namespace.corisecio.com/services/GetUserPassword, service.id=107} (main, com.corisecio.bsf.adapter.core.main.Activator)
2022-07-02 00:02:37.403 +0500: INFO - 01-unkn00-1999992 - Info: {com.corisecio.bsf.adapter.mcl.ws.service.ManagementService}={action=http://namespace.corisecio.com/services/ListFilteredUsersWithAlias, service.id=96} (main, com.corisecio.bsf.adapter.core.main.Activator)
2022-07-02 00:02:37.403 +0500: INFO - 01-unkn00-1999992 - Info: {com.corisecio.bsf.adapter.mcl.ws.service.ManagementService}={action=http://namespace.corisecio.com/services/CreateAdditionalCertificate, service.id=86} (main, com.corisecio.bsf.adapter.core.main.Activator)
2022-07-02 00:02:37.403 +0500: INFO - 01-unkn00-1999992 - Info: {com.corisecio.bsf.adapter.mcl.ws.service.ManagementService}={action=http://namespace.corisecio.com/services/InitializeAndCreateCertificate, service.id=88} (main, com.corisecio.bsf.adapter.core.main.Activator)
2022-07-02 00:02:37.403 +0500: INFO - 01-unkn00-1999992 - Info: {com.corisecio.bsf.adapter.mcl.ws.service.ManagementService}={action=http://namespace.corisecio.com/services/AuthenticateUser, service.id=100} (main, com.corisecio.bsf.adapter.core.main.Activator)
2022-07-02 00:02:37.403 +0500: INFO - 01-unkn00-1999992 - Info: {com.corisecio.bsf.adapter.mcl.ws.service.ManagementService}={action=http://namespace.corisecio.com/services/SetServiceParameter, service.id=102} (main, com.corisecio.bsf.adapter.core.main.Activator)
2022-07-02 00:02:37.403 +0500: INFO - 01-unkn00-1999992 - Info: {com.corisecio.bsf.adapter.mcl.ws.service.ManagementService}={action=http://namespace.corisecio.com/services/DeleteUser, service.id=90} (main, com.corisecio.bsf.adapter.core.main.Activator)
2022-07-02 00:02:37.403 +0500: INFO - 01-bcor01-1300004 - Stopping bundle com.corisecio.bsf.sem.user.mrt - done (main, com.corisecio.bsf.adapter.core.main.Activator)
2022-07-02 00:02:37.419 +0500: INFO - 01-unkn00-1999992 - Info: 37.com.corisecio.bsf.sin.filestore (main, com.corisecio.bsf.adapter.core.main.AdapterManager)
2022-07-02 00:02:37.419 +0500: INFO - 01-bcor01-1300003 - Stopping bundle com.corisecio.bsf.sin.filestore (main, com.corisecio.bsf.adapter.core.main.Activator)
2022-07-02 00:02:37.419 +0500: INFO - 01-unkn00-1999992 - Info: {com.corisecio.bsf.adapter.core.main.JAXBContainer}={service.id=72} (main, com.corisecio.bsf.adapter.core.main.Activator)
2022-07-02 00:02:37.419 +0500: INFO - 01-bcor01-1300004 - Stopping bundle com.corisecio.bsf.sin.filestore - done (main, com.corisecio.bsf.adapter.core.main.Activator)
2022-07-02 00:02:37.419 +0500: INFO - 01-unkn00-1999992 - Info: 36.com.corisecio.bsf.sem.user.ac (main, com.corisecio.bsf.adapter.core.main.AdapterManager)
2022-07-02 00:02:37.419 +0500: INFO - 01-unkn00-1999992 - Info: 35.com.corisecio.bsf.sem.role.mrt (main, com.corisecio.bsf.adapter.core.main.AdapterManager)
2022-07-02 00:02:37.419 +0500: INFO - 01-bcor01-1300003 - Stopping bundle com.corisecio.bsf.sem.role.mrt (main, com.corisecio.bsf.adapter.core.main.Activator)
2022-07-02 00:02:37.419 +0500: INFO - 01-unkn00-1999992 - Info: {com.corisecio.bsf.adapter.mcl.ws.service.ManagementService}={action=http://namespace.corisecio.com/services/CreateGroup, service.id=49} (main, com.corisecio.bsf.adapter.core.main.Activator)
2022-07-02 00:02:37.434 +0500: INFO - 01-unkn00-1999992 - Info: {com.corisecio.bsf.adapter.mcl.ws.service.ManagementService}={action=http://namespace.corisecio.com/services/CreateAdminGroup, service.id=65} (main, com.corisecio.bsf.adapter.core.main.Activator)
2022-07-02 00:02:37.434 +0500: INFO - 01-unkn00-1999992 - Info: {com.corisecio.bsf.adapter.mcl.ws.service.ManagementService}={action=http://namespace.corisecio.com/services/ListRoles, service.id=61} (main, com.corisecio.bsf.adapter.core.main.Activator)
2022-07-02 00:02:37.434 +0500: INFO - 01-unkn00-1999992 - Info: {com.corisecio.bsf.adapter.mcl.ws.service.ManagementService}={action=http://namespace.corisecio.com/services/DeleteAdminRole, service.id=68} (main, com.corisecio.bsf.adapter.core.main.Activator)
2022-07-02 00:02:37.434 +0500: INFO - 01-unkn00-1999992 - Info: {com.corisecio.bsf.adapter.mcl.ws.service.ManagementService}={action=http://namespace.corisecio.com/services/GetRole, service.id=58} (main, com.corisecio.bsf.adapter.core.main.Activator)
2022-07-02 00:02:37.434 +0500: INFO - 01-unkn00-1999992 - Info: {com.corisecio.bsf.adapter.mcl.ws.service.ManagementService}={action=http://namespace.corisecio.com/services/CreateAdminRole, service.id=66} (main, com.corisecio.bsf.adapter.core.main.Activator)
2022-07-02 00:02:37.434 +0500: INFO - 01-unkn00-1999992 - Info: {com.corisecio.bsf.adapter.mcl.ws.service.ManagementService}={action=http://namespace.corisecio.com/services/SetGroup, service.id=53} (main, com.corisecio.bsf.adapter.core.main.Activator)
2022-07-02 00:02:37.434 +0500: INFO - 01-unkn00-1999992 - Info: {com.corisecio.bsf.adapter.mcl.ws.service.ManagementService}={action=http://namespace.corisecio.com/services/ListAllRoles, service.id=60} (main, com.corisecio.bsf.adapter.core.main.Activator)
2022-07-02 00:02:37.434 +0500: INFO - 01-unkn00-1999992 - Info: {com.corisecio.bsf.adapter.mcl.ws.service.ManagementService}={action=http://namespace.corisecio.com/services/DeleteRole, service.id=52} (main, com.corisecio.bsf.adapter.core.main.Activator)
2022-07-02 00:02:37.434 +0500: INFO - 01-unkn00-1999992 - Info: {com.corisecio.bsf.adapter.mcl.ws.service.ManagementService}={action=http://namespace.corisecio.com/services/SetAdminRole, service.id=70} (main, com.corisecio.bsf.adapter.core.main.Activator)
2022-07-02 00:02:37.434 +0500: INFO - 01-unkn00-1999992 - Info: {com.corisecio.bsf.adapter.mcl.ws.service.ManagementService}={action=http://namespace.corisecio.com/services/SetAdminRolesOfUser, service.id=71} (main, com.corisecio.bsf.adapter.core.main.Activator)
2022-07-02 00:02:37.434 +0500: INFO - 01-unkn00-1999992 - Info: {com.corisecio.bsf.adapter.mcl.ws.service.ManagementService}={action=http://namespace.corisecio.com/services/SetAdminGroup, service.id=69} (main, com.corisecio.bsf.adapter.core.main.Activator)
2022-07-02 00:02:37.450 +0500: INFO - 01-unkn00-1999992 - Info: {com.corisecio.bsf.adapter.mcl.ws.service.ManagementService}={action=http://namespace.corisecio.com/services/ListFilteredRoles, service.id=62} (main, com.corisecio.bsf.adapter.core.main.Activator)
2022-07-02 00:02:37.450 +0500: INFO - 01-unkn00-1999992 - Info: {com.corisecio.bsf.adapter.mcl.ws.service.ManagementService}={action=http://namespace.corisecio.com/services/GetRoleWithName, service.id=59} (main, com.corisecio.bsf.adapter.core.main.Activator)
2022-07-02 00:02:37.450 +0500: INFO - 01-unkn00-1999992 - Info: {com.corisecio.bsf.adapter.mcl.ws.service.ManagementService}={action=http://namespace.corisecio.com/services/CreateRole, service.id=50} (main, com.corisecio.bsf.adapter.core.main.Activator)
2022-07-02 00:02:37.450 +0500: INFO - 01-unkn00-1999992 - Info: {com.corisecio.bsf.adapter.core.main.JAXBContainer}={service.id=48} (main, com.corisecio.bsf.adapter.core.main.Activator)
2022-07-02 00:02:37.450 +0500: INFO - 01-unkn00-1999992 - Info: {com.corisecio.bsf.adapter.mcl.ws.service.ManagementService}={action=http://namespace.corisecio.com/services/DeleteGroup, service.id=51} (main, com.corisecio.bsf.adapter.core.main.Activator)
2022-07-02 00:02:37.450 +0500: INFO - 01-unkn00-1999992 - Info: {com.corisecio.bsf.adapter.mcl.ws.service.ManagementService}={action=http://namespace.corisecio.com/services/DeleteAdminGroup, service.id=67} (main, com.corisecio.bsf.adapter.core.main.Activator)
2022-07-02 00:02:37.450 +0500: INFO - 01-unkn00-1999992 - Info: {com.corisecio.bsf.adapter.mcl.ws.service.ManagementService}={action=http://namespace.corisecio.com/services/SetRole, service.id=54} (main, com.corisecio.bsf.adapter.core.main.Activator)
2022-07-02 00:02:37.450 +0500: INFO - 01-unkn00-1999992 - Info: {com.corisecio.bsf.adapter.mcl.ws.service.ManagementService}={action=http://namespace.corisecio.com/services/SetRolesOfUser, service.id=56} (main, com.corisecio.bsf.adapter.core.main.Activator)
2022-07-02 00:02:37.450 +0500: INFO - 01-unkn00-1999992 - Info: {com.corisecio.bsf.adapter.mcl.ws.service.ManagementService}={action=http://namespace.corisecio.com/services/SetRoleOfUser, service.id=55} (main, com.corisecio.bsf.adapter.core.main.Activator)
2022-07-02 00:02:37.450 +0500: INFO - 01-unkn00-1999992 - Info: {com.corisecio.bsf.adapter.mcl.ws.service.ManagementService}={action=http://namespace.corisecio.com/services/CanDeleteRoles, service.id=57} (main, com.corisecio.bsf.adapter.core.main.Activator)
2022-07-02 00:02:37.450 +0500: INFO - 01-unkn00-1999992 - Info: {com.corisecio.bsf.adapter.mcl.ws.service.ManagementService}={action=http://namespace.corisecio.com/services/ListUsersOfRole, service.id=64} (main, com.corisecio.bsf.adapter.core.main.Activator)
2022-07-02 00:02:37.450 +0500: INFO - 01-unkn00-1999992 - Info: {com.corisecio.bsf.adapter.mcl.ws.service.ManagementService}={action=http://namespace.corisecio.com/services/ListUsersOfRoles, service.id=63} (main, com.corisecio.bsf.adapter.core.main.Activator)
2022-07-02 00:02:37.450 +0500: INFO - 01-bcor01-1300004 - Stopping bundle com.corisecio.bsf.sem.role.mrt - done (main, com.corisecio.bsf.adapter.core.main.Activator)
2022-07-02 00:02:37.465 +0500: INFO - 01-unkn00-1999992 - Info: 34.com.corisecio.bsf.sem.role.ac (main, com.corisecio.bsf.adapter.core.main.AdapterManager)
2022-07-02 00:02:37.465 +0500: INFO - 01-unkn00-1999992 - Info: 33.com.corisecio.bsf.sem.impexp (main, com.corisecio.bsf.adapter.core.main.AdapterManager)
2022-07-02 00:02:37.465 +0500: INFO - 01-unkn00-1999992 - Info: 32.com.corisecio.bsf.sac.connector.role (main, com.corisecio.bsf.adapter.core.main.AdapterManager)
2022-07-02 00:02:37.465 +0500: INFO - 01-rol101-1300003 - Stopping bundle com.corisecio.bsf.sac.connector.role (main, com.corisecio.bsf.adapter.core.main.Activator)
2022-07-02 00:02:37.465 +0500: INFO - 01-rol101-1300004 - Stopping bundle com.corisecio.bsf.sac.connector.role - done (main, com.corisecio.bsf.adapter.core.main.Activator)
2022-07-02 00:02:37.465 +0500: INFO - 01-unkn00-1999992 - Info: 31.com.corisecio.bsf.icm.mrt (main, com.corisecio.bsf.adapter.core.main.AdapterManager)
2022-07-02 00:02:37.465 +0500: INFO - 01-bcor01-1300003 - Stopping bundle com.corisecio.bsf.icm.mrt (main, com.corisecio.bsf.adapter.core.main.Activator)
2022-07-02 00:02:37.465 +0500: INFO - 01-unkn00-1999992 - Info: {com.corisecio.bsf.adapter.mcl.ws.service.ManagementService}={action=http://namespace.corisecio.com/services/GetPreferenceSetting, service.id=45} (main, com.corisecio.bsf.adapter.core.main.Activator)
2022-07-02 00:02:37.465 +0500: INFO - 01-unkn00-1999992 - Info: {com.corisecio.bsf.adapter.core.main.JAXBContainer}={service.id=47} (main, com.corisecio.bsf.adapter.core.main.Activator)
2022-07-02 00:02:37.465 +0500: INFO - 01-unkn00-1999992 - Info: {com.corisecio.bsf.adapter.mcl.ws.service.ManagementService}={action=http://namespace.corisecio.com/services/SetPreferenceSetting, service.id=46} (main, com.corisecio.bsf.adapter.core.main.Activator)
2022-07-02 00:02:37.481 +0500: INFO - 01-bcor01-1300004 - Stopping bundle com.corisecio.bsf.icm.mrt - done (main, com.corisecio.bsf.adapter.core.main.Activator)
2022-07-02 00:02:37.481 +0500: INFO - 01-unkn00-1999992 - Info: 30.com.corisecio.bsf.aps.sync (main, com.corisecio.bsf.adapter.core.main.AdapterManager)
2022-07-02 00:02:37.481 +0500: INFO - 01-unkn00-1999992 - Info: 29.com.corisecio.bsf.adapter.persistence.ac (main, com.corisecio.bsf.adapter.core.main.AdapterManager)
2022-07-02 00:02:37.481 +0500: INFO - 01-unkn00-1999992 - Info: 28.com.corisecio.bsf.adapter.mcl.ws (main, com.corisecio.bsf.adapter.core.main.AdapterManager)
2022-07-02 00:02:37.497 +0500: INFO - 01-bcor01-1300003 - Stopping bundle com.corisecio.bsf.adapter.mcl.ws (main, com.corisecio.bsf.adapter.core.main.Activator)
2022-07-02 00:02:37.497 +0500: INFO - 01-unkn00-1999992 - Info: {com.corisecio.bsf.adapter.mcl.ws.service.ManagementService}={action=http://namespace.corisecio.com/services/IsAllowed, service.id=43} (main, com.corisecio.bsf.adapter.core.main.Activator)
2022-07-02 00:02:37.497 +0500: INFO - 01-unkn00-1999992 - Info: {com.corisecio.bsf.adapter.core.main.JAXBContainer}={service.id=42} (main, com.corisecio.bsf.adapter.core.main.Activator)
2022-07-02 00:02:37.497 +0500: INFO - 01-unkn00-1999992 - Info: {com.corisecio.bsf.adapter.mcl.ws.service.ManagementService}={action=http://namespace.corisecio.com/services/IsAllowedCompat, service.id=44} (main, com.corisecio.bsf.adapter.core.main.Activator)
2022-07-02 00:02:37.497 +0500: INFO - 01-bcor01-1300004 - Stopping bundle com.corisecio.bsf.adapter.mcl.ws - done (main, com.corisecio.bsf.adapter.core.main.Activator)
2022-07-02 00:02:37.497 +0500: INFO - 01-unkn00-1999992 - Info: 27.bsf.adapter.ws.sb (main, com.corisecio.bsf.adapter.core.main.AdapterManager)
2022-07-02 00:02:37.497 +0500: INFO - 01-unkn00-1999992 - Info: Stopping bsf.adapter.ws.sb (main, com.corisecio.bsf.adapter.ws.sb.Activator)
2022-07-02 00:02:37.856 +0500: WARN - 01-bacm00-2300310 - Bundle bsf.adapter.ws.sb can not be uninstalled. (main, com.corisecio.bsf.adapter.core.main.AdapterManager)
org.osgi.framework.BundleException: Exception in com.corisecio.bsf.adapter.ws.sb.Activator.stop() of bundle bsf.adapter.ws.sb.
	at org.eclipse.osgi.framework.internal.core.BundleContextImpl.stop(BundleContextImpl.java:1066)
	at org.eclipse.osgi.framework.internal.core.BundleHost.stopWorker(BundleHost.java:457)
	at org.eclipse.osgi.framework.internal.core.AbstractBundle.stop(AbstractBundle.java:430)
	at org.eclipse.osgi.framework.internal.core.AbstractBundle.stop(AbstractBundle.java:422)
	at com.corisecio.bsf.adapter.core.main.AdapterManager.setUpAdapter(SourceFile:393)
	at com.corisecio.bsf.adapter.core.main.services.CoreMainInstallationService.uninstall(SourceFile:103)
	at com.corisecio.bsf.adapter.core.main.Activator.stop(SourceFile:148)
	at org.eclipse.osgi.framework.internal.core.BundleContextImpl$3.run(BundleContextImpl.java:1050)
	at java.security.AccessController.doPrivileged(Native Method)
	at org.eclipse.osgi.framework.internal.core.BundleContextImpl.stop(BundleContextImpl.java:1046)
	at org.eclipse.osgi.framework.internal.core.BundleHost.stopWorker(BundleHost.java:457)
	at org.eclipse.osgi.framework.internal.core.AbstractBundle.suspend(AbstractBundle.java:531)
	at org.eclipse.osgi.framework.internal.core.Framework.suspendBundle(Framework.java:1104)
	at org.eclipse.osgi.framework.internal.core.StartLevelManager.decFWSL(StartLevelManager.java:655)
	at org.eclipse.osgi.framework.internal.core.StartLevelManager.doSetStartLevel(StartLevelManager.java:312)
	at org.eclipse.osgi.framework.internal.core.StartLevelManager.shutdown(StartLevelManager.java:257)
	at org.eclipse.osgi.framework.internal.core.SystemBundle.suspend(SystemBundle.java:236)
	at org.eclipse.osgi.framework.internal.core.Framework.shutdown(Framework.java:678)
	at org.eclipse.osgi.framework.internal.core.Framework.close(Framework.java:576)
	at org.eclipse.osgi.framework.internal.core.OSGi.close(OSGi.java:41)
	at org.eclipse.core.runtime.adaptor.EclipseStarter.shutdown(EclipseStarter.java:424)
	at sun.reflect.NativeMethodAccessorImpl.invoke0(Native Method)
	at sun.reflect.NativeMethodAccessorImpl.invoke(NativeMethodAccessorImpl.java:39)
	at sun.reflect.DelegatingMethodAccessorImpl.invoke(DelegatingMethodAccessorImpl.java:25)
	at java.lang.reflect.Method.invoke(Method.java:592)
	at com.corisecio.connector.base.c.a(SourceFile:338)
	at com.corisecio.bsf.connector.ApplicationListener.contextDestroyed(SourceFile:75)
	at org.apache.catalina.core.StandardContext.listenerStop(StandardContext.java:3836)
	at org.apache.catalina.core.StandardContext.stop(StandardContext.java:4366)
	at org.apache.catalina.core.ContainerBase.removeChild(ContainerBase.java:893)
	at org.apache.catalina.startup.HostConfig.undeployApps(HostConfig.java:1192)
	at org.apache.catalina.startup.HostConfig.stop(HostConfig.java:1163)
	at org.apache.catalina.startup.HostConfig.lifecycleEvent(HostConfig.java:313)
	at org.apache.catalina.util.LifecycleSupport.fireLifecycleEvent(LifecycleSupport.java:120)
	at org.apache.catalina.core.ContainerBase.stop(ContainerBase.java:1055)
	at org.apache.catalina.core.ContainerBase.stop(ContainerBase.java:1067)
	at org.apache.catalina.core.StandardEngine.stop(StandardEngine.java:448)
	at org.apache.catalina.core.StandardService.stop(StandardService.java:510)
	at org.apache.catalina.core.StandardServer.stop(StandardServer.java:734)
	at org.apache.catalina.startup.Catalina.stop(Catalina.java:602)
	at org.apache.catalina.startup.Catalina.start(Catalina.java:577)
	at sun.reflect.NativeMethodAccessorImpl.invoke0(Native Method)
	at sun.reflect.NativeMethodAccessorImpl.invoke(NativeMethodAccessorImpl.java:39)
	at sun.reflect.DelegatingMethodAccessorImpl.invoke(DelegatingMethodAccessorImpl.java:25)
	at java.lang.reflect.Method.invoke(Method.java:592)
	at org.apache.catalina.startup.Bootstrap.start(Bootstrap.java:295)
	at org.apache.catalina.startup.Bootstrap.main(Bootstrap.java:433)
Caused by: java.lang.NullPointerException
	at org.eclipse.osgi.framework.internal.core.BundleContextImpl.getService(BundleContextImpl.java:890)
	at com.corisecio.bsf.adapter.ws.sb.Activator.stop(SourceFile:91)
	at org.eclipse.osgi.framework.internal.core.BundleContextImpl$3.run(BundleContextImpl.java:1050)
	at java.security.AccessController.doPrivileged(Native Method)
	at org.eclipse.osgi.framework.internal.core.BundleContextImpl.stop(BundleContextImpl.java:1046)
	... 46 more
2022-07-02 00:02:37.856 +0500: INFO - 01-unkn00-1999992 - Info: 26.bsf.adapter.soap.xkms (main, com.corisecio.bsf.adapter.core.main.AdapterManager)
2022-07-02 00:02:37.856 +0500: INFO - 05-xkms01-1300003 - Stopping bundle bsf.adapter.soap.xkms (main, com.corisecio.bsf.adapter.core.main.Activator)
2022-07-02 00:02:37.856 +0500: INFO - 05-xkms01-1300004 - Stopping bundle bsf.adapter.soap.xkms - done (main, com.corisecio.bsf.adapter.core.main.Activator)
2022-07-02 00:02:37.856 +0500: INFO - 01-unkn00-1999992 - Info: 25.bsf.adapter.ws.wss (main, com.corisecio.bsf.adapter.core.main.AdapterManager)
2022-07-02 00:02:37.856 +0500: INFO - 01-wsse01-1300003 - Stopping bundle bsf.adapter.ws.wss (main, com.corisecio.bsf.adapter.core.main.Activator)
2022-07-02 00:02:37.856 +0500: INFO - 01-wsse01-1300004 - Stopping bundle bsf.adapter.ws.wss - done (main, com.corisecio.bsf.adapter.core.main.Activator)
2022-07-02 00:02:37.872 +0500: INFO - 01-unkn00-1999992 - Info: 24.com.corisecio.bsf.sin.connector.utils.xml (main, com.corisecio.bsf.adapter.core.main.AdapterManager)
2022-07-02 00:02:37.872 +0500: INFO - 05-xml101-1300003 - Stopping bundle com.corisecio.bsf.sin.connector.utils.xml (main, com.corisecio.bsf.adapter.core.main.Activator)
2022-07-02 00:02:37.872 +0500: INFO - 05-xml101-1300004 - Stopping bundle com.corisecio.bsf.sin.connector.utils.xml - done (main, com.corisecio.bsf.adapter.core.main.Activator)
2022-07-02 00:02:37.872 +0500: INFO - 01-unkn00-1999992 - Info: 23.bsf.adapter.ws.base (main, com.corisecio.bsf.adapter.core.main.AdapterManager)
2022-07-02 00:02:37.872 +0500: INFO - 01-unkn00-1999992 - Info: 22.bsf.adapter.soap.httprecorder (main, com.corisecio.bsf.adapter.core.main.AdapterManager)
2022-07-02 00:02:37.872 +0500: INFO - 01-reco01-1300003 - Stopping bundle bsf.adapter.soap.httprecorder (main, com.corisecio.bsf.adapter.core.main.Activator)
2022-07-02 00:02:37.872 +0500: INFO - 01-reco01-1300004 - Stopping bundle bsf.adapter.soap.httprecorder - done (main, com.corisecio.bsf.adapter.core.main.Activator)
2022-07-02 00:02:37.872 +0500: INFO - 01-unkn00-1999992 - Info: 21.bsf.adapter.soap.httpbridge (main, com.corisecio.bsf.adapter.core.main.AdapterManager)
2022-07-02 00:02:37.872 +0500: INFO - 01-htbr01-1300003 - Stopping bundle bsf.adapter.soap.httpbridge (main, com.corisecio.bsf.adapter.core.main.Activator)
2022-07-02 00:02:37.872 +0500: INFO - 01-htbr01-1300004 - Stopping bundle bsf.adapter.soap.httpbridge - done (main, com.corisecio.bsf.adapter.core.main.Activator)
2022-07-02 00:02:37.887 +0500: INFO - 01-unkn00-1999992 - Info: 20.bsf.adapter.saml.sb (main, com.corisecio.bsf.adapter.core.main.AdapterManager)
2022-07-02 00:02:37.887 +0500: INFO - 05-sam201-1300003 - Stopping bundle bsf.adapter.saml.sb (main, com.corisecio.bsf.adapter.core.main.Activator)
2022-07-02 00:02:37.887 +0500: INFO - 05-sam201-1300004 - Stopping bundle bsf.adapter.saml.sb - done (main, com.corisecio.bsf.adapter.core.main.Activator)
2022-07-02 00:02:37.887 +0500: INFO - 01-unkn00-1999992 - Info: 19.bsf.adapter.soap.base (main, com.corisecio.bsf.adapter.core.main.AdapterManager)
2022-07-02 00:02:37.887 +0500: INFO - 01-unkn00-1999992 - Info: 18.bsf.adapter.saml.base (main, com.corisecio.bsf.adapter.core.main.AdapterManager)
2022-07-02 00:02:37.903 +0500: INFO - 01-unkn00-1999992 - Info: 17.bsf.adapter.http.tomcat (main, com.corisecio.bsf.adapter.core.main.AdapterManager)
2022-07-02 00:02:37.903 +0500: INFO - 01-unkn00-1999992 - Info: Stopping com.corisecio.bsf.adapter.http.tomcat (main, com.corisecio.bsf.adapter.http.tomcat.Activator)
2022-07-02 00:02:37.903 +0500: WARN - 01-bacm00-2300310 - Bundle bsf.adapter.http.tomcat can not be uninstalled. (main, com.corisecio.bsf.adapter.core.main.AdapterManager)
org.osgi.framework.BundleException: Exception in com.corisecio.bsf.adapter.http.tomcat.Activator.stop() of bundle bsf.adapter.http.tomcat.
	at org.eclipse.osgi.framework.internal.core.BundleContextImpl.stop(BundleContextImpl.java:1066)
	at org.eclipse.osgi.framework.internal.core.BundleHost.stopWorker(BundleHost.java:457)
	at org.eclipse.osgi.framework.internal.core.AbstractBundle.stop(AbstractBundle.java:430)
	at org.eclipse.osgi.framework.internal.core.AbstractBundle.stop(AbstractBundle.java:422)
	at com.corisecio.bsf.adapter.core.main.AdapterManager.setUpAdapter(SourceFile:393)
	at com.corisecio.bsf.adapter.core.main.services.CoreMainInstallationService.uninstall(SourceFile:103)
	at com.corisecio.bsf.adapter.core.main.Activator.stop(SourceFile:148)
	at org.eclipse.osgi.framework.internal.core.BundleContextImpl$3.run(BundleContextImpl.java:1050)
	at java.security.AccessController.doPrivileged(Native Method)
	at org.eclipse.osgi.framework.internal.core.BundleContextImpl.stop(BundleContextImpl.java:1046)
	at org.eclipse.osgi.framework.internal.core.BundleHost.stopWorker(BundleHost.java:457)
	at org.eclipse.osgi.framework.internal.core.AbstractBundle.suspend(AbstractBundle.java:531)
	at org.eclipse.osgi.framework.internal.core.Framework.suspendBundle(Framework.java:1104)
	at org.eclipse.osgi.framework.internal.core.StartLevelManager.decFWSL(StartLevelManager.java:655)
	at org.eclipse.osgi.framework.internal.core.StartLevelManager.doSetStartLevel(StartLevelManager.java:312)
	at org.eclipse.osgi.framework.internal.core.StartLevelManager.shutdown(StartLevelManager.java:257)
	at org.eclipse.osgi.framework.internal.core.SystemBundle.suspend(SystemBundle.java:236)
	at org.eclipse.osgi.framework.internal.core.Framework.shutdown(Framework.java:678)
	at org.eclipse.osgi.framework.internal.core.Framework.close(Framework.java:576)
	at org.eclipse.osgi.framework.internal.core.OSGi.close(OSGi.java:41)
	at org.eclipse.core.runtime.adaptor.EclipseStarter.shutdown(EclipseStarter.java:424)
	at sun.reflect.NativeMethodAccessorImpl.invoke0(Native Method)
	at sun.reflect.NativeMethodAccessorImpl.invoke(NativeMethodAccessorImpl.java:39)
	at sun.reflect.DelegatingMethodAccessorImpl.invoke(DelegatingMethodAccessorImpl.java:25)
	at java.lang.reflect.Method.invoke(Method.java:592)
	at com.corisecio.connector.base.c.a(SourceFile:338)
	at com.corisecio.bsf.connector.ApplicationListener.contextDestroyed(SourceFile:75)
	at org.apache.catalina.core.StandardContext.listenerStop(StandardContext.java:3836)
	at org.apache.catalina.core.StandardContext.stop(StandardContext.java:4366)
	at org.apache.catalina.core.ContainerBase.removeChild(ContainerBase.java:893)
	at org.apache.catalina.startup.HostConfig.undeployApps(HostConfig.java:1192)
	at org.apache.catalina.startup.HostConfig.stop(HostConfig.java:1163)
	at org.apache.catalina.startup.HostConfig.lifecycleEvent(HostConfig.java:313)
	at org.apache.catalina.util.LifecycleSupport.fireLifecycleEvent(LifecycleSupport.java:120)
	at org.apache.catalina.core.ContainerBase.stop(ContainerBase.java:1055)
	at org.apache.catalina.core.ContainerBase.stop(ContainerBase.java:1067)
	at org.apache.catalina.core.StandardEngine.stop(StandardEngine.java:448)
	at org.apache.catalina.core.StandardService.stop(StandardService.java:510)
	at org.apache.catalina.core.StandardServer.stop(StandardServer.java:734)
	at org.apache.catalina.startup.Catalina.stop(Catalina.java:602)
	at org.apache.catalina.startup.Catalina.start(Catalina.java:577)
	at sun.reflect.NativeMethodAccessorImpl.invoke0(Native Method)
	at sun.reflect.NativeMethodAccessorImpl.invoke(NativeMethodAccessorImpl.java:39)
	at sun.reflect.DelegatingMethodAccessorImpl.invoke(DelegatingMethodAccessorImpl.java:25)
	at java.lang.reflect.Method.invoke(Method.java:592)
	at org.apache.catalina.startup.Bootstrap.start(Bootstrap.java:295)
	at org.apache.catalina.startup.Bootstrap.main(Bootstrap.java:433)
Caused by: java.lang.NullPointerException
	at org.eclipse.osgi.framework.internal.core.BundleContextImpl.getService(BundleContextImpl.java:890)
	at com.corisecio.bsf.adapter.http.tomcat.Activator.stop(SourceFile:129)
	at org.eclipse.osgi.framework.internal.core.BundleContextImpl$3.run(BundleContextImpl.java:1050)
	at java.security.AccessController.doPrivileged(Native Method)
	at org.eclipse.osgi.framework.internal.core.BundleContextImpl.stop(BundleContextImpl.java:1046)
	... 46 more
2022-07-02 00:02:37.903 +0500: INFO - 01-unkn00-1999992 - Info: 16.bsf.adapter.http.proxy (main, com.corisecio.bsf.adapter.core.main.AdapterManager)
2022-07-02 00:02:37.903 +0500: INFO - 01-unkn00-1999992 - Info: Stopping com.corisecio.bsf.adapter.http.proxy (main, com.corisecio.bsf.adapter.http.proxy.Activator)
2022-07-02 00:02:37.903 +0500: WARN - 01-bacm00-2300310 - Bundle bsf.adapter.http.proxy can not be uninstalled. (main, com.corisecio.bsf.adapter.core.main.AdapterManager)
org.osgi.framework.BundleException: Exception in com.corisecio.bsf.adapter.http.proxy.Activator.stop() of bundle bsf.adapter.http.proxy.
	at org.eclipse.osgi.framework.internal.core.BundleContextImpl.stop(BundleContextImpl.java:1066)
	at org.eclipse.osgi.framework.internal.core.BundleHost.stopWorker(BundleHost.java:457)
	at org.eclipse.osgi.framework.internal.core.AbstractBundle.stop(AbstractBundle.java:430)
	at org.eclipse.osgi.framework.internal.core.AbstractBundle.stop(AbstractBundle.java:422)
	at com.corisecio.bsf.adapter.core.main.AdapterManager.setUpAdapter(SourceFile:393)
	at com.corisecio.bsf.adapter.core.main.services.CoreMainInstallationService.uninstall(SourceFile:103)
	at com.corisecio.bsf.adapter.core.main.Activator.stop(SourceFile:148)
	at org.eclipse.osgi.framework.internal.core.BundleContextImpl$3.run(BundleContextImpl.java:1050)
	at java.security.AccessController.doPrivileged(Native Method)
	at org.eclipse.osgi.framework.internal.core.BundleContextImpl.stop(BundleContextImpl.java:1046)
	at org.eclipse.osgi.framework.internal.core.BundleHost.stopWorker(BundleHost.java:457)
	at org.eclipse.osgi.framework.internal.core.AbstractBundle.suspend(AbstractBundle.java:531)
	at org.eclipse.osgi.framework.internal.core.Framework.suspendBundle(Framework.java:1104)
	at org.eclipse.osgi.framework.internal.core.StartLevelManager.decFWSL(StartLevelManager.java:655)
	at org.eclipse.osgi.framework.internal.core.StartLevelManager.doSetStartLevel(StartLevelManager.java:312)
	at org.eclipse.osgi.framework.internal.core.StartLevelManager.shutdown(StartLevelManager.java:257)
	at org.eclipse.osgi.framework.internal.core.SystemBundle.suspend(SystemBundle.java:236)
	at org.eclipse.osgi.framework.internal.core.Framework.shutdown(Framework.java:678)
	at org.eclipse.osgi.framework.internal.core.Framework.close(Framework.java:576)
	at org.eclipse.osgi.framework.internal.core.OSGi.close(OSGi.java:41)
	at org.eclipse.core.runtime.adaptor.EclipseStarter.shutdown(EclipseStarter.java:424)
	at sun.reflect.NativeMethodAccessorImpl.invoke0(Native Method)
	at sun.reflect.NativeMethodAccessorImpl.invoke(NativeMethodAccessorImpl.java:39)
	at sun.reflect.DelegatingMethodAccessorImpl.invoke(DelegatingMethodAccessorImpl.java:25)
	at java.lang.reflect.Method.invoke(Method.java:592)
	at com.corisecio.connector.base.c.a(SourceFile:338)
	at com.corisecio.bsf.connector.ApplicationListener.contextDestroyed(SourceFile:75)
	at org.apache.catalina.core.StandardContext.listenerStop(StandardContext.java:3836)
	at org.apache.catalina.core.StandardContext.stop(StandardContext.java:4366)
	at org.apache.catalina.core.ContainerBase.removeChild(ContainerBase.java:893)
	at org.apache.catalina.startup.HostConfig.undeployApps(HostConfig.java:1192)
	at org.apache.catalina.startup.HostConfig.stop(HostConfig.java:1163)
	at org.apache.catalina.startup.HostConfig.lifecycleEvent(HostConfig.java:313)
	at org.apache.catalina.util.LifecycleSupport.fireLifecycleEvent(LifecycleSupport.java:120)
	at org.apache.catalina.core.ContainerBase.stop(ContainerBase.java:1055)
	at org.apache.catalina.core.ContainerBase.stop(ContainerBase.java:1067)
	at org.apache.catalina.core.StandardEngine.stop(StandardEngine.java:448)
	at org.apache.catalina.core.StandardService.stop(StandardService.java:510)
	at org.apache.catalina.core.StandardServer.stop(StandardServer.java:734)
	at org.apache.catalina.startup.Catalina.stop(Catalina.java:602)
	at org.apache.catalina.startup.Catalina.start(Catalina.java:577)
	at sun.reflect.NativeMethodAccessorImpl.invoke0(Native Method)
	at sun.reflect.NativeMethodAccessorImpl.invoke(NativeMethodAccessorImpl.java:39)
	at sun.reflect.DelegatingMethodAccessorImpl.invoke(DelegatingMethodAccessorImpl.java:25)
	at java.lang.reflect.Method.invoke(Method.java:592)
	at org.apache.catalina.startup.Bootstrap.start(Bootstrap.java:295)
	at org.apache.catalina.startup.Bootstrap.main(Bootstrap.java:433)
Caused by: java.lang.NullPointerException
	at org.eclipse.osgi.framework.internal.core.BundleContextImpl.getService(BundleContextImpl.java:890)
	at com.corisecio.bsf.adapter.http.proxy.Activator.stop(SourceFile:106)
	at org.eclipse.osgi.framework.internal.core.BundleContextImpl$3.run(BundleContextImpl.java:1050)
	at java.security.AccessController.doPrivileged(Native Method)
	at org.eclipse.osgi.framework.internal.core.BundleContextImpl.stop(BundleContextImpl.java:1046)
	... 46 more
2022-07-02 00:02:37.903 +0500: INFO - 01-unkn00-1999992 - Info: 15.com.corisecio.bsf.sin.onASConsole (main, com.corisecio.bsf.adapter.core.main.AdapterManager)
2022-07-02 00:02:37.903 +0500: INFO - 05-pers01-1300003 - Stopping bundle com.corisecio.bsf.sin.onASConsole (main, com.corisecio.bsf.adapter.core.main.Activator)
2022-07-02 00:02:37.919 +0500: INFO - 05-pers01-1300004 - Stopping bundle com.corisecio.bsf.sin.onASConsole - done (main, com.corisecio.bsf.adapter.core.main.Activator)
2022-07-02 00:02:37.919 +0500: INFO - 01-unkn00-1999992 - Info: 14.com.corisecio.bsf.sem.role.base (main, com.corisecio.bsf.adapter.core.main.AdapterManager)
2022-07-02 00:02:37.919 +0500: INFO - 01-unkn00-1999992 - Info: 13.com.corisecio.bsf.sem.user.base (main, com.corisecio.bsf.adapter.core.main.AdapterManager)
2022-07-02 00:02:37.919 +0500: INFO - 01-unkn00-1999992 - Info: 12.com.corisecio.bsf.skm.base (main, com.corisecio.bsf.adapter.core.main.AdapterManager)
2022-07-02 00:02:37.919 +0500: INFO - 05-pers01-1300003 - Stopping bundle com.corisecio.bsf.skm.base (main, com.corisecio.bsf.adapter.core.main.Activator)
2022-07-02 00:02:37.919 +0500: INFO - 01-unkn00-1999992 - Info: {com.corisecio.bsf.adapter.core.main.JAXBContainer}={service.id=31} (main, com.corisecio.bsf.adapter.core.main.Activator)
2022-07-02 00:02:37.919 +0500: INFO - 05-pers01-1300004 - Stopping bundle com.corisecio.bsf.skm.base - done (main, com.corisecio.bsf.adapter.core.main.Activator)
2022-07-02 00:02:37.919 +0500: INFO - 01-unkn00-1999992 - Info: 11.com.corisecio.bsf.icm.base (main, com.corisecio.bsf.adapter.core.main.AdapterManager)
2022-07-02 00:02:37.934 +0500: INFO - 01-unkn00-1999992 - Info: 10.com.corisecio.bsf.sem.impexp.base (main, com.corisecio.bsf.adapter.core.main.AdapterManager)
2022-07-02 00:02:37.934 +0500: INFO - 01-unkn00-1999992 - Info: 9.com.corisecio.bsf.adapter.persistence (main, com.corisecio.bsf.adapter.core.main.AdapterManager)
2022-07-02 00:02:37.965 +0500: INFO - 01-unkn00-1999992 - Info: 8.bsf.adapter.util.script (main, com.corisecio.bsf.adapter.core.main.AdapterManager)
2022-07-02 00:02:37.965 +0500: INFO - 01-unkn00-1999992 - Info: 7.bsf.adapter.util.crypto (main, com.corisecio.bsf.adapter.core.main.AdapterManager)
2022-07-02 00:02:37.965 +0500: INFO - 01-unkn00-1999992 - Info: Stoppig com.corisecio.bsf.adapter.util.crypto (main, com.corisecio.bsf.adapter.util.crypto.Activator)
2022-07-02 00:02:37.965 +0500: INFO - 01-unkn00-1999992 - Info: Stoppig com.corisecio.bsf.adapter.util.crypto - done (main, com.corisecio.bsf.adapter.util.crypto.Activator)
2022-07-02 00:02:37.965 +0500: INFO - 01-unkn00-1999992 - Info: 6.bsf.adapter.http.base (main, com.corisecio.bsf.adapter.core.main.AdapterManager)
2022-07-02 00:02:37.981 +0500: INFO - 01-unkn00-1999992 - Info: Stopping com.corisecio.bsf.adapter.http.base (main, com.corisecio.bsf.adapter.http.base.Activator)
2022-07-02 00:02:37.981 +0500: WARN - 01-bacm00-2300310 - Bundle bsf.adapter.http.base can not be uninstalled. (main, com.corisecio.bsf.adapter.core.main.AdapterManager)
org.osgi.framework.BundleException: Exception in com.corisecio.bsf.adapter.http.base.Activator.stop() of bundle bsf.adapter.http.base.
	at org.eclipse.osgi.framework.internal.core.BundleContextImpl.stop(BundleContextImpl.java:1066)
	at org.eclipse.osgi.framework.internal.core.BundleHost.stopWorker(BundleHost.java:457)
	at org.eclipse.osgi.framework.internal.core.AbstractBundle.stop(AbstractBundle.java:430)
	at org.eclipse.osgi.framework.internal.core.AbstractBundle.stop(AbstractBundle.java:422)
	at com.corisecio.bsf.adapter.core.main.AdapterManager.setUpAdapter(SourceFile:393)
	at com.corisecio.bsf.adapter.core.main.services.CoreMainInstallationService.uninstall(SourceFile:103)
	at com.corisecio.bsf.adapter.core.main.Activator.stop(SourceFile:148)
	at org.eclipse.osgi.framework.internal.core.BundleContextImpl$3.run(BundleContextImpl.java:1050)
	at java.security.AccessController.doPrivileged(Native Method)
	at org.eclipse.osgi.framework.internal.core.BundleContextImpl.stop(BundleContextImpl.java:1046)
	at org.eclipse.osgi.framework.internal.core.BundleHost.stopWorker(BundleHost.java:457)
	at org.eclipse.osgi.framework.internal.core.AbstractBundle.suspend(AbstractBundle.java:531)
	at org.eclipse.osgi.framework.internal.core.Framework.suspendBundle(Framework.java:1104)
	at org.eclipse.osgi.framework.internal.core.StartLevelManager.decFWSL(StartLevelManager.java:655)
	at org.eclipse.osgi.framework.internal.core.StartLevelManager.doSetStartLevel(StartLevelManager.java:312)
	at org.eclipse.osgi.framework.internal.core.StartLevelManager.shutdown(StartLevelManager.java:257)
	at org.eclipse.osgi.framework.internal.core.SystemBundle.suspend(SystemBundle.java:236)
	at org.eclipse.osgi.framework.internal.core.Framework.shutdown(Framework.java:678)
	at org.eclipse.osgi.framework.internal.core.Framework.close(Framework.java:576)
	at org.eclipse.osgi.framework.internal.core.OSGi.close(OSGi.java:41)
	at org.eclipse.core.runtime.adaptor.EclipseStarter.shutdown(EclipseStarter.java:424)
	at sun.reflect.NativeMethodAccessorImpl.invoke0(Native Method)
	at sun.reflect.NativeMethodAccessorImpl.invoke(NativeMethodAccessorImpl.java:39)
	at sun.reflect.DelegatingMethodAccessorImpl.invoke(DelegatingMethodAccessorImpl.java:25)
	at java.lang.reflect.Method.invoke(Method.java:592)
	at com.corisecio.connector.base.c.a(SourceFile:338)
	at com.corisecio.bsf.connector.ApplicationListener.contextDestroyed(SourceFile:75)
	at org.apache.catalina.core.StandardContext.listenerStop(StandardContext.java:3836)
	at org.apache.catalina.core.StandardContext.stop(StandardContext.java:4366)
	at org.apache.catalina.core.ContainerBase.removeChild(ContainerBase.java:893)
	at org.apache.catalina.startup.HostConfig.undeployApps(HostConfig.java:1192)
	at org.apache.catalina.startup.HostConfig.stop(HostConfig.java:1163)
	at org.apache.catalina.startup.HostConfig.lifecycleEvent(HostConfig.java:313)
	at org.apache.catalina.util.LifecycleSupport.fireLifecycleEvent(LifecycleSupport.java:120)
	at org.apache.catalina.core.ContainerBase.stop(ContainerBase.java:1055)
	at org.apache.catalina.core.ContainerBase.stop(ContainerBase.java:1067)
	at org.apache.catalina.core.StandardEngine.stop(StandardEngine.java:448)
	at org.apache.catalina.core.StandardService.stop(StandardService.java:510)
	at org.apache.catalina.core.StandardServer.stop(StandardServer.java:734)
	at org.apache.catalina.startup.Catalina.stop(Catalina.java:602)
	at org.apache.catalina.startup.Catalina.start(Catalina.java:577)
	at sun.reflect.NativeMethodAccessorImpl.invoke0(Native Method)
	at sun.reflect.NativeMethodAccessorImpl.invoke(NativeMethodAccessorImpl.java:39)
	at sun.reflect.DelegatingMethodAccessorImpl.invoke(DelegatingMethodAccessorImpl.java:25)
	at java.lang.reflect.Method.invoke(Method.java:592)
	at org.apache.catalina.startup.Bootstrap.start(Bootstrap.java:295)
	at org.apache.catalina.startup.Bootstrap.main(Bootstrap.java:433)
Caused by: java.lang.NullPointerException
	at org.eclipse.osgi.framework.internal.core.BundleContextImpl.getService(BundleContextImpl.java:890)
	at com.corisecio.bsf.adapter.http.base.Activator.stop(SourceFile:105)
	at org.eclipse.osgi.framework.internal.core.BundleContextImpl$3.run(BundleContextImpl.java:1050)
	at java.security.AccessController.doPrivileged(Native Method)
	at org.eclipse.osgi.framework.internal.core.BundleContextImpl.stop(BundleContextImpl.java:1046)
	... 46 more
2022-07-02 00:02:37.981 +0500: INFO - 01-unkn00-1999992 - Info: 5.bsf.adapter.core.main (main, com.corisecio.bsf.adapter.core.main.AdapterManager)
2022-07-02 00:02:37.981 +0500: INFO - 01-unkn00-1999992 - Info: 4.bsf.adapter.core.adapter (main, com.corisecio.bsf.adapter.core.main.AdapterManager)
2022-07-02 00:02:37.981 +0500: INFO - 01-unkn00-1999992 - Info: 3.bsf.adapter.core.logging (main, com.corisecio.bsf.adapter.core.main.AdapterManager)
2022-07-02 00:02:37.981 +0500: INFO - 01-unkn00-1999992 - Info: 2.org.eclipse.osgi.services (main, com.corisecio.bsf.adapter.core.main.AdapterManager)
2022-07-02 00:02:37.981 +0500: INFO - 01-unkn00-1999992 - Info: 1.com.corisecio.bsf.sin.fragment.bundle (main, com.corisecio.bsf.adapter.core.main.AdapterManager)
2022-07-02 00:02:37.981 +0500: INFO - 01-unkn00-1999992 - Info: 0.org.eclipse.osgi (main, com.corisecio.bsf.adapter.core.main.AdapterManager)
2022-07-02 00:02:37.981 +0500: INFO - 01-unkn00-1999992 - Info: Stopping Bundles ............................. DONE (main, com.corisecio.bsf.adapter.core.main.AdapterManager)
2022-07-02 00:02:37.981 +0500: INFO - 01-unkn00-1999992 - Info: Unregister KeyStoreService... (main, com.corisecio.bsf.adapter.core.main.Activator)
2022-07-02 00:02:37.981 +0500: INFO - 01-bacm01-1300004 - Stopping bundle bsf.adapter.core.main - done (main, com.corisecio.bsf.adapter.core.main.Activator)
2022-07-02 00:02:37.997 +0500: INFO - 01-bsca01-1300003 - Stopping bundle ${0} (main, com.corisecio.bsf.adapter.core.adapter.Activator)
2022-07-02 00:02:37.997 +0500: INFO - 01-bsca01-1300004 - Stopping bundle ${0} - done (main, com.corisecio.bsf.adapter.core.adapter.Activator)
2022-07-02 00:02:37.997 +0500: INFO - 01-bacl01-1300003 - Stopping bundle bsf.adapter.core.logging (main, com.corisecio.bsf.adapter.core.logging.Activator)
2022-07-02 00:02:37.997 +0500: INFO - 01-bacl01-1300004 - Stopping bundle bsf.adapter.core.logging - done (main, com.corisecio.bsf.adapter.core.logging.Activator)
2022-07-02 00:02:37.997 +0500: WARN - shutting down logging system.... (main, com.corisecio.bsf.adapter.core.logging.console.ConsoleLoggerFactory)
