2022-07-09 04:38:36.057 +0500: INFO - Creating Logger for com.corisecio.bsf.adapter.core.logging.Activator (Start Level Event Dispatcher, com.corisecio.bsf.adapter.core.logging.console.ConsoleLoggerFactory)
2022-07-09 04:38:36.072 +0500: INFO - 01-bacl01-1300002 - Starting bundle bsf.adapter.core.logging - done (Start Level Event Dispatcher, com.corisecio.bsf.adapter.core.logging.Activator)
2022-07-09 04:38:36.244 +0500: INFO - Creating Logger for com.corisecio.bsf.adapter.core.adapter.Activator (Start Level Event Dispatcher, com.corisecio.bsf.adapter.core.logging.console.ConsoleLoggerFactory)
2022-07-09 04:38:36.244 +0500: INFO - 01-bsca01-1300001 - Starting bundle ${0} (Start Level Event Dispatcher, com.corisecio.bsf.adapter.core.adapter.Activator)
2022-07-09 04:38:36.244 +0500: INFO - 01-bsca01-1300002 - Starting bundle ${0} - done (Start Level Event Dispatcher, com.corisecio.bsf.adapter.core.adapter.Activator)
2022-07-09 04:38:38.947 +0500: INFO - Creating Logger for com.corisecio.bsf.adapter.core.main.Activator (Start Level Event Dispatcher, com.corisecio.bsf.adapter.core.logging.console.ConsoleLoggerFactory)
2022-07-09 04:38:38.947 +0500: INFO - 01-bacm01-1300001 - Starting bundle bsf.adapter.core.main (Start Level Event Dispatcher, com.corisecio.bsf.adapter.core.main.Activator)
2022-07-09 04:38:38.979 +0500: INFO - 01-bacm01-1600100 - Adapter path is C:\SOA-DEMO\Tomcat\webapps\payment\adapter (Start Level Event Dispatcher, com.corisecio.bsf.adapter.core.main.Activator)
2022-07-09 04:38:50.807 +0500: INFO - Creating Logger for com.corisecio.bsf.adapter.core.main.AdapterManager (Start Level Event Dispatcher, com.corisecio.bsf.adapter.core.logging.console.ConsoleLoggerFactory)
2022-07-09 04:39:04.480 +0500: INFO - 01-unkn00-1999992 - Info: org.eclipse.core.runtime.internal.adaptor.ContextFinder@1d840cd (Start Level Event Dispatcher, com.corisecio.bsf.adapter.core.main.AdapterManager)
2022-07-09 04:39:04.480 +0500: INFO - 01-unkn00-1999992 - Info: org.eclipse.core.runtime.internal.adaptor.ContextFinder@1d840cd (Start Level Event Dispatcher, com.corisecio.bsf.adapter.core.main.AdapterManager)
2022-07-09 04:39:04.511 +0500: INFO - 01-unkn00-1999992 - Info: Stopping Bundles ............................. (Start Level Event Dispatcher, com.corisecio.bsf.adapter.core.main.AdapterManager)
2022-07-09 04:39:04.511 +0500: INFO - 01-unkn00-1999992 - Info: 5.bsf.adapter.core.main (Start Level Event Dispatcher, com.corisecio.bsf.adapter.core.main.AdapterManager)
2022-07-09 04:39:04.527 +0500: INFO - 01-unkn00-1999992 - Info: 4.bsf.adapter.core.adapter (Start Level Event Dispatcher, com.corisecio.bsf.adapter.core.main.AdapterManager)
2022-07-09 04:39:04.527 +0500: INFO - 01-unkn00-1999992 - Info: 3.bsf.adapter.core.logging (Start Level Event Dispatcher, com.corisecio.bsf.adapter.core.main.AdapterManager)
2022-07-09 04:39:04.527 +0500: INFO - 01-unkn00-1999992 - Info: 2.org.eclipse.osgi.services (Start Level Event Dispatcher, com.corisecio.bsf.adapter.core.main.AdapterManager)
2022-07-09 04:39:04.527 +0500: INFO - 01-unkn00-1999992 - Info: 1.com.corisecio.bsf.sin.fragment.bundle (Start Level Event Dispatcher, com.corisecio.bsf.adapter.core.main.AdapterManager)
2022-07-09 04:39:04.527 +0500: INFO - 01-unkn00-1999992 - Info: 0.org.eclipse.osgi (Start Level Event Dispatcher, com.corisecio.bsf.adapter.core.main.AdapterManager)
2022-07-09 04:39:04.527 +0500: INFO - 01-unkn00-1999992 - Info: Stopping Bundles ............................. DONE (Start Level Event Dispatcher, com.corisecio.bsf.adapter.core.main.AdapterManager)
2022-07-09 04:39:04.527 +0500: INFO - 01-unkn00-1999992 - Info: Starting ... C:\SOA-DEMO\Tomcat\webapps\payment\adapter\bsf.adapter.http.base_2.1.1.0131.jar (Start Level Event Dispatcher, com.corisecio.bsf.adapter.core.main.AdapterManager)
2022-07-09 04:39:04.714 +0500: INFO - Creating Logger for com.corisecio.bsf.adapter.http.base.Activator (Start Level Event Dispatcher, com.corisecio.bsf.adapter.core.logging.console.ConsoleLoggerFactory)
2022-07-09 04:39:04.730 +0500: INFO - 01-unkn00-1999992 - Info: Starting com.corisecio.bsf.adapter.http.base (Start Level Event Dispatcher, com.corisecio.bsf.adapter.http.base.Activator)
2022-07-09 04:39:04.730 +0500: INFO - 01-unkn00-1999992 - Info: Starting com.corisecio.bsf.adapter.http.base - done (Start Level Event Dispatcher, com.corisecio.bsf.adapter.http.base.Activator)
2022-07-09 04:39:04.730 +0500: INFO - 01-unkn00-1999992 - Info: Bundlestate for bsf.adapter.http.base: 32 (Start Level Event Dispatcher, com.corisecio.bsf.adapter.core.main.AdapterManager)
2022-07-09 04:39:04.730 +0500: INFO - 01-unkn00-1999992 - Info: Starting ... C:\SOA-DEMO\Tomcat\webapps\payment\adapter\bsf.adapter.util.crypto_2.1.1.0123.jar (Start Level Event Dispatcher, com.corisecio.bsf.adapter.core.main.AdapterManager)
2022-07-09 04:39:05.105 +0500: INFO - Creating Logger for com.corisecio.bsf.adapter.http.base.GC (Thread-22, com.corisecio.bsf.adapter.core.logging.console.ConsoleLoggerFactory)
2022-07-09 04:39:05.136 +0500: INFO - 01-unkn00-1999992 - Info: Starting ... gc (Thread-22, com.corisecio.bsf.adapter.http.base.GC)
2022-07-09 04:39:05.121 +0500: INFO - Creating Logger for com.corisecio.bsf.adapter.util.crypto.Activator (Start Level Event Dispatcher, com.corisecio.bsf.adapter.core.logging.console.ConsoleLoggerFactory)
2022-07-09 04:39:05.136 +0500: INFO - 01-unkn00-1999992 - Info: Starting com.corisecio.bsf.adapter.util.crypto (Start Level Event Dispatcher, com.corisecio.bsf.adapter.util.crypto.Activator)
2022-07-09 04:39:05.168 +0500: INFO - 01-unkn00-1999992 - Info: Starting com.corisecio.bsf.adapter.util.crypto - done (Start Level Event Dispatcher, com.corisecio.bsf.adapter.util.crypto.Activator)
2022-07-09 04:39:05.168 +0500: INFO - 01-unkn00-1999992 - Info: Bundlestate for bsf.adapter.util.crypto: 32 (Start Level Event Dispatcher, com.corisecio.bsf.adapter.core.main.AdapterManager)
2022-07-09 04:39:05.168 +0500: INFO - 01-unkn00-1999992 - Info: Starting ... C:\SOA-DEMO\Tomcat\webapps\payment\adapter\bsf.adapter.util.script_2.1.1.0121.jar (Start Level Event Dispatcher, com.corisecio.bsf.adapter.core.main.AdapterManager)
2022-07-09 04:39:05.527 +0500: INFO - 01-unkn00-1999992 - Info: Bundlestate for bsf.adapter.util.script: 32 (Start Level Event Dispatcher, com.corisecio.bsf.adapter.core.main.AdapterManager)
2022-07-09 04:39:05.527 +0500: INFO - 01-unkn00-1999992 - Info: Starting ... C:\SOA-DEMO\Tomcat\webapps\payment\adapter\bsf.adapter.persistence_2.1.1.0121.jar (Start Level Event Dispatcher, com.corisecio.bsf.adapter.core.main.AdapterManager)
2022-07-09 04:39:09.496 +0500: INFO - Creating Logger for com.corisecio.bsf.adapter.persistence.Database (Start Level Event Dispatcher, com.corisecio.bsf.adapter.core.logging.console.ConsoleLoggerFactory)
2022-07-09 04:39:15.387 +0500: INFO - Creating Logger for com.corisecio.bsf.adapter.persistence.config.ConfigurationLoader (Start Level Event Dispatcher, com.corisecio.bsf.adapter.core.logging.console.ConsoleLoggerFactory)
2022-07-09 04:39:15.402 +0500: ERROR - 01-unkn00-3999999 - An unknown error occurred;  (Start Level Event Dispatcher, com.corisecio.bsf.adapter.persistence.config.ConfigurationLoader)
java.sql.SQLException: Failed to start database 'C:/SOA-DB/Payment', see the next exception for details.
	at org.apache.derby.impl.jdbc.SQLExceptionFactory.getSQLException(SQLExceptionFactory.java:45)
	at org.apache.derby.impl.jdbc.Util.newEmbedSQLException(Util.java:87)
	at org.apache.derby.impl.jdbc.Util.seeNextException(Util.java:223)
	at org.apache.derby.impl.jdbc.EmbedConnection.bootDatabase(EmbedConnection.java:2620)
	at org.apache.derby.impl.jdbc.EmbedConnection.<init>(EmbedConnection.java:374)
	at org.apache.derby.impl.jdbc.EmbedConnection30.<init>(EmbedConnection30.java:73)
	at org.apache.derby.jdbc.Driver30.getNewEmbedConnection(Driver30.java:80)
	at org.apache.derby.jdbc.InternalDriver.connect(InternalDriver.java:238)
	at org.apache.derby.jdbc.AutoloadedDriver.connect(AutoloadedDriver.java:119)
	at java.sql.DriverManager.getConnection(DriverManager.java:525)
	at java.sql.DriverManager.getConnection(DriverManager.java:171)
	at com.corisecio.bsf.adapter.persistence.config.ConfigurationLoader.checkInitDatabase(SourceFile:115)
	at com.corisecio.bsf.adapter.persistence.Activator.loadDatabaseConfiguration(SourceFile:213)
	at com.corisecio.bsf.adapter.persistence.Activator.start(SourceFile:127)
	at org.eclipse.osgi.framework.internal.core.BundleContextImpl$2.run(BundleContextImpl.java:1009)
	at java.security.AccessController.doPrivileged(Native Method)
	at org.eclipse.osgi.framework.internal.core.BundleContextImpl.startActivator(BundleContextImpl.java:1003)
	at org.eclipse.osgi.framework.internal.core.BundleContextImpl.start(BundleContextImpl.java:984)
	at org.eclipse.osgi.framework.internal.core.BundleHost.startWorker(BundleHost.java:346)
	at org.eclipse.osgi.framework.internal.core.AbstractBundle.start(AbstractBundle.java:265)
	at org.eclipse.osgi.framework.internal.core.AbstractBundle.start(AbstractBundle.java:257)
	at com.corisecio.bsf.adapter.core.main.AdapterManager.a(SourceFile:508)
	at com.corisecio.bsf.adapter.core.main.AdapterManager.setUpAdapter(SourceFile:459)
	at com.corisecio.bsf.adapter.core.main.services.CoreMainInstallationService.install(SourceFile:95)
	at com.corisecio.bsf.adapter.core.main.Activator.start(SourceFile:116)
	at org.eclipse.osgi.framework.internal.core.BundleContextImpl$2.run(BundleContextImpl.java:1009)
	at java.security.AccessController.doPrivileged(Native Method)
	at org.eclipse.osgi.framework.internal.core.BundleContextImpl.startActivator(BundleContextImpl.java:1003)
	at org.eclipse.osgi.framework.internal.core.BundleContextImpl.start(BundleContextImpl.java:984)
	at org.eclipse.osgi.framework.internal.core.BundleHost.startWorker(BundleHost.java:346)
	at org.eclipse.osgi.framework.internal.core.AbstractBundle.resume(AbstractBundle.java:355)
	at org.eclipse.osgi.framework.internal.core.Framework.resumeBundle(Framework.java:1074)
	at org.eclipse.osgi.framework.internal.core.StartLevelManager.resumeBundles(StartLevelManager.java:616)
	at org.eclipse.osgi.framework.internal.core.StartLevelManager.incFWSL(StartLevelManager.java:508)
	at org.eclipse.osgi.framework.internal.core.StartLevelManager.doSetStartLevel(StartLevelManager.java:299)
	at org.eclipse.osgi.framework.internal.core.StartLevelManager.dispatchEvent(StartLevelManager.java:489)
	at org.eclipse.osgi.framework.eventmgr.EventManager.dispatchEvent(EventManager.java:211)
	at org.eclipse.osgi.framework.eventmgr.EventManager$EventThread.run(EventManager.java:321)
Caused by: java.sql.SQLException: Java exception: 'unable to create new native thread: java.lang.OutOfMemoryError'.
	at org.apache.derby.impl.jdbc.SQLExceptionFactory.getSQLException(SQLExceptionFactory.java:45)
	at org.apache.derby.impl.jdbc.Util.newEmbedSQLException(Util.java:87)
	at org.apache.derby.impl.jdbc.Util.javaException(Util.java:244)
	at org.apache.derby.impl.jdbc.EmbedConnection.bootDatabase(EmbedConnection.java:2616)
	... 34 more
Caused by: java.lang.OutOfMemoryError: unable to create new native thread
	at java.lang.Thread.start0(Native Method)
	at java.lang.Thread.start(Thread.java:574)
	at org.apache.derby.impl.services.daemon.SingleThreadDaemonFactory.createNewDaemon(SingleThreadDaemonFactory.java:71)
	at org.apache.derby.impl.store.raw.RawStore.boot(RawStore.java:189)
	at org.apache.derby.impl.services.monitor.BaseMonitor.boot(BaseMonitor.java:2021)
	at org.apache.derby.impl.services.monitor.TopService.bootModule(TopService.java:333)
	at org.apache.derby.impl.services.monitor.BaseMonitor.startModule(BaseMonitor.java:573)
	at org.apache.derby.iapi.services.monitor.Monitor.bootServiceModule(Monitor.java:427)
	at org.apache.derby.impl.store.access.RAMAccessManager.boot(RAMAccessManager.java:1019)
	at org.apache.derby.impl.services.monitor.BaseMonitor.boot(BaseMonitor.java:2021)
	at org.apache.derby.impl.services.monitor.TopService.bootModule(TopService.java:333)
	at org.apache.derby.impl.services.monitor.BaseMonitor.startModule(BaseMonitor.java:573)
	at org.apache.derby.iapi.services.monitor.Monitor.bootServiceModule(Monitor.java:427)
	at org.apache.derby.impl.db.BasicDatabase.bootStore(BasicDatabase.java:780)
	at org.apache.derby.impl.db.BasicDatabase.boot(BasicDatabase.java:196)
	at org.apache.derby.impl.services.monitor.BaseMonitor.boot(BaseMonitor.java:2021)
	at org.apache.derby.impl.services.monitor.TopService.bootModule(TopService.java:333)
	at org.apache.derby.impl.services.monitor.BaseMonitor.bootService(BaseMonitor.java:1858)
	at org.apache.derby.impl.services.monitor.BaseMonitor.startProviderService(BaseMonitor.java:1724)
	at org.apache.derby.impl.services.monitor.BaseMonitor.findProviderAndStartService(BaseMonitor.java:1551)
	at org.apache.derby.impl.services.monitor.BaseMonitor.startPersistentService(BaseMonitor.java:1021)
	at org.apache.derby.iapi.services.monitor.Monitor.startPersistentService(Monitor.java:550)
	at org.apache.derby.impl.jdbc.EmbedConnection.bootDatabase(EmbedConnection.java:2581)
	... 34 more
2022-07-09 04:39:15.465 +0500: WARN - 01-bacm00-2300311 - Bundle file:/C:/SOA-DEMO/Tomcat/webapps/payment/adapter/bsf.adapter.persistence_2.1.1.0121.jar can not be installed.  (Start Level Event Dispatcher, com.corisecio.bsf.adapter.core.main.AdapterManager)
org.osgi.framework.BundleException: Exception in com.corisecio.bsf.adapter.persistence.Activator.start() of bundle com.corisecio.bsf.adapter.persistence.
	at org.eclipse.osgi.framework.internal.core.BundleContextImpl.startActivator(BundleContextImpl.java:1028)
	at org.eclipse.osgi.framework.internal.core.BundleContextImpl.start(BundleContextImpl.java:984)
	at org.eclipse.osgi.framework.internal.core.BundleHost.startWorker(BundleHost.java:346)
	at org.eclipse.osgi.framework.internal.core.AbstractBundle.start(AbstractBundle.java:265)
	at org.eclipse.osgi.framework.internal.core.AbstractBundle.start(AbstractBundle.java:257)
	at com.corisecio.bsf.adapter.core.main.AdapterManager.a(SourceFile:508)
	at com.corisecio.bsf.adapter.core.main.AdapterManager.setUpAdapter(SourceFile:459)
	at com.corisecio.bsf.adapter.core.main.services.CoreMainInstallationService.install(SourceFile:95)
	at com.corisecio.bsf.adapter.core.main.Activator.start(SourceFile:116)
	at org.eclipse.osgi.framework.internal.core.BundleContextImpl$2.run(BundleContextImpl.java:1009)
	at java.security.AccessController.doPrivileged(Native Method)
	at org.eclipse.osgi.framework.internal.core.BundleContextImpl.startActivator(BundleContextImpl.java:1003)
	at org.eclipse.osgi.framework.internal.core.BundleContextImpl.start(BundleContextImpl.java:984)
	at org.eclipse.osgi.framework.internal.core.BundleHost.startWorker(BundleHost.java:346)
	at org.eclipse.osgi.framework.internal.core.AbstractBundle.resume(AbstractBundle.java:355)
	at org.eclipse.osgi.framework.internal.core.Framework.resumeBundle(Framework.java:1074)
	at org.eclipse.osgi.framework.internal.core.StartLevelManager.resumeBundles(StartLevelManager.java:616)
	at org.eclipse.osgi.framework.internal.core.StartLevelManager.incFWSL(StartLevelManager.java:508)
	at org.eclipse.osgi.framework.internal.core.StartLevelManager.doSetStartLevel(StartLevelManager.java:299)
	at org.eclipse.osgi.framework.internal.core.StartLevelManager.dispatchEvent(StartLevelManager.java:489)
	at org.eclipse.osgi.framework.eventmgr.EventManager.dispatchEvent(EventManager.java:211)
	at org.eclipse.osgi.framework.eventmgr.EventManager$EventThread.run(EventManager.java:321)
Caused by: java.sql.SQLException: Failed to start database 'C:/SOA-DB/Payment', see the next exception for details.
	at org.apache.derby.impl.jdbc.SQLExceptionFactory.getSQLException(SQLExceptionFactory.java:45)
	at org.apache.derby.impl.jdbc.Util.newEmbedSQLException(Util.java:87)
	at org.apache.derby.impl.jdbc.Util.seeNextException(Util.java:223)
	at org.apache.derby.impl.jdbc.EmbedConnection.bootDatabase(EmbedConnection.java:2620)
	at org.apache.derby.impl.jdbc.EmbedConnection.<init>(EmbedConnection.java:374)
	at org.apache.derby.impl.jdbc.EmbedConnection30.<init>(EmbedConnection30.java:73)
	at org.apache.derby.jdbc.Driver30.getNewEmbedConnection(Driver30.java:80)
	at org.apache.derby.jdbc.InternalDriver.connect(InternalDriver.java:238)
	at org.apache.derby.jdbc.AutoloadedDriver.connect(AutoloadedDriver.java:119)
	at java.sql.DriverManager.getConnection(DriverManager.java:525)
	at java.sql.DriverManager.getConnection(DriverManager.java:171)
	at com.corisecio.bsf.adapter.persistence.config.ConfigurationLoader.checkInitDatabase(SourceFile:115)
	at com.corisecio.bsf.adapter.persistence.Activator.loadDatabaseConfiguration(SourceFile:213)
	at com.corisecio.bsf.adapter.persistence.Activator.start(SourceFile:127)
	at org.eclipse.osgi.framework.internal.core.BundleContextImpl$2.run(BundleContextImpl.java:1009)
	at java.security.AccessController.doPrivileged(Native Method)
	at org.eclipse.osgi.framework.internal.core.BundleContextImpl.startActivator(BundleContextImpl.java:1003)
	... 21 more
Caused by: java.sql.SQLException: Java exception: 'unable to create new native thread: java.lang.OutOfMemoryError'.
	at org.apache.derby.impl.jdbc.SQLExceptionFactory.getSQLException(SQLExceptionFactory.java:45)
	at org.apache.derby.impl.jdbc.Util.newEmbedSQLException(Util.java:87)
	at org.apache.derby.impl.jdbc.Util.javaException(Util.java:244)
	at org.apache.derby.impl.jdbc.EmbedConnection.bootDatabase(EmbedConnection.java:2616)
	... 34 more
Caused by: java.lang.OutOfMemoryError: unable to create new native thread
	at java.lang.Thread.start0(Native Method)
	at java.lang.Thread.start(Thread.java:574)
	at org.apache.derby.impl.services.daemon.SingleThreadDaemonFactory.createNewDaemon(SingleThreadDaemonFactory.java:71)
	at org.apache.derby.impl.store.raw.RawStore.boot(RawStore.java:189)
	at org.apache.derby.impl.services.monitor.BaseMonitor.boot(BaseMonitor.java:2021)
	at org.apache.derby.impl.services.monitor.TopService.bootModule(TopService.java:333)
	at org.apache.derby.impl.services.monitor.BaseMonitor.startModule(BaseMonitor.java:573)
	at org.apache.derby.iapi.services.monitor.Monitor.bootServiceModule(Monitor.java:427)
	at org.apache.derby.impl.store.access.RAMAccessManager.boot(RAMAccessManager.java:1019)
	at org.apache.derby.impl.services.monitor.BaseMonitor.boot(BaseMonitor.java:2021)
	at org.apache.derby.impl.services.monitor.TopService.bootModule(TopService.java:333)
	at org.apache.derby.impl.services.monitor.BaseMonitor.startModule(BaseMonitor.java:573)
	at org.apache.derby.iapi.services.monitor.Monitor.bootServiceModule(Monitor.java:427)
	at org.apache.derby.impl.db.BasicDatabase.bootStore(BasicDatabase.java:780)
	at org.apache.derby.impl.db.BasicDatabase.boot(BasicDatabase.java:196)
	at org.apache.derby.impl.services.monitor.BaseMonitor.boot(BaseMonitor.java:2021)
	at org.apache.derby.impl.services.monitor.TopService.bootModule(TopService.java:333)
	at org.apache.derby.impl.services.monitor.BaseMonitor.bootService(BaseMonitor.java:1858)
	at org.apache.derby.impl.services.monitor.BaseMonitor.startProviderService(BaseMonitor.java:1724)
	at org.apache.derby.impl.services.monitor.BaseMonitor.findProviderAndStartService(BaseMonitor.java:1551)
	at org.apache.derby.impl.services.monitor.BaseMonitor.startPersistentService(BaseMonitor.java:1021)
	at org.apache.derby.iapi.services.monitor.Monitor.startPersistentService(Monitor.java:550)
	at org.apache.derby.impl.jdbc.EmbedConnection.bootDatabase(EmbedConnection.java:2581)
	... 34 more
2022-07-09 04:39:15.465 +0500: INFO - 01-unkn00-1999992 - Info: Starting ... C:\SOA-DEMO\Tomcat\webapps\payment\adapter\com.corisecio.bsf.sem.impexp.base_2.1.1.0121.jar (Start Level Event Dispatcher, com.corisecio.bsf.adapter.core.main.AdapterManager)
2022-07-09 04:39:16.199 +0500: INFO - 01-unkn00-1999992 - Info: Bundlestate for com.corisecio.bsf.sem.impexp.base: 32 (Start Level Event Dispatcher, com.corisecio.bsf.adapter.core.main.AdapterManager)
2022-07-09 04:39:16.199 +0500: INFO - 01-unkn00-1999992 - Info: Starting ... C:\SOA-DEMO\Tomcat\webapps\payment\adapter\com.corisecio.bsf.icm.base_2.1.1.0121.jar (Start Level Event Dispatcher, com.corisecio.bsf.adapter.core.main.AdapterManager)
2022-07-09 04:39:17.074 +0500: INFO - 01-unkn00-1999992 - Info: Bundlestate for com.corisecio.bsf.icm.base: 32 (Start Level Event Dispatcher, com.corisecio.bsf.adapter.core.main.AdapterManager)
2022-07-09 04:39:17.074 +0500: INFO - 01-unkn00-1999992 - Info: Starting ... C:\SOA-DEMO\Tomcat\webapps\payment\adapter\com.corisecio.bsf.skm.base_2.1.1.0121.jar (Start Level Event Dispatcher, com.corisecio.bsf.adapter.core.main.AdapterManager)
2022-07-09 04:39:17.699 +0500: INFO - 05-pers01-1300001 - Starting bundle com.corisecio.bsf.skm.base (Start Level Event Dispatcher, com.corisecio.bsf.adapter.core.main.Activator)
2022-07-09 04:39:17.699 +0500: INFO - 05-pers01-1300002 - Starting bundle com.corisecio.bsf.skm.base - done (Start Level Event Dispatcher, com.corisecio.bsf.adapter.core.main.Activator)
2022-07-09 04:39:41.034 +0500: INFO - Creating Logger for com.corisecio.bsf.adapter.core.logging.Activator (Start Level Event Dispatcher, com.corisecio.bsf.adapter.core.logging.console.ConsoleLoggerFactory)
2022-07-09 04:39:41.050 +0500: INFO - 01-bacl01-1300002 - Starting bundle bsf.adapter.core.logging - done (Start Level Event Dispatcher, com.corisecio.bsf.adapter.core.logging.Activator)
2022-07-09 04:39:41.425 +0500: INFO - Creating Logger for com.corisecio.bsf.adapter.core.adapter.Activator (Start Level Event Dispatcher, com.corisecio.bsf.adapter.core.logging.console.ConsoleLoggerFactory)
2022-07-09 04:39:41.425 +0500: INFO - 01-bsca01-1300001 - Starting bundle ${0} (Start Level Event Dispatcher, com.corisecio.bsf.adapter.core.adapter.Activator)
2022-07-09 04:39:41.440 +0500: INFO - 01-bsca01-1300002 - Starting bundle ${0} - done (Start Level Event Dispatcher, com.corisecio.bsf.adapter.core.adapter.Activator)
2022-07-09 04:39:43.331 +0500: INFO - Creating Logger for com.corisecio.bsf.adapter.core.main.Activator (Start Level Event Dispatcher, com.corisecio.bsf.adapter.core.logging.console.ConsoleLoggerFactory)
2022-07-09 04:39:43.331 +0500: INFO - 01-bacm01-1300001 - Starting bundle bsf.adapter.core.main (Start Level Event Dispatcher, com.corisecio.bsf.adapter.core.main.Activator)
2022-07-09 04:39:43.362 +0500: INFO - 01-bacm01-1600100 - Adapter path is C:\SOA-DEMO\Tomcat\webapps\payment\adapter (Start Level Event Dispatcher, com.corisecio.bsf.adapter.core.main.Activator)
2022-07-09 04:39:59.737 +0500: INFO - Creating Logger for com.corisecio.bsf.adapter.core.main.AdapterManager (Start Level Event Dispatcher, com.corisecio.bsf.adapter.core.logging.console.ConsoleLoggerFactory)
2022-07-09 04:40:00.769 +0500: INFO - 01-unkn00-1999992 - Info: org.eclipse.core.runtime.internal.adaptor.ContextFinder@2d7440 (Start Level Event Dispatcher, com.corisecio.bsf.adapter.core.main.AdapterManager)
2022-07-09 04:40:00.784 +0500: INFO - 01-unkn00-1999992 - Info: org.eclipse.core.runtime.internal.adaptor.ContextFinder@2d7440 (Start Level Event Dispatcher, com.corisecio.bsf.adapter.core.main.AdapterManager)
2022-07-09 04:40:00.831 +0500: INFO - 01-unkn00-1999992 - Info: Stopping Bundles ............................. (Start Level Event Dispatcher, com.corisecio.bsf.adapter.core.main.AdapterManager)
2022-07-09 04:40:00.847 +0500: INFO - 01-unkn00-1999992 - Info: 5.bsf.adapter.core.main (Start Level Event Dispatcher, com.corisecio.bsf.adapter.core.main.AdapterManager)
2022-07-09 04:40:00.847 +0500: INFO - 01-unkn00-1999992 - Info: 4.bsf.adapter.core.adapter (Start Level Event Dispatcher, com.corisecio.bsf.adapter.core.main.AdapterManager)
2022-07-09 04:40:00.847 +0500: INFO - 01-unkn00-1999992 - Info: 3.bsf.adapter.core.logging (Start Level Event Dispatcher, com.corisecio.bsf.adapter.core.main.AdapterManager)
2022-07-09 04:40:00.847 +0500: INFO - 01-unkn00-1999992 - Info: 2.org.eclipse.osgi.services (Start Level Event Dispatcher, com.corisecio.bsf.adapter.core.main.AdapterManager)
2022-07-09 04:40:00.847 +0500: INFO - 01-unkn00-1999992 - Info: 1.com.corisecio.bsf.sin.fragment.bundle (Start Level Event Dispatcher, com.corisecio.bsf.adapter.core.main.AdapterManager)
2022-07-09 04:40:00.847 +0500: INFO - 01-unkn00-1999992 - Info: 0.org.eclipse.osgi (Start Level Event Dispatcher, com.corisecio.bsf.adapter.core.main.AdapterManager)
2022-07-09 04:40:00.847 +0500: INFO - 01-unkn00-1999992 - Info: Stopping Bundles ............................. DONE (Start Level Event Dispatcher, com.corisecio.bsf.adapter.core.main.AdapterManager)
2022-07-09 04:40:00.847 +0500: INFO - 01-unkn00-1999992 - Info: Starting ... C:\SOA-DEMO\Tomcat\webapps\payment\adapter\bsf.adapter.http.base_2.1.1.0131.jar (Start Level Event Dispatcher, com.corisecio.bsf.adapter.core.main.AdapterManager)
2022-07-09 04:40:01.206 +0500: INFO - Creating Logger for com.corisecio.bsf.adapter.http.base.Activator (Start Level Event Dispatcher, com.corisecio.bsf.adapter.core.logging.console.ConsoleLoggerFactory)
2022-07-09 04:40:01.206 +0500: INFO - 01-unkn00-1999992 - Info: Starting com.corisecio.bsf.adapter.http.base (Start Level Event Dispatcher, com.corisecio.bsf.adapter.http.base.Activator)
2022-07-09 04:40:01.206 +0500: INFO - 01-unkn00-1999992 - Info: Starting com.corisecio.bsf.adapter.http.base - done (Start Level Event Dispatcher, com.corisecio.bsf.adapter.http.base.Activator)
2022-07-09 04:40:01.206 +0500: INFO - 01-unkn00-1999992 - Info: Bundlestate for bsf.adapter.http.base: 32 (Start Level Event Dispatcher, com.corisecio.bsf.adapter.core.main.AdapterManager)
2022-07-09 04:40:01.206 +0500: INFO - 01-unkn00-1999992 - Info: Starting ... C:\SOA-DEMO\Tomcat\webapps\payment\adapter\bsf.adapter.util.crypto_2.1.1.0123.jar (Start Level Event Dispatcher, com.corisecio.bsf.adapter.core.main.AdapterManager)
2022-07-09 04:40:01.597 +0500: INFO - Creating Logger for com.corisecio.bsf.adapter.http.base.GC (Thread-18, com.corisecio.bsf.adapter.core.logging.console.ConsoleLoggerFactory)
2022-07-09 04:40:01.613 +0500: INFO - 01-unkn00-1999992 - Info: Starting ... gc (Thread-18, com.corisecio.bsf.adapter.http.base.GC)
2022-07-09 04:40:01.863 +0500: INFO - Creating Logger for com.corisecio.bsf.adapter.util.crypto.Activator (Start Level Event Dispatcher, com.corisecio.bsf.adapter.core.logging.console.ConsoleLoggerFactory)
2022-07-09 04:40:01.878 +0500: INFO - 01-unkn00-1999992 - Info: Starting com.corisecio.bsf.adapter.util.crypto (Start Level Event Dispatcher, com.corisecio.bsf.adapter.util.crypto.Activator)
2022-07-09 04:40:01.894 +0500: INFO - 01-unkn00-1999992 - Info: Starting com.corisecio.bsf.adapter.util.crypto - done (Start Level Event Dispatcher, com.corisecio.bsf.adapter.util.crypto.Activator)
2022-07-09 04:40:01.894 +0500: INFO - 01-unkn00-1999992 - Info: Bundlestate for bsf.adapter.util.crypto: 32 (Start Level Event Dispatcher, com.corisecio.bsf.adapter.core.main.AdapterManager)
2022-07-09 04:40:01.894 +0500: INFO - 01-unkn00-1999992 - Info: Starting ... C:\SOA-DEMO\Tomcat\webapps\payment\adapter\bsf.adapter.util.script_2.1.1.0121.jar (Start Level Event Dispatcher, com.corisecio.bsf.adapter.core.main.AdapterManager)
2022-07-09 04:40:02.206 +0500: INFO - 01-unkn00-1999992 - Info: Bundlestate for bsf.adapter.util.script: 32 (Start Level Event Dispatcher, com.corisecio.bsf.adapter.core.main.AdapterManager)
2022-07-09 04:40:02.206 +0500: INFO - 01-unkn00-1999992 - Info: Starting ... C:\SOA-DEMO\Tomcat\webapps\payment\adapter\bsf.adapter.persistence_2.1.1.0121.jar (Start Level Event Dispatcher, com.corisecio.bsf.adapter.core.main.AdapterManager)
2022-07-09 04:40:05.675 +0500: INFO - Creating Logger for com.corisecio.bsf.adapter.persistence.Database (Start Level Event Dispatcher, com.corisecio.bsf.adapter.core.logging.console.ConsoleLoggerFactory)
2022-07-09 04:40:13.191 +0500: INFO - 01-unkn00-1999992 - Info: Bundlestate for com.corisecio.bsf.adapter.persistence: 32 (Start Level Event Dispatcher, com.corisecio.bsf.adapter.core.main.AdapterManager)
2022-07-09 04:40:13.332 +0500: INFO - 01-unkn00-1999992 - Info: Starting ... C:\SOA-DEMO\Tomcat\webapps\payment\adapter\com.corisecio.bsf.sem.impexp.base_2.1.1.0121.jar (Start Level Event Dispatcher, com.corisecio.bsf.adapter.core.main.AdapterManager)
2022-07-09 04:40:13.723 +0500: INFO - 01-unkn00-1999992 - Info: Bundlestate for com.corisecio.bsf.sem.impexp.base: 32 (Start Level Event Dispatcher, com.corisecio.bsf.adapter.core.main.AdapterManager)
2022-07-09 04:40:13.723 +0500: INFO - 01-unkn00-1999992 - Info: Starting ... C:\SOA-DEMO\Tomcat\webapps\payment\adapter\com.corisecio.bsf.icm.base_2.1.1.0121.jar (Start Level Event Dispatcher, com.corisecio.bsf.adapter.core.main.AdapterManager)
2022-07-09 04:40:14.285 +0500: INFO - 01-unkn00-1999992 - Info: Bundlestate for com.corisecio.bsf.icm.base: 32 (Start Level Event Dispatcher, com.corisecio.bsf.adapter.core.main.AdapterManager)
2022-07-09 04:40:14.317 +0500: INFO - 01-unkn00-1999992 - Info: Starting ... C:\SOA-DEMO\Tomcat\webapps\payment\adapter\com.corisecio.bsf.skm.base_2.1.1.0121.jar (Start Level Event Dispatcher, com.corisecio.bsf.adapter.core.main.AdapterManager)
2022-07-09 04:40:14.691 +0500: INFO - 05-pers01-1300001 - Starting bundle com.corisecio.bsf.skm.base (Start Level Event Dispatcher, com.corisecio.bsf.adapter.core.main.Activator)
2022-07-09 04:40:14.738 +0500: INFO - 05-pers01-1300002 - Starting bundle com.corisecio.bsf.skm.base - done (Start Level Event Dispatcher, com.corisecio.bsf.adapter.core.main.Activator)
2022-07-09 04:40:15.442 +0500: INFO - Creating Logger for com.corisecio.bsf.adapter.persistence.MyResolver (Start Level Event Dispatcher, com.corisecio.bsf.adapter.core.logging.console.ConsoleLoggerFactory)
2022-07-09 04:40:15.488 +0500: INFO - 01-unkn00-1999992 - Info: Bundlestate for com.corisecio.bsf.skm.base: 32 (Start Level Event Dispatcher, com.corisecio.bsf.adapter.core.main.AdapterManager)
2022-07-09 04:40:15.504 +0500: INFO - 01-unkn00-1999992 - Info: Starting ... C:\SOA-DEMO\Tomcat\webapps\payment\adapter\com.corisecio.bsf.sem.user.base_2.1.1.0121.jar (Start Level Event Dispatcher, com.corisecio.bsf.adapter.core.main.AdapterManager)
2022-07-09 04:40:16.332 +0500: INFO - 01-unkn00-1999992 - Info: Bundlestate for com.corisecio.bsf.sem.user.base: 32 (Start Level Event Dispatcher, com.corisecio.bsf.adapter.core.main.AdapterManager)
2022-07-09 04:40:16.348 +0500: INFO - 01-unkn00-1999992 - Info: Starting ... C:\SOA-DEMO\Tomcat\webapps\payment\adapter\com.corisecio.bsf.sem.role.base_2.1.1.0121.jar (Start Level Event Dispatcher, com.corisecio.bsf.adapter.core.main.AdapterManager)
2022-07-09 04:40:16.442 +0500: INFO - 01-unkn00-1999992 - Info: Bundlestate for com.corisecio.bsf.sem.role.base: 32 (Start Level Event Dispatcher, com.corisecio.bsf.adapter.core.main.AdapterManager)
2022-07-09 04:40:16.442 +0500: INFO - 01-unkn00-1999992 - Info: Starting ... C:\SOA-DEMO\Tomcat\webapps\payment\adapter\com.corisecio.bsf.sin.onASConsole_2.1.1.0150.jar (Start Level Event Dispatcher, com.corisecio.bsf.adapter.core.main.AdapterManager)
2022-07-09 04:40:16.488 +0500: INFO - 05-pers01-1300001 - Starting bundle com.corisecio.bsf.sin.onASConsole (Start Level Event Dispatcher, com.corisecio.bsf.adapter.core.main.Activator)
2022-07-09 04:40:16.488 +0500: INFO - 05-pers01-1300002 - Starting bundle com.corisecio.bsf.sin.onASConsole - done (Start Level Event Dispatcher, com.corisecio.bsf.adapter.core.main.Activator)
2022-07-09 04:40:16.488 +0500: INFO - 01-unkn00-1999992 - Info: Bundlestate for com.corisecio.bsf.sin.onASConsole: 32 (Start Level Event Dispatcher, com.corisecio.bsf.adapter.core.main.AdapterManager)
2022-07-09 04:40:16.488 +0500: INFO - 01-unkn00-1999992 - Info: Starting ... C:\SOA-DEMO\Tomcat\webapps\payment\adapter\bsf.adapter.http.proxy_2.1.1.0120.jar (Start Level Event Dispatcher, com.corisecio.bsf.adapter.core.main.AdapterManager)
2022-07-09 04:40:16.801 +0500: INFO - Creating Logger for com.corisecio.bsf.adapter.http.proxy.Activator (Start Level Event Dispatcher, com.corisecio.bsf.adapter.core.logging.console.ConsoleLoggerFactory)
2022-07-09 04:40:16.817 +0500: INFO - 01-unkn00-1999992 - Info: Starting com.corisecio.bsf.adapter.http.proxy (Start Level Event Dispatcher, com.corisecio.bsf.adapter.http.proxy.Activator)
2022-07-09 04:40:16.817 +0500: INFO - 01-unkn00-1999992 - Info: Starting com.corisecio.bsf.adapter.http.proxy - done (Start Level Event Dispatcher, com.corisecio.bsf.adapter.http.proxy.Activator)
2022-07-09 04:40:16.817 +0500: INFO - 01-unkn00-1999992 - Info: Bundlestate for bsf.adapter.http.proxy: 32 (Start Level Event Dispatcher, com.corisecio.bsf.adapter.core.main.AdapterManager)
2022-07-09 04:40:16.817 +0500: INFO - 01-unkn00-1999992 - Info: Starting ... C:\SOA-DEMO\Tomcat\webapps\payment\adapter\bsf.adapter.http.tomcat_2.1.1.0120.jar (Start Level Event Dispatcher, com.corisecio.bsf.adapter.core.main.AdapterManager)
2022-07-09 04:40:17.442 +0500: INFO - Creating Logger for com.corisecio.bsf.adapter.http.tomcat.Activator (Start Level Event Dispatcher, com.corisecio.bsf.adapter.core.logging.console.ConsoleLoggerFactory)
2022-07-09 04:40:17.442 +0500: INFO - 01-unkn00-1999992 - Info: Starting com.corisecio.bsf.adapter.http.tomcat (Start Level Event Dispatcher, com.corisecio.bsf.adapter.http.tomcat.Activator)
2022-07-09 04:40:17.442 +0500: INFO - 01-unkn00-1999992 - Info: Starting com.corisecio.bsf.adapter.http.tomcat - done (Start Level Event Dispatcher, com.corisecio.bsf.adapter.http.tomcat.Activator)
2022-07-09 04:40:17.442 +0500: INFO - 01-unkn00-1999992 - Info: Bundlestate for bsf.adapter.http.tomcat: 32 (Start Level Event Dispatcher, com.corisecio.bsf.adapter.core.main.AdapterManager)
2022-07-09 04:40:17.442 +0500: INFO - 01-unkn00-1999992 - Info: Starting ... C:\SOA-DEMO\Tomcat\webapps\payment\adapter\bsf.adapter.saml.base_2.3.1.0121.jar (Start Level Event Dispatcher, com.corisecio.bsf.adapter.core.main.AdapterManager)
2022-07-09 04:40:18.910 +0500: INFO - 01-unkn00-1999992 - Info: Bundlestate for bsf.adapter.saml.base: 32 (Start Level Event Dispatcher, com.corisecio.bsf.adapter.core.main.AdapterManager)
2022-07-09 04:40:18.910 +0500: INFO - 01-unkn00-1999992 - Info: Starting ... C:\SOA-DEMO\Tomcat\webapps\payment\adapter\bsf.adapter.soap.base_2.1.2.0121.jar (Start Level Event Dispatcher, com.corisecio.bsf.adapter.core.main.AdapterManager)
2022-07-09 04:40:19.286 +0500: INFO - 01-unkn00-1999992 - Info: Bundlestate for bsf.adapter.soap.base: 32 (Start Level Event Dispatcher, com.corisecio.bsf.adapter.core.main.AdapterManager)
2022-07-09 04:40:19.286 +0500: INFO - 01-unkn00-1999992 - Info: Starting ... C:\SOA-DEMO\Tomcat\webapps\payment\adapter\bsf.adapter.saml.sb_2.3.1.0120.jar (Start Level Event Dispatcher, com.corisecio.bsf.adapter.core.main.AdapterManager)
2022-07-09 04:40:19.442 +0500: INFO - 05-sam201-1300001 - Starting bundle bsf.adapter.saml.sb (Start Level Event Dispatcher, com.corisecio.bsf.adapter.core.main.Activator)
2022-07-09 04:40:19.442 +0500: INFO - 05-sam201-1300002 - Starting bundle bsf.adapter.saml.sb - done (Start Level Event Dispatcher, com.corisecio.bsf.adapter.core.main.Activator)
2022-07-09 04:40:19.442 +0500: INFO - 01-unkn00-1999992 - Info: Bundlestate for bsf.adapter.saml.sb: 32 (Start Level Event Dispatcher, com.corisecio.bsf.adapter.core.main.AdapterManager)
2022-07-09 04:40:19.442 +0500: INFO - 01-unkn00-1999992 - Info: Starting ... C:\SOA-DEMO\Tomcat\webapps\payment\adapter\bsf.adapter.soap.httpbridge_2.1.1.0120.jar (Start Level Event Dispatcher, com.corisecio.bsf.adapter.core.main.AdapterManager)
2022-07-09 04:40:19.661 +0500: INFO - 01-htbr01-1300001 - Starting bundle bsf.adapter.soap.httpbridge (Start Level Event Dispatcher, com.corisecio.bsf.adapter.core.main.Activator)
2022-07-09 04:40:19.661 +0500: INFO - 01-htbr01-1300002 - Starting bundle bsf.adapter.soap.httpbridge - done (Start Level Event Dispatcher, com.corisecio.bsf.adapter.core.main.Activator)
2022-07-09 04:40:19.676 +0500: INFO - 01-unkn00-1999992 - Info: Bundlestate for bsf.adapter.soap.httpbridge: 32 (Start Level Event Dispatcher, com.corisecio.bsf.adapter.core.main.AdapterManager)
2022-07-09 04:40:19.676 +0500: INFO - 01-unkn00-1999992 - Info: Starting ... C:\SOA-DEMO\Tomcat\webapps\payment\adapter\bsf.adapter.soap.httprecorder_2.1.1.0120.jar (Start Level Event Dispatcher, com.corisecio.bsf.adapter.core.main.AdapterManager)
2022-07-09 04:40:20.301 +0500: INFO - 01-reco01-1300001 - Starting bundle bsf.adapter.soap.httprecorder (Start Level Event Dispatcher, com.corisecio.bsf.adapter.core.main.Activator)
2022-07-09 04:40:20.301 +0500: INFO - 01-reco01-1300002 - Starting bundle bsf.adapter.soap.httprecorder - done (Start Level Event Dispatcher, com.corisecio.bsf.adapter.core.main.Activator)
2022-07-09 04:40:20.301 +0500: INFO - 01-unkn00-1999992 - Info: Bundlestate for bsf.adapter.soap.httprecorder: 32 (Start Level Event Dispatcher, com.corisecio.bsf.adapter.core.main.AdapterManager)
2022-07-09 04:40:20.301 +0500: INFO - 01-unkn00-1999992 - Info: Starting ... C:\SOA-DEMO\Tomcat\webapps\payment\adapter\bsf.adapter.ws.base_2.1.2.0120.jar (Start Level Event Dispatcher, com.corisecio.bsf.adapter.core.main.AdapterManager)
2022-07-09 04:40:22.583 +0500: INFO - 01-unkn00-1999992 - Info: Bundlestate for bsf.adapter.ws.base: 32 (Start Level Event Dispatcher, com.corisecio.bsf.adapter.core.main.AdapterManager)
2022-07-09 04:40:22.583 +0500: INFO - 01-unkn00-1999992 - Info: Starting ... C:\SOA-DEMO\Tomcat\webapps\payment\adapter\com.corisecio.bsf.sin.connector.utils.xml_2.1.1.0121.jar (Start Level Event Dispatcher, com.corisecio.bsf.adapter.core.main.AdapterManager)
2022-07-09 04:40:23.301 +0500: INFO - 05-xml101-1300001 - Starting bundle com.corisecio.bsf.sin.connector.utils.xml (Start Level Event Dispatcher, com.corisecio.bsf.adapter.core.main.Activator)
2022-07-09 04:40:23.364 +0500: INFO - 05-xml101-1300002 - Starting bundle com.corisecio.bsf.sin.connector.utils.xml - done (Start Level Event Dispatcher, com.corisecio.bsf.adapter.core.main.Activator)
2022-07-09 04:40:23.364 +0500: INFO - 01-unkn00-1999992 - Info: Bundlestate for com.corisecio.bsf.sin.connector.utils.xml: 32 (Start Level Event Dispatcher, com.corisecio.bsf.adapter.core.main.AdapterManager)
2022-07-09 04:40:23.364 +0500: INFO - 01-unkn00-1999992 - Info: Starting ... C:\SOA-DEMO\Tomcat\webapps\payment\adapter\bsf.adapter.ws.wss_2.3.1.0120.jar (Start Level Event Dispatcher, com.corisecio.bsf.adapter.core.main.AdapterManager)
2022-07-09 04:40:24.161 +0500: INFO - 01-wsse01-1300001 - Starting bundle bsf.adapter.ws.wss (Start Level Event Dispatcher, com.corisecio.bsf.adapter.core.main.Activator)
2022-07-09 04:40:24.161 +0500: INFO - 01-wsse01-1300002 - Starting bundle bsf.adapter.ws.wss - done (Start Level Event Dispatcher, com.corisecio.bsf.adapter.core.main.Activator)
2022-07-09 04:40:24.161 +0500: INFO - 01-unkn00-1999992 - Info: Bundlestate for bsf.adapter.ws.wss: 32 (Start Level Event Dispatcher, com.corisecio.bsf.adapter.core.main.AdapterManager)
2022-07-09 04:40:24.161 +0500: INFO - 01-unkn00-1999992 - Info: Starting ... C:\SOA-DEMO\Tomcat\webapps\payment\adapter\bsf.adapter.soap.xkms_2.3.1.0120.jar (Start Level Event Dispatcher, com.corisecio.bsf.adapter.core.main.AdapterManager)
2022-07-09 04:40:24.614 +0500: INFO - 05-xkms01-1300001 - Starting bundle bsf.adapter.soap.xkms (Start Level Event Dispatcher, com.corisecio.bsf.adapter.core.main.Activator)
2022-07-09 04:40:24.630 +0500: INFO - 05-xkms01-1300002 - Starting bundle bsf.adapter.soap.xkms - done (Start Level Event Dispatcher, com.corisecio.bsf.adapter.core.main.Activator)
2022-07-09 04:40:24.630 +0500: INFO - 01-unkn00-1999992 - Info: Bundlestate for bsf.adapter.soap.xkms: 32 (Start Level Event Dispatcher, com.corisecio.bsf.adapter.core.main.AdapterManager)
2022-07-09 04:40:24.630 +0500: INFO - 01-unkn00-1999992 - Info: Starting ... C:\SOA-DEMO\Tomcat\webapps\payment\adapter\bsf.adapter.ws.sb_2.3.1.0120.jar (Start Level Event Dispatcher, com.corisecio.bsf.adapter.core.main.AdapterManager)
2022-07-09 04:40:26.052 +0500: INFO - Creating Logger for com.corisecio.bsf.adapter.ws.sb.Activator (Start Level Event Dispatcher, com.corisecio.bsf.adapter.core.logging.console.ConsoleLoggerFactory)
2022-07-09 04:40:26.052 +0500: INFO - 01-unkn00-1999992 - Info: Starting bsf.adapter.ws.sb (Start Level Event Dispatcher, com.corisecio.bsf.adapter.ws.sb.Activator)
2022-07-09 04:40:26.052 +0500: INFO - 01-unkn00-1999992 - Info: Starting bsf.adapter.ws.sb - done (Start Level Event Dispatcher, com.corisecio.bsf.adapter.ws.sb.Activator)
2022-07-09 04:40:26.052 +0500: INFO - 01-unkn00-1999992 - Info: Bundlestate for bsf.adapter.ws.sb: 32 (Start Level Event Dispatcher, com.corisecio.bsf.adapter.core.main.AdapterManager)
2022-07-09 04:40:26.052 +0500: INFO - 01-unkn00-1999992 - Info: Starting ... C:\SOA-DEMO\Tomcat\webapps\payment\adapter\com.corisecio.bsf.adapter.mcl.ws_2.1.1.0120.jar (Start Level Event Dispatcher, com.corisecio.bsf.adapter.core.main.AdapterManager)
2022-07-09 04:40:26.552 +0500: INFO - 01-bcor01-1300001 - Starting bundle com.corisecio.bsf.adapter.mcl.ws (Start Level Event Dispatcher, com.corisecio.bsf.adapter.core.main.Activator)
2022-07-09 04:40:26.552 +0500: INFO - 01-bcor01-1300002 - Starting bundle com.corisecio.bsf.adapter.mcl.ws - done (Start Level Event Dispatcher, com.corisecio.bsf.adapter.core.main.Activator)
2022-07-09 04:40:26.817 +0500: INFO - 01-unkn00-1999992 - Info: Bundlestate for com.corisecio.bsf.adapter.mcl.ws: 32 (Start Level Event Dispatcher, com.corisecio.bsf.adapter.core.main.AdapterManager)
2022-07-09 04:40:26.817 +0500: INFO - 01-unkn00-1999992 - Info: Starting ... C:\SOA-DEMO\Tomcat\webapps\payment\adapter\bsf.adapter.persistence.ac_2.1.1.0152.jar (Start Level Event Dispatcher, com.corisecio.bsf.adapter.core.main.AdapterManager)
2022-07-09 04:40:27.192 +0500: INFO - 01-unkn00-1999992 - Info: Bundlestate for com.corisecio.bsf.adapter.persistence.ac: 32 (Start Level Event Dispatcher, com.corisecio.bsf.adapter.core.main.AdapterManager)
2022-07-09 04:40:27.192 +0500: INFO - 01-unkn00-1999992 - Info: Starting ... C:\SOA-DEMO\Tomcat\webapps\payment\adapter\com.corisecio.bsf.aps.sync_2.1.1.0120.jar (Start Level Event Dispatcher, com.corisecio.bsf.adapter.core.main.AdapterManager)
2022-07-09 04:40:27.802 +0500: INFO - 01-unkn00-1999992 - Info: Bundlestate for com.corisecio.bsf.aps.sync: 32 (Start Level Event Dispatcher, com.corisecio.bsf.adapter.core.main.AdapterManager)
2022-07-09 04:40:27.817 +0500: INFO - 01-unkn00-1999992 - Info: Starting ... C:\SOA-DEMO\Tomcat\webapps\payment\adapter\com.corisecio.bsf.icm.mrt_2.1.0.0120.jar (Start Level Event Dispatcher, com.corisecio.bsf.adapter.core.main.AdapterManager)
2022-07-09 04:40:28.349 +0500: INFO - 01-bcor01-1300001 - Starting bundle com.corisecio.bsf.icm.mrt (Start Level Event Dispatcher, com.corisecio.bsf.adapter.core.main.Activator)
2022-07-09 04:40:28.364 +0500: INFO - 01-bcor01-1300002 - Starting bundle com.corisecio.bsf.icm.mrt - done (Start Level Event Dispatcher, com.corisecio.bsf.adapter.core.main.Activator)
2022-07-09 04:40:28.395 +0500: INFO - 01-unkn00-1999992 - Info: Bundlestate for com.corisecio.bsf.icm.mrt: 32 (Start Level Event Dispatcher, com.corisecio.bsf.adapter.core.main.AdapterManager)
2022-07-09 04:40:28.395 +0500: INFO - 01-unkn00-1999992 - Info: Starting ... C:\SOA-DEMO\Tomcat\webapps\payment\adapter\com.corisecio.bsf.sac.connector.role_2.1.1.0121.jar (Start Level Event Dispatcher, com.corisecio.bsf.adapter.core.main.AdapterManager)
2022-07-09 04:40:29.036 +0500: INFO - 01-rol101-1300001 - Starting bundle com.corisecio.bsf.sac.connector.role (Start Level Event Dispatcher, com.corisecio.bsf.adapter.core.main.Activator)
2022-07-09 04:40:29.036 +0500: INFO - 01-rol101-1300002 - Starting bundle com.corisecio.bsf.sac.connector.role - done (Start Level Event Dispatcher, com.corisecio.bsf.adapter.core.main.Activator)
2022-07-09 04:40:29.036 +0500: INFO - 01-unkn00-1999992 - Info: Bundlestate for com.corisecio.bsf.sac.connector.role: 32 (Start Level Event Dispatcher, com.corisecio.bsf.adapter.core.main.AdapterManager)
2022-07-09 04:40:29.036 +0500: INFO - 01-unkn00-1999992 - Info: Starting ... C:\SOA-DEMO\Tomcat\webapps\payment\adapter\com.corisecio.bsf.sem.impexp_2.1.1.0121.jar (Start Level Event Dispatcher, com.corisecio.bsf.adapter.core.main.AdapterManager)
2022-07-09 04:40:29.692 +0500: INFO - 01-unkn00-1999992 - Info: Bundlestate for com.corisecio.bsf.sem.impexp: 32 (Start Level Event Dispatcher, com.corisecio.bsf.adapter.core.main.AdapterManager)
2022-07-09 04:40:29.692 +0500: INFO - 01-unkn00-1999992 - Info: Starting ... C:\SOA-DEMO\Tomcat\webapps\payment\adapter\com.corisecio.bsf.sem.role.ac_2.1.1.0131.jar (Start Level Event Dispatcher, com.corisecio.bsf.adapter.core.main.AdapterManager)
2022-07-09 04:40:30.177 +0500: INFO - 01-unkn00-1999992 - Info: Bundlestate for com.corisecio.bsf.sem.role.ac: 32 (Start Level Event Dispatcher, com.corisecio.bsf.adapter.core.main.AdapterManager)
2022-07-09 04:40:30.208 +0500: INFO - 01-unkn00-1999992 - Info: Starting ... C:\SOA-DEMO\Tomcat\webapps\payment\adapter\com.corisecio.bsf.sem.role.mrt_2.1.0.0120.jar (Start Level Event Dispatcher, com.corisecio.bsf.adapter.core.main.AdapterManager)
2022-07-09 04:40:30.520 +0500: INFO - 01-bcor01-1300001 - Starting bundle com.corisecio.bsf.sem.role.mrt (Start Level Event Dispatcher, com.corisecio.bsf.adapter.core.main.Activator)
2022-07-09 04:40:30.520 +0500: INFO - 01-bcor01-1300002 - Starting bundle com.corisecio.bsf.sem.role.mrt - done (Start Level Event Dispatcher, com.corisecio.bsf.adapter.core.main.Activator)
2022-07-09 04:40:30.536 +0500: INFO - 01-unkn00-1999992 - Info: Bundlestate for com.corisecio.bsf.sem.role.mrt: 32 (Start Level Event Dispatcher, com.corisecio.bsf.adapter.core.main.AdapterManager)
2022-07-09 04:40:30.536 +0500: INFO - 01-unkn00-1999992 - Info: Starting ... C:\SOA-DEMO\Tomcat\webapps\payment\adapter\com.corisecio.bsf.sem.user.ac_2.1.1.0131.jar (Start Level Event Dispatcher, com.corisecio.bsf.adapter.core.main.AdapterManager)
2022-07-09 04:40:30.739 +0500: INFO - 01-unkn00-1999992 - Info: Bundlestate for com.corisecio.bsf.sem.user.ac: 32 (Start Level Event Dispatcher, com.corisecio.bsf.adapter.core.main.AdapterManager)
2022-07-09 04:40:30.739 +0500: INFO - 01-unkn00-1999992 - Info: Starting ... C:\SOA-DEMO\Tomcat\webapps\payment\adapter\com.corisecio.bsf.sin.filestore_2.1.0.0120.jar (Start Level Event Dispatcher, com.corisecio.bsf.adapter.core.main.AdapterManager)
2022-07-09 04:40:31.208 +0500: INFO - 01-bcor01-1300001 - Starting bundle com.corisecio.bsf.sin.filestore (Start Level Event Dispatcher, com.corisecio.bsf.adapter.core.main.Activator)
2022-07-09 04:40:31.224 +0500: INFO - 01-bcor01-1300002 - Starting bundle com.corisecio.bsf.sin.filestore - done (Start Level Event Dispatcher, com.corisecio.bsf.adapter.core.main.Activator)
2022-07-09 04:40:31.239 +0500: INFO - 01-unkn00-1999992 - Info: Bundlestate for com.corisecio.bsf.sin.filestore: 32 (Start Level Event Dispatcher, com.corisecio.bsf.adapter.core.main.AdapterManager)
2022-07-09 04:40:31.239 +0500: INFO - 01-unkn00-1999992 - Info: Starting ... C:\SOA-DEMO\Tomcat\webapps\payment\adapter\com.corisecio.bsf.sem.user.mrt_2.1.0.0120.jar (Start Level Event Dispatcher, com.corisecio.bsf.adapter.core.main.AdapterManager)
2022-07-09 04:40:32.536 +0500: INFO - 01-bcor01-1300001 - Starting bundle com.corisecio.bsf.sem.user.mrt (Start Level Event Dispatcher, com.corisecio.bsf.adapter.core.main.Activator)
2022-07-09 04:40:32.536 +0500: INFO - 01-bcor01-1300002 - Starting bundle com.corisecio.bsf.sem.user.mrt - done (Start Level Event Dispatcher, com.corisecio.bsf.adapter.core.main.Activator)
2022-07-09 04:40:32.599 +0500: INFO - Creating Logger for com.corisecio.bsf.sem.user.mrt.manager.UserPlugin (Start Level Event Dispatcher, com.corisecio.bsf.adapter.core.logging.console.ConsoleLoggerFactory)
2022-07-09 04:40:32.630 +0500: INFO - 01-unkn00-1999992 - Info: Bundlestate for com.corisecio.bsf.sem.user.mrt: 32 (Start Level Event Dispatcher, com.corisecio.bsf.adapter.core.main.AdapterManager)
2022-07-09 04:40:32.646 +0500: INFO - 01-unkn00-1999992 - Info: Starting ... C:\SOA-DEMO\Tomcat\webapps\payment\adapter\com.corisecio.bsf.sin.httpbridge_2.1.1.0121.jar (Start Level Event Dispatcher, com.corisecio.bsf.adapter.core.main.AdapterManager)
2022-07-09 04:40:33.224 +0500: INFO - 01-unkn00-1999992 - Info: Bundlestate for com.corisecio.bsf.sin.httpbridge: 32 (Start Level Event Dispatcher, com.corisecio.bsf.adapter.core.main.AdapterManager)
2022-07-09 04:40:33.224 +0500: INFO - 01-unkn00-1999992 - Info: Starting ... C:\SOA-DEMO\Tomcat\webapps\payment\adapter\com.corisecio.bsf.skm.enterprise.ac_2.1.1.0121.jar (Start Level Event Dispatcher, com.corisecio.bsf.adapter.core.main.AdapterManager)
2022-07-09 04:40:34.224 +0500: INFO - 01-unkn00-1999992 - Info: Bundlestate for com.corisecio.bsf.skm.enterprise.ac: 32 (Start Level Event Dispatcher, com.corisecio.bsf.adapter.core.main.AdapterManager)
2022-07-09 04:40:34.239 +0500: INFO - 01-unkn00-1999992 - Info: Starting ... C:\SOA-DEMO\Tomcat\webapps\payment\adapter\com.corisecio.bsf.skm.enterprise.base_2.1.1.0121.jar (Start Level Event Dispatcher, com.corisecio.bsf.adapter.core.main.AdapterManager)
2022-07-09 04:40:34.927 +0500: INFO - 05-pers01-1300001 - Starting bundle com.corisecio.bsf.skm.enterprise.base (Start Level Event Dispatcher, com.corisecio.bsf.adapter.core.main.Activator)
2022-07-09 04:40:34.927 +0500: INFO - 05-pers01-1300002 - Starting bundle com.corisecio.bsf.skm.enterprise.base - done (Start Level Event Dispatcher, com.corisecio.bsf.adapter.core.main.Activator)
2022-07-09 04:40:34.927 +0500: INFO - 01-unkn00-1999992 - Info: Bundlestate for com.corisecio.bsf.skm.enterprise.base: 32 (Start Level Event Dispatcher, com.corisecio.bsf.adapter.core.main.AdapterManager)
2022-07-09 04:40:34.927 +0500: INFO - 01-unkn00-1999992 - Info: Starting ... C:\SOA-DEMO\Tomcat\webapps\payment\adapter\com.corisecio.bsf.skm.enterprise.mrt_2.1.0.0120.jar (Start Level Event Dispatcher, com.corisecio.bsf.adapter.core.main.AdapterManager)
2022-07-09 04:40:35.677 +0500: INFO - 01-bcor01-1300001 - Starting bundle com.corisecio.bsf.skm.enterprise.mrt (Start Level Event Dispatcher, com.corisecio.bsf.adapter.core.main.Activator)
2022-07-09 04:40:35.677 +0500: INFO - 01-bcor01-1300002 - Starting bundle com.corisecio.bsf.skm.enterprise.mrt - done (Start Level Event Dispatcher, com.corisecio.bsf.adapter.core.main.Activator)
2022-07-09 04:40:35.677 +0500: INFO - 01-unkn00-1999992 - Info: Bundlestate for com.corisecio.bsf.skm.enterprise.mrt: 32 (Start Level Event Dispatcher, com.corisecio.bsf.adapter.core.main.AdapterManager)
2022-07-09 04:40:35.677 +0500: INFO - 01-unkn00-1999992 - Info: Starting ... C:\SOA-DEMO\Tomcat\webapps\payment\adapter\com.corisecio.bsf.skm.mrt_2.1.0.0120.jar (Start Level Event Dispatcher, com.corisecio.bsf.adapter.core.main.AdapterManager)
2022-07-09 04:40:36.271 +0500: INFO - 01-bcor01-1300001 - Starting bundle com.corisecio.bsf.skm.mrt (Start Level Event Dispatcher, com.corisecio.bsf.adapter.core.main.Activator)
2022-07-09 04:40:36.271 +0500: INFO - 01-bcor01-1300002 - Starting bundle com.corisecio.bsf.skm.mrt - done (Start Level Event Dispatcher, com.corisecio.bsf.adapter.core.main.Activator)
2022-07-09 04:40:36.271 +0500: INFO - 01-unkn00-1999992 - Info: Bundlestate for com.corisecio.bsf.skm.mrt: 32 (Start Level Event Dispatcher, com.corisecio.bsf.adapter.core.main.AdapterManager)
2022-07-09 04:40:36.286 +0500: INFO - 01-unkn00-1999992 - Info: Starting ... C:\SOA-DEMO\Tomcat\webapps\payment\adapter\bsf.adapter.core.workflow_2.1.2.0121.jar (Start Level Event Dispatcher, com.corisecio.bsf.adapter.core.main.AdapterManager)
2022-07-09 04:40:36.739 +0500: INFO - Creating Logger for com.corisecio.bsf.adapter.core.workflow.Activator (Start Level Event Dispatcher, com.corisecio.bsf.adapter.core.logging.console.ConsoleLoggerFactory)
2022-07-09 04:40:36.739 +0500: INFO - 01-unkn00-1999992 - Info: Starting bsf.adapter.core.workflow (Start Level Event Dispatcher, com.corisecio.bsf.adapter.core.workflow.Activator)
2022-07-09 04:40:36.739 +0500: INFO - 01-work01-1300001 - Starting bundle bsf.adapter.core.workflow (Start Level Event Dispatcher, com.corisecio.bsf.adapter.core.main.Activator)
2022-07-09 04:40:36.739 +0500: INFO - 01-work01-1300002 - Starting bundle bsf.adapter.core.workflow - done (Start Level Event Dispatcher, com.corisecio.bsf.adapter.core.main.Activator)
2022-07-09 04:40:36.739 +0500: INFO - 01-unkn00-1999992 - Info: Starting bsf.adapter.core.workflow - done (Start Level Event Dispatcher, com.corisecio.bsf.adapter.core.workflow.Activator)
2022-07-09 04:40:36.739 +0500: INFO - 01-unkn00-1999992 - Info: Bundlestate for bsf.adapter.core.workflow: 32 (Start Level Event Dispatcher, com.corisecio.bsf.adapter.core.main.AdapterManager)
2022-07-09 04:40:36.739 +0500: INFO - 01-unkn00-1999992 - Info: Starting ... C:\SOA-DEMO\Tomcat\webapps\payment\adapter\bsf.adapter.core.workflowConfiguration_2.1.1.0131.jar (Start Level Event Dispatcher, com.corisecio.bsf.adapter.core.main.AdapterManager)
2022-07-09 04:40:38.724 +0500: INFO - Creating Logger for com.corisecio.bsf.adapter.core.workflowConfiguration.Activator (Start Level Event Dispatcher, com.corisecio.bsf.adapter.core.logging.console.ConsoleLoggerFactory)
2022-07-09 04:40:38.724 +0500: INFO - 01-unkn00-1999992 - Info: Starting bsf.adapter.core.workflowConfiguration (Start Level Event Dispatcher, com.corisecio.bsf.adapter.core.workflowConfiguration.Activator)
2022-07-09 04:40:38.739 +0500: INFO - 01-unkn00-1999992 - Info: ADAPTER_PATH = C:\SOA-DEMO\Tomcat\webapps\payment\adapter (Start Level Event Dispatcher, com.corisecio.bsf.adapter.core.workflowConfiguration.Activator)
2022-07-09 04:40:55.173 +0500: INFO - 01-unkn00-1999992 - Info: Starting bsf.adapter.core.workflowConfiguration - Starting HttpServiceTracker (Start Level Event Dispatcher, com.corisecio.bsf.adapter.core.workflowConfiguration.Activator)
2022-07-09 04:40:55.189 +0500: INFO - 01-unkn00-1999992 - Info: Registering web application at /onASConsole/wfm (Start Level Event Dispatcher, com.corisecio.bsf.adapter.core.workflowConfiguration.Activator)
2022-07-09 04:40:55.329 +0500: INFO - 01-unkn00-1999992 - Info: Starting bsf.adapter.core.workflowConfiguration - Starting HttpServiceTracker - done (Start Level Event Dispatcher, com.corisecio.bsf.adapter.core.workflowConfiguration.Activator)
2022-07-09 04:40:55.329 +0500: INFO - 01-unkn00-1999992 - Info: Starting bsf.adapter.core.workflowConfiguration - done (Start Level Event Dispatcher, com.corisecio.bsf.adapter.core.workflowConfiguration.Activator)
2022-07-09 04:40:55.329 +0500: INFO - 01-unkn00-1999992 - Info: Bundlestate for bsf.adapter.core.workflowConfiguration: 32 (Start Level Event Dispatcher, com.corisecio.bsf.adapter.core.main.AdapterManager)
2022-07-09 04:40:55.329 +0500: INFO - 01-unkn00-1999992 - Info: Compiling hibernate mappings... (Start Level Event Dispatcher, com.corisecio.bsf.adapter.persistence.Database)
2022-07-09 04:40:55.532 +0500: INFO - Creating Logger for com.corisecio.bsf.adapter.persistence.ArrayClassLoader (Start Level Event Dispatcher, com.corisecio.bsf.adapter.core.logging.console.ConsoleLoggerFactory)
2022-07-09 04:41:02.144 +0500: INFO - Creating Logger for com.corisecio.bsf.adapter.persistence.PersistentObjectHibernate (Timer-5, com.corisecio.bsf.adapter.core.logging.console.ConsoleLoggerFactory)
2022-07-09 04:41:02.144 +0500: INFO - 01-unkn00-1999992 - Info: Database Reminder (Timer-5, com.corisecio.bsf.adapter.persistence.PersistentObjectHibernate)
2022-07-09 04:41:08.270 +0500: INFO - Creating Logger for com.corisecio.bsf.adapter.core.workflowConfiguration.s (Start Level Event Dispatcher, com.corisecio.bsf.adapter.core.logging.console.ConsoleLoggerFactory)
2022-07-09 04:41:08.270 +0500: INFO - Creating Logger for com.corisecio.bsf.adapter.core.workflowConfiguration.service.e (Start Level Event Dispatcher, com.corisecio.bsf.adapter.core.logging.console.ConsoleLoggerFactory)
2022-07-09 04:41:09.645 +0500: INFO - Creating Logger for com.corisecio.bsf.adapter.core.main.config.AbstractConfigurationService (Start Level Event Dispatcher, com.corisecio.bsf.adapter.core.logging.console.ConsoleLoggerFactory)
2022-07-09 04:41:09.723 +0500: INFO - Creating Logger for com.corisecio.bsf.adapter.soap.httpbridge.Activator (Thread-41, com.corisecio.bsf.adapter.core.logging.console.ConsoleLoggerFactory)
2022-07-09 04:41:09.723 +0500: INFO - 01-htbr01-1300102 - Configuration element ExtractFromRequestInstance added for bundle bsf.adapter.soap.httpbridge  (Thread-41, com.corisecio.bsf.adapter.soap.httpbridge.Activator)
2022-07-09 04:41:09.801 +0500: INFO - 01-htbr01-1300102 - Configuration element EnvelopeRequestInstance added for bundle bsf.adapter.soap.httpbridge  (Thread-42, com.corisecio.bsf.adapter.soap.httpbridge.Activator)
2022-07-09 04:41:09.832 +0500: INFO - 01-unkn00-1999992 - Info: Adding DecryptXPathInstance for bsf.adapter.ws.sb (Thread-43, com.corisecio.bsf.adapter.ws.sb.Activator)
2022-07-09 04:41:09.879 +0500: INFO - Creating Logger for com.corisecio.bsf.sac.connector.role.Activator (Thread-44, com.corisecio.bsf.adapter.core.logging.console.ConsoleLoggerFactory)
2022-07-09 04:41:09.895 +0500: INFO - 01-unkn00-1999992 - Info: Adding SetSecRTEntity for com.corisecio.bsf.sac.connector.role (Thread-44, com.corisecio.bsf.sac.connector.role.Activator)
2022-07-09 04:41:10.082 +0500: INFO - 01-unkn00-1999992 - Info: Adding element Instance for bsf.adapter.http.proxy (Thread-45, com.corisecio.bsf.adapter.http.proxy.Activator)
2022-07-09 04:41:10.129 +0500: INFO - Creating Logger for com.corisecio.bsf.adapter.http.proxy.implementation.HTTPRequestor (Thread-45, com.corisecio.bsf.adapter.core.logging.console.ConsoleLoggerFactory)
2022-07-09 04:41:10.129 +0500: INFO - 01-unkn00-1999992 - Info: Creating Proxy module (http://127.0.0.1:8088) (Thread-45, com.corisecio.bsf.adapter.http.proxy.implementation.HTTPRequestor)
2022-07-09 04:41:10.160 +0500: INFO - 01-unkn00-1999992 - Info: No system proxy configured! (Thread-45, com.corisecio.bsf.adapter.http.proxy.implementation.HTTPRequestor)
2022-07-09 04:41:10.270 +0500: INFO - 01-unkn00-1999992 - Info: Adding workflow for bsf.adapter.core.workflow (Thread-47, com.corisecio.bsf.adapter.core.workflow.Activator)
2022-07-09 04:41:10.285 +0500: INFO - Creating Logger for org.apache.commons.httpclient.HttpConnectionManager (Thread-46, com.corisecio.bsf.adapter.core.logging.console.ConsoleLoggerFactory)
2022-07-09 04:41:10.676 +0500: INFO - 01-unkn00-1999992 - Info: Started HTTP listener on BookStoreVM2:2500 for 1 (Thread-48, com.corisecio.bsf.adapter.http.tomcat.Activator)
2022-07-09 04:41:10.676 +0500: INFO - 01-bacm01-1300002 - Starting bundle bsf.adapter.core.main - done (Start Level Event Dispatcher, com.corisecio.bsf.adapter.core.main.Activator)
2022-07-09 04:41:11.332 +0500: INFO - Creating Logger for com.corisecio.bsf.adapter.core.main.user.BasicUserManagement (Thread-2, com.corisecio.bsf.adapter.core.logging.console.ConsoleLoggerFactory)
2022-07-09 04:44:33.745 +0500: INFO - 01-unkn00-1999992 - Info: Removing 4 for bsf.adapter.ws.sb (Thread-140, com.corisecio.bsf.adapter.ws.sb.Activator)
2022-07-09 04:44:33.745 +0500: INFO - 01-unkn00-1999992 - Info: Removing 6 in bsf.adapter.http.proxy (Thread-142, com.corisecio.bsf.adapter.http.proxy.Activator)
2022-07-09 04:44:33.745 +0500: INFO - 01-unkn00-1999992 - Info: Adding workflow for bsf.adapter.core.workflow (Thread-143, com.corisecio.bsf.adapter.core.workflow.Activator)
2022-07-09 04:44:36.220 +0500: INFO - 01-htbr01-1300102 - Configuration element EnvelopeRequestInstance added for bundle bsf.adapter.soap.httpbridge  (Thread-146, com.corisecio.bsf.adapter.soap.httpbridge.Activator)
2022-07-09 04:44:36.220 +0500: INFO - 01-htbr01-1300102 - Configuration element ExtractFromRequestInstance added for bundle bsf.adapter.soap.httpbridge  (Thread-147, com.corisecio.bsf.adapter.soap.httpbridge.Activator)
2022-07-09 04:44:36.220 +0500: INFO - 01-unkn00-1999992 - Info: Adding element Instance for bsf.adapter.http.proxy (Thread-148, com.corisecio.bsf.adapter.http.proxy.Activator)
2022-07-09 04:44:36.220 +0500: INFO - 01-unkn00-1999992 - Info: Creating Proxy module (http://127.0.0.1:8088) (Thread-148, com.corisecio.bsf.adapter.http.proxy.implementation.HTTPRequestor)
2022-07-09 04:44:36.220 +0500: INFO - 01-unkn00-1999992 - Info: No system proxy configured! (Thread-148, com.corisecio.bsf.adapter.http.proxy.implementation.HTTPRequestor)
2022-07-09 04:44:36.236 +0500: INFO - 01-unkn00-1999992 - Info: Adding workflow for bsf.adapter.core.workflow (Thread-150, com.corisecio.bsf.adapter.core.workflow.Activator)
2022-07-09 04:44:36.236 +0500: INFO - 01-unkn00-1999992 - Info: Started HTTP listener on BookStoreVM2:2500 for 1 (Thread-151, com.corisecio.bsf.adapter.http.tomcat.Activator)
2022-07-09 04:47:49.465 +0500: INFO - Creating Logger for com.corisecio.bsf.adapter.http.tomcat.listener.TomcatListener (http-2500-1, com.corisecio.bsf.adapter.core.logging.console.ConsoleLoggerFactory)
2022-07-09 04:47:49.465 +0500: INFO - 01-unkn00-1999992 - Info: 200 Getting request, method = POST, uri = /WSDemo/ws3receiver (http-2500-1, com.corisecio.bsf.adapter.http.tomcat.listener.TomcatListener)
2022-07-09 04:47:51.090 +0500: INFO - 01-unkn00-1999992 - Info: 600 Response returned, status = 200 (http-2500-1, com.corisecio.bsf.adapter.http.tomcat.listener.TomcatListener)
2022-07-09 04:49:53.314 +0500: INFO - 01-unkn00-1999992 - Info: 200 Getting request, method = POST, uri = /WSDemo/ws3receiver (http-2500-1, com.corisecio.bsf.adapter.http.tomcat.listener.TomcatListener)
2022-07-09 04:49:53.346 +0500: INFO - 01-unkn00-1999992 - Info: 600 Response returned, status = 200 (http-2500-1, com.corisecio.bsf.adapter.http.tomcat.listener.TomcatListener)
