2022-07-02 00:02:39.004 +0500: INFO - 01-bacm01-1300003 - Stopping bundle bsf.adapter.core.main (main, com.corisecio.bsf.adapter.core.main.Activator)
2022-07-02 00:02:39.004 +0500: INFO - 01-unkn00-1999992 - Info: Shutting down .... (main, com.corisecio.bsf.adapter.core.main.AdapterManager)
2022-07-02 00:02:39.004 +0500: INFO - 01-unkn00-1999992 - Info: Stopping Bundles ............................. (main, com.corisecio.bsf.adapter.core.main.AdapterManager)
2022-07-02 00:02:39.004 +0500: INFO - 01-bcor01-1300003 - Stopping bundle com.corisecio.bsf.skm.mrt (main, com.corisecio.bsf.adapter.core.main.Activator)
2022-07-02 00:02:39.004 +0500: INFO - 01-bcor01-1300004 - Stopping bundle com.corisecio.bsf.skm.mrt - done (main, com.corisecio.bsf.adapter.core.main.Activator)
2022-07-02 00:02:39.020 +0500: INFO - 01-bcor01-1300003 - Stopping bundle com.corisecio.bsf.skm.enterprise.mrt (main, com.corisecio.bsf.adapter.core.main.Activator)
2022-07-02 00:02:39.020 +0500: INFO - 01-bcor01-1300004 - Stopping bundle com.corisecio.bsf.skm.enterprise.mrt - done (main, com.corisecio.bsf.adapter.core.main.Activator)
2022-07-02 00:02:39.020 +0500: INFO - 05-pers01-1300003 - Stopping bundle com.corisecio.bsf.skm.enterprise.base (main, com.corisecio.bsf.adapter.core.main.Activator)
2022-07-02 00:02:39.020 +0500: INFO - 05-pers01-1300004 - Stopping bundle com.corisecio.bsf.skm.enterprise.base - done (main, com.corisecio.bsf.adapter.core.main.Activator)
2022-07-02 00:02:39.035 +0500: INFO - 01-scex01-1300003 - Stopping bundle com.corisecio.bsf.sin.sce (main, com.corisecio.bsf.adapter.core.main.Activator)
2022-07-02 00:02:39.035 +0500: INFO - 01-scex01-1300004 - Stopping bundle com.corisecio.bsf.sin.sce - done (main, com.corisecio.bsf.adapter.core.main.Activator)
2022-07-02 00:02:39.129 +0500: INFO - 01-bcor01-1300003 - Stopping bundle com.corisecio.bsf.sem.role.mrt (main, com.corisecio.bsf.adapter.core.main.Activator)
2022-07-02 00:02:39.145 +0500: INFO - 01-bcor01-1300004 - Stopping bundle com.corisecio.bsf.sem.role.mrt - done (main, com.corisecio.bsf.adapter.core.main.Activator)
2022-07-02 00:02:39.145 +0500: INFO - 01-bcor01-1300003 - Stopping bundle com.corisecio.bsf.sem.user.mrt (main, com.corisecio.bsf.adapter.core.main.Activator)
2022-07-02 00:02:39.145 +0500: INFO - 01-bcor01-1300004 - Stopping bundle com.corisecio.bsf.sem.user.mrt - done (main, com.corisecio.bsf.adapter.core.main.Activator)
2022-07-02 00:02:39.160 +0500: INFO - 01-bcor01-1300003 - Stopping bundle com.corisecio.bsf.sin.filestore (main, com.corisecio.bsf.adapter.core.main.Activator)
2022-07-02 00:02:39.160 +0500: INFO - 01-bcor01-1300004 - Stopping bundle com.corisecio.bsf.sin.filestore - done (main, com.corisecio.bsf.adapter.core.main.Activator)
2022-07-02 00:02:39.182 +0500: INFO - 75-xmlg01-1300003 - Stopping bundle com.corisecio.bsf.sad.xmlgateway.functions (main, com.corisecio.bsf.adapter.core.main.Activator)
2022-07-02 00:02:39.182 +0500: INFO - 75-xmlg01-1300004 - Stopping bundle com.corisecio.bsf.sad.xmlgateway.functions - done (main, com.corisecio.bsf.adapter.core.main.Activator)
2022-07-02 00:02:39.191 +0500: INFO - 01-rol101-1300003 - Stopping bundle com.corisecio.bsf.sac.connector.role (main, com.corisecio.bsf.adapter.core.main.Activator)
2022-07-02 00:02:39.191 +0500: INFO - 01-rol101-1300004 - Stopping bundle com.corisecio.bsf.sac.connector.role - done (main, com.corisecio.bsf.adapter.core.main.Activator)
2022-07-02 00:02:39.254 +0500: INFO - 01-bcor01-1300003 - Stopping bundle com.corisecio.bsf.icm.mrt (main, com.corisecio.bsf.adapter.core.main.Activator)
2022-07-02 00:02:39.254 +0500: INFO - 01-bcor01-1300004 - Stopping bundle com.corisecio.bsf.icm.mrt - done (main, com.corisecio.bsf.adapter.core.main.Activator)
2022-07-02 00:02:39.254 +0500: INFO - 75-dose01-1300003 - Stopping bundle com.corisecio.bsf.docs.secRT (main, com.corisecio.bsf.adapter.core.main.Activator)
2022-07-02 00:02:39.254 +0500: INFO - 75-dose01-1300004 - Stopping bundle com.corisecio.bsf.docs.secRT - done (main, com.corisecio.bsf.adapter.core.main.Activator)
2022-07-02 00:02:39.270 +0500: INFO - 75-dose01-1300003 - Stopping bundle com.corisecio.bsf.docs.secRT (main, com.corisecio.bsf.adapter.core.main.Activator)
2022-07-02 00:02:39.270 +0500: INFO - 75-dose01-1300004 - Stopping bundle com.corisecio.bsf.docs.secRT - done (main, com.corisecio.bsf.adapter.core.main.Activator)
2022-07-02 00:02:39.426 +0500: INFO - 75-dose01-1300003 - Stopping bundle com.corisecio.bsf.docs.secRT (main, com.corisecio.bsf.adapter.core.main.Activator)
2022-07-02 00:02:39.441 +0500: INFO - 75-dose01-1300004 - Stopping bundle com.corisecio.bsf.docs.secRT - done (main, com.corisecio.bsf.adapter.core.main.Activator)
2022-07-02 00:02:39.441 +0500: INFO - 75-xmlf01-1300003 - Stopping bundle com.corisecio.bsf.adapter.soap.xml.firewall (main, com.corisecio.bsf.adapter.core.main.Activator)
2022-07-02 00:02:39.441 +0500: INFO - 75-xmlf01-1300004 - Stopping bundle com.corisecio.bsf.adapter.soap.xml.firewall - done (main, com.corisecio.bsf.adapter.core.main.Activator)
2022-07-02 00:02:39.441 +0500: INFO - 01-bcor01-1300003 - Stopping bundle com.corisecio.bsf.adapter.mcl.ws (main, com.corisecio.bsf.adapter.core.main.Activator)
2022-07-02 00:02:39.441 +0500: INFO - 01-bcor01-1300004 - Stopping bundle com.corisecio.bsf.adapter.mcl.ws - done (main, com.corisecio.bsf.adapter.core.main.Activator)
2022-07-02 00:02:39.457 +0500: INFO - 01-wssb01-1300003 - Stopping bundle bsf.adapter.ws.sb (main, com.corisecio.bsf.adapter.core.main.Activator)
2022-07-02 00:02:39.457 +0500: INFO - 01-wssb01-1300004 - Stopping bundle bsf.adapter.ws.sb - done (main, com.corisecio.bsf.adapter.core.main.Activator)
2022-07-02 00:02:39.566 +0500: INFO - 05-xkms01-1300003 - Stopping bundle bsf.adapter.soap.xkms (main, com.corisecio.bsf.adapter.core.main.Activator)
2022-07-02 00:02:39.566 +0500: INFO - 05-xkms01-1300004 - Stopping bundle bsf.adapter.soap.xkms - done (main, com.corisecio.bsf.adapter.core.main.Activator)
2022-07-02 00:02:39.566 +0500: INFO - 01-wsse01-1300003 - Stopping bundle bsf.adapter.ws.wss (main, com.corisecio.bsf.adapter.core.main.Activator)
2022-07-02 00:02:39.566 +0500: INFO - 01-wsse01-1300004 - Stopping bundle bsf.adapter.ws.wss - done (main, com.corisecio.bsf.adapter.core.main.Activator)
2022-07-02 00:02:39.582 +0500: INFO - 05-xml101-1300003 - Stopping bundle com.corisecio.bsf.sin.connector.utils.xml (main, com.corisecio.bsf.adapter.core.main.Activator)
2022-07-02 00:02:39.582 +0500: INFO - 05-xml101-1300004 - Stopping bundle com.corisecio.bsf.sin.connector.utils.xml - done (main, com.corisecio.bsf.adapter.core.main.Activator)
2022-07-02 00:02:39.613 +0500: INFO - 01-reco01-1300003 - Stopping bundle bsf.adapter.soap.httprecorder (main, com.corisecio.bsf.adapter.core.main.Activator)
2022-07-02 00:02:39.613 +0500: INFO - 01-reco01-1300004 - Stopping bundle bsf.adapter.soap.httprecorder - done (main, com.corisecio.bsf.adapter.core.main.Activator)
2022-07-02 00:02:39.613 +0500: INFO - 01-htbr01-1300003 - Stopping bundle bsf.adapter.soap.httpbridge (main, com.corisecio.bsf.adapter.core.main.Activator)
2022-07-02 00:02:39.613 +0500: INFO - 01-htbr01-1300004 - Stopping bundle bsf.adapter.soap.httpbridge - done (main, com.corisecio.bsf.adapter.core.main.Activator)
2022-07-02 00:02:39.613 +0500: INFO - 05-sam201-1300003 - Stopping bundle bsf.adapter.saml.sb (main, com.corisecio.bsf.adapter.core.main.Activator)
2022-07-02 00:02:39.613 +0500: INFO - 05-sam201-1300004 - Stopping bundle bsf.adapter.saml.sb - done (main, com.corisecio.bsf.adapter.core.main.Activator)
2022-07-02 00:02:39.629 +0500: INFO - 01-unkn00-1999992 - Info: Stopping com.corisecio.bsf.adapter.http.tomcat (main, com.corisecio.bsf.adapter.http.tomcat.Activator)
2022-07-02 00:02:39.629 +0500: INFO - 01-unkn00-1999992 - Info: Stopping com.corisecio.bsf.adapter.http.tomcat - done (main, com.corisecio.bsf.adapter.http.tomcat.Activator)
2022-07-02 00:02:39.645 +0500: INFO - 01-prox01-1300003 - Stopping bundle bsf.adapter.http.proxy (main, com.corisecio.bsf.adapter.core.main.Activator)
2022-07-02 00:02:39.645 +0500: INFO - 01-prox01-1300004 - Stopping bundle bsf.adapter.http.proxy - done (main, com.corisecio.bsf.adapter.core.main.Activator)
2022-07-02 00:02:39.645 +0500: INFO - 01-unkn00-1999992 - Info: Stopping bsf.adapter.core.workflowConfiguration (main, com.corisecio.bsf.adapter.core.workflowConfiguration.Activator)
2022-07-02 00:02:39.645 +0500: INFO - 01-unkn00-1999992 - Info: Stopping bsf.adapter.core.workflowConfiguration - done (main, com.corisecio.bsf.adapter.core.workflowConfiguration.Activator)
2022-07-02 00:02:39.645 +0500: INFO - 05-pers01-1300003 - Stopping bundle com.corisecio.bsf.sin.onASConsole (main, com.corisecio.bsf.adapter.core.main.Activator)
2022-07-02 00:02:39.645 +0500: INFO - 05-pers01-1300004 - Stopping bundle com.corisecio.bsf.sin.onASConsole - done (main, com.corisecio.bsf.adapter.core.main.Activator)
2022-07-02 00:02:39.660 +0500: INFO - 05-pers01-1300003 - Stopping bundle com.corisecio.bsf.skm.base (main, com.corisecio.bsf.adapter.core.main.Activator)
2022-07-02 00:02:39.660 +0500: INFO - 05-pers01-1300004 - Stopping bundle com.corisecio.bsf.skm.base - done (main, com.corisecio.bsf.adapter.core.main.Activator)
2022-07-02 00:02:39.754 +0500: INFO - 01-unkn00-1999992 - Info: Database shut down normally (main, com.corisecio.bsf.adapter.persistence.Activator)
2022-07-02 00:02:39.785 +0500: INFO - 01-unkn00-1999992 - Info: Stopping bsf.adapter.core.workflow (main, com.corisecio.bsf.adapter.core.workflow.Activator)
2022-07-02 00:02:39.785 +0500: INFO - 01-unkn00-1999992 - Info: Stopping bsf.adapter.core.workflow - done (main, com.corisecio.bsf.adapter.core.workflow.Activator)
2022-07-02 00:02:39.785 +0500: INFO - 01-unkn00-1999992 - Info: Stoppig com.corisecio.bsf.adapter.util.crypto (main, com.corisecio.bsf.adapter.util.crypto.Activator)
2022-07-02 00:02:39.785 +0500: INFO - 01-unkn00-1999992 - Info: Stoppig com.corisecio.bsf.adapter.util.crypto - done (main, com.corisecio.bsf.adapter.util.crypto.Activator)
2022-07-02 00:02:39.785 +0500: INFO - 05-bahb01-1300003 - Stopping bundle bsf.adapter.http.base (main, com.corisecio.bsf.adapter.core.main.Activator)
2022-07-02 00:02:39.785 +0500: INFO - 05-bahb01-1300004 - Stopping bundle bsf.adapter.http.base - done (main, com.corisecio.bsf.adapter.core.main.Activator)
2022-07-02 00:02:39.801 +0500: INFO - 01-unkn00-1999992 - Info: Stopping ... gc (Thread-24, com.corisecio.bsf.adapter.http.base.GC)
2022-07-02 00:02:39.801 +0500: INFO - 01-unkn00-1999992 - Info: Stopping Bundles ............................. DONE (main, com.corisecio.bsf.adapter.core.main.AdapterManager)
2022-07-02 00:02:39.801 +0500: INFO - 01-unkn00-1999992 - Info: Unregister KeyStoreService... (main, com.corisecio.bsf.adapter.core.main.Activator)
2022-07-02 00:02:39.801 +0500: INFO - 01-bacm01-1300004 - Stopping bundle bsf.adapter.core.main - done (main, com.corisecio.bsf.adapter.core.main.Activator)
2022-07-02 00:02:39.801 +0500: INFO - 01-bsca01-1300003 - Stopping bundle ${0} (main, com.corisecio.bsf.adapter.core.adapter.Activator)
2022-07-02 00:02:39.801 +0500: INFO - 01-bsca01-1300004 - Stopping bundle ${0} - done (main, com.corisecio.bsf.adapter.core.adapter.Activator)
2022-07-02 00:02:39.801 +0500: INFO - 01-bacl01-1300003 - Stopping bundle bsf.adapter.core.logging (main, com.corisecio.bsf.adapter.core.logging.Activator)
2022-07-02 00:02:39.801 +0500: INFO - 01-bacl01-1300004 - Stopping bundle bsf.adapter.core.logging - done (main, com.corisecio.bsf.adapter.core.logging.Activator)
2022-07-02 00:02:39.801 +0500: WARN - shutting down logging system.... (main, com.corisecio.bsf.adapter.core.logging.console.ConsoleLoggerFactory)
